#! /usr/local/Cellar/icarus-verilog/10.2/bin/vvp
:ivl_version "10.2 (stable)" "(v10_2)";
:ivl_delay_selection "TYPICAL";
:vpi_time_precision - 12;
:vpi_module "system";
:vpi_module "vhdl_sys";
:vpi_module "v2005_math";
:vpi_module "va_math";
S_0x7ffe17c51ae0 .scope module, "testbench_l5" "testbench_l5" 2 3;
 .timescale -9 -12;
v0x7ffe17c627b0_0 .var "CLK", 0 0;
v0x7ffe17c62840_0 .net "currentFloor1", 3 0, v0x7ffe17c61c30_0;  1 drivers
v0x7ffe17c628d0_0 .net "currentFloor2", 3 0, v0x7ffe17c61cd0_0;  1 drivers
v0x7ffe17c62980_0 .net "doorOpen1", 0 0, v0x7ffe17c61d80_0;  1 drivers
v0x7ffe17c62a30_0 .net "doorOpen2", 0 0, v0x7ffe17c61e20_0;  1 drivers
v0x7ffe17c62b00_0 .net "listBusy", 0 0, v0x7ffe17c62110_0;  1 drivers
v0x7ffe17c62b90_0 .net "listingLeds", 3 0, v0x7ffe17c62220_0;  1 drivers
v0x7ffe17c62c20_0 .var "mode", 1 0;
v0x7ffe17c62cd0_0 .var "request", 3 0;
v0x7ffe17c62e00_0 .var/i "result", 31 0;
v0x7ffe17c62e90_0 .net "state", 0 0, v0x7ffe17c62420_0;  1 drivers
S_0x7ffe17c51c40 .scope module, "uut" "Elevator" 2 17, 3 3 0, S_0x7ffe17c51ae0;
 .timescale -9 -12;
    .port_info 0 /INPUT 1 "CLK"
    .port_info 1 /INPUT 2 "mode"
    .port_info 2 /INPUT 4 "request"
    .port_info 3 /OUTPUT 4 "currentFloor1"
    .port_info 4 /OUTPUT 4 "currentFloor2"
    .port_info 5 /OUTPUT 1 "doorOpen1"
    .port_info 6 /OUTPUT 1 "doorOpen2"
    .port_info 7 /OUTPUT 4 "listingLeds"
    .port_info 8 /OUTPUT 1 "listBusy"
    .port_info 9 /OUTPUT 1 "state"
v0x7ffe17c51e90_0 .net "CLK", 0 0, v0x7ffe17c627b0_0;  1 drivers
v0x7ffe17c61c30_0 .var "currentFloor1", 3 0;
v0x7ffe17c61cd0_0 .var "currentFloor2", 3 0;
v0x7ffe17c61d80_0 .var "doorOpen1", 0 0;
v0x7ffe17c61e20_0 .var "doorOpen2", 0 0;
v0x7ffe17c61f00_0 .var/i "flag", 31 0;
v0x7ffe17c61fb0_0 .var/i "i", 31 0;
v0x7ffe17c62060_0 .var/i "j", 31 0;
v0x7ffe17c62110_0 .var "listBusy", 0 0;
v0x7ffe17c62220_0 .var "listingLeds", 3 0;
v0x7ffe17c622c0_0 .net "mode", 1 0, v0x7ffe17c62c20_0;  1 drivers
v0x7ffe17c62370_0 .net "request", 3 0, v0x7ffe17c62cd0_0;  1 drivers
v0x7ffe17c62420_0 .var "state", 0 0;
v0x7ffe17c624c0_0 .var "task1", 3 0;
v0x7ffe17c62570_0 .var "task2", 3 0;
v0x7ffe17c62620 .array "taskPool", 7 0, 3 0;
E_0x7ffe17c03180 .event posedge, v0x7ffe17c51e90_0;
    .scope S_0x7ffe17c51c40;
T_0 ;
    %pushi/vec4 0, 0, 32;
    %store/vec4 v0x7ffe17c61fb0_0, 0, 32;
    %pushi/vec4 0, 0, 32;
    %store/vec4 v0x7ffe17c62060_0, 0, 32;
    %pushi/vec4 0, 0, 32;
    %store/vec4 v0x7ffe17c61f00_0, 0, 32;
    %end;
    .thread T_0;
    .scope S_0x7ffe17c51c40;
T_1 ;
    %pushi/vec4 1, 0, 4;
    %store/vec4 v0x7ffe17c61c30_0, 0, 4;
    %pushi/vec4 1, 0, 4;
    %store/vec4 v0x7ffe17c61cd0_0, 0, 4;
    %pushi/vec4 1, 0, 1;
    %store/vec4 v0x7ffe17c61d80_0, 0, 1;
    %pushi/vec4 1, 0, 1;
    %store/vec4 v0x7ffe17c61e20_0, 0, 1;
    %pushi/vec4 0, 0, 4;
    %store/vec4 v0x7ffe17c62220_0, 0, 4;
    %pushi/vec4 0, 0, 1;
    %store/vec4 v0x7ffe17c62110_0, 0, 1;
    %pushi/vec4 0, 0, 1;
    %store/vec4 v0x7ffe17c62420_0, 0, 1;
    %pushi/vec4 0, 0, 32;
    %store/vec4 v0x7ffe17c61fb0_0, 0, 32;
T_1.0 ;
    %load/vec4 v0x7ffe17c61fb0_0;
    %cmpi/s 8, 0, 32;
    %jmp/0xz T_1.1, 5;
    %pushi/vec4 0, 0, 4;
    %ix/getv/s 4, v0x7ffe17c61fb0_0;
    %store/vec4a v0x7ffe17c62620, 4, 0;
    %load/vec4 v0x7ffe17c61fb0_0;
    %addi 1, 0, 32;
    %store/vec4 v0x7ffe17c61fb0_0, 0, 32;
    %jmp T_1.0;
T_1.1 ;
    %end;
    .thread T_1;
    .scope S_0x7ffe17c51c40;
T_2 ;
    %wait E_0x7ffe17c03180;
    %load/vec4 v0x7ffe17c622c0_0;
    %cmpi/e 0, 0, 2;
    %jmp/0xz  T_2.0, 4;
    %pushi/vec4 0, 0, 1;
    %store/vec4 v0x7ffe17c62420_0, 0, 1;
    %pushi/vec4 0, 0, 32;
    %store/vec4 v0x7ffe17c61f00_0, 0, 32;
    %pushi/vec4 0, 0, 1;
    %store/vec4 v0x7ffe17c62110_0, 0, 1;
    %pushi/vec4 0, 0, 32;
    %store/vec4 v0x7ffe17c61fb0_0, 0, 32;
T_2.2 ;
    %load/vec4 v0x7ffe17c61fb0_0;
    %cmpi/s 8, 0, 32;
    %jmp/0xz T_2.3, 5;
    %ix/getv/s 4, v0x7ffe17c61fb0_0;
    %load/vec4a v0x7ffe17c62620, 4;
    %load/vec4 v0x7ffe17c62370_0;
    %cmp/e;
    %jmp/0xz  T_2.4, 4;
    %pushi/vec4 1, 0, 32;
    %store/vec4 v0x7ffe17c61f00_0, 0, 32;
T_2.4 ;
    %load/vec4 v0x7ffe17c61fb0_0;
    %addi 1, 0, 32;
    %store/vec4 v0x7ffe17c61fb0_0, 0, 32;
    %jmp T_2.2;
T_2.3 ;
    %load/vec4 v0x7ffe17c61f00_0;
    %cmpi/e 0, 0, 32;
    %jmp/0xz  T_2.6, 4;
    %pushi/vec4 0, 0, 32;
    %store/vec4 v0x7ffe17c61fb0_0, 0, 32;
T_2.8 ;
    %load/vec4 v0x7ffe17c61fb0_0;
    %cmpi/s 8, 0, 32;
    %jmp/0xz T_2.9, 5;
    %ix/getv/s 4, v0x7ffe17c61fb0_0;
    %load/vec4a v0x7ffe17c62620, 4;
    %cmpi/e 0, 0, 4;
    %jmp/0xz  T_2.10, 4;
    %load/vec4 v0x7ffe17c62370_0;
    %ix/getv/s 4, v0x7ffe17c61fb0_0;
    %store/vec4a v0x7ffe17c62620, 4, 0;
    %pushi/vec4 8, 0, 32;
    %store/vec4 v0x7ffe17c61fb0_0, 0, 32;
T_2.10 ;
    %load/vec4 v0x7ffe17c61fb0_0;
    %addi 1, 0, 32;
    %store/vec4 v0x7ffe17c61fb0_0, 0, 32;
    %jmp T_2.8;
T_2.9 ;
T_2.6 ;
    %jmp T_2.1;
T_2.0 ;
    %load/vec4 v0x7ffe17c622c0_0;
    %cmpi/e 1, 0, 2;
    %jmp/0xz  T_2.12, 4;
    %pushi/vec4 0, 0, 1;
    %store/vec4 v0x7ffe17c62420_0, 0, 1;
    %pushi/vec4 1, 0, 1;
    %store/vec4 v0x7ffe17c62110_0, 0, 1;
    %pushi/vec4 0, 0, 32;
    %store/vec4 v0x7ffe17c61fb0_0, 0, 32;
T_2.14 ;
    %load/vec4 v0x7ffe17c61fb0_0;
    %cmpi/s 8, 0, 32;
    %jmp/0xz T_2.15, 5;
    %ix/getv/s 4, v0x7ffe17c61fb0_0;
    %load/vec4a v0x7ffe17c62620, 4;
    %cmpi/ne 0, 0, 4;
    %jmp/0xz  T_2.16, 4;
    %ix/getv/s 4, v0x7ffe17c61fb0_0;
    %load/vec4a v0x7ffe17c62620, 4;
    %load/vec4 v0x7ffe17c62220_0;
    %cmp/e;
    %jmp/0xz  T_2.18, 4;
    %load/vec4 v0x7ffe17c61fb0_0;
    %cmpi/e 7, 0, 32;
    %jmp/0xz  T_2.20, 4;
    %pushi/vec4 0, 0, 1;
    %store/vec4 v0x7ffe17c62110_0, 0, 1;
    %pushi/vec4 0, 0, 4;
    %store/vec4 v0x7ffe17c62220_0, 0, 4;
    %pushi/vec4 8, 0, 32;
    %store/vec4 v0x7ffe17c61fb0_0, 0, 32;
    %jmp T_2.21;
T_2.20 ;
    %load/vec4 v0x7ffe17c61fb0_0;
    %pad/s 33;
    %addi 1, 0, 33;
    %ix/vec4/s 4;
    %load/vec4a v0x7ffe17c62620, 4;
    %cmpi/ne 0, 0, 4;
    %jmp/0xz  T_2.22, 4;
    %load/vec4 v0x7ffe17c61fb0_0;
    %pad/s 33;
    %addi 1, 0, 33;
    %ix/vec4/s 4;
    %load/vec4a v0x7ffe17c62620, 4;
    %store/vec4 v0x7ffe17c62220_0, 0, 4;
    %pushi/vec4 8, 0, 32;
    %store/vec4 v0x7ffe17c61fb0_0, 0, 32;
    %jmp T_2.23;
T_2.22 ;
    %pushi/vec4 0, 0, 1;
    %store/vec4 v0x7ffe17c62110_0, 0, 1;
    %pushi/vec4 0, 0, 4;
    %store/vec4 v0x7ffe17c62220_0, 0, 4;
    %pushi/vec4 8, 0, 32;
    %store/vec4 v0x7ffe17c61fb0_0, 0, 32;
T_2.23 ;
T_2.21 ;
    %jmp T_2.19;
T_2.18 ;
    %load/vec4 v0x7ffe17c61fb0_0;
    %pushi/vec4 0, 0, 32;
    %cmp/e;
    %flag_get/vec4 4;
    %load/vec4 v0x7ffe17c62220_0;
    %pushi/vec4 0, 0, 4;
    %cmp/e;
    %flag_get/vec4 4;
    %and;
    %flag_set/vec4 8;
    %jmp/0xz  T_2.24, 8;
    %ix/getv/s 4, v0x7ffe17c61fb0_0;
    %load/vec4a v0x7ffe17c62620, 4;
    %store/vec4 v0x7ffe17c62220_0, 0, 4;
    %pushi/vec4 8, 0, 32;
    %store/vec4 v0x7ffe17c61fb0_0, 0, 32;
T_2.24 ;
T_2.19 ;
    %jmp T_2.17;
T_2.16 ;
    %pushi/vec4 0, 0, 1;
    %store/vec4 v0x7ffe17c62110_0, 0, 1;
    %pushi/vec4 0, 0, 4;
    %store/vec4 v0x7ffe17c62220_0, 0, 4;
    %pushi/vec4 8, 0, 32;
    %store/vec4 v0x7ffe17c61fb0_0, 0, 32;
T_2.17 ;
    %load/vec4 v0x7ffe17c61fb0_0;
    %addi 1, 0, 32;
    %store/vec4 v0x7ffe17c61fb0_0, 0, 32;
    %jmp T_2.14;
T_2.15 ;
    %jmp T_2.13;
T_2.12 ;
    %load/vec4 v0x7ffe17c622c0_0;
    %cmpi/e 2, 0, 2;
    %jmp/0xz  T_2.26, 4;
    %pushi/vec4 0, 0, 1;
    %store/vec4 v0x7ffe17c62420_0, 0, 1;
    %pushi/vec4 0, 0, 1;
    %store/vec4 v0x7ffe17c62110_0, 0, 1;
    %pushi/vec4 0, 0, 32;
    %store/vec4 v0x7ffe17c61fb0_0, 0, 32;
T_2.28 ;
    %load/vec4 v0x7ffe17c61fb0_0;
    %cmpi/s 8, 0, 32;
    %jmp/0xz T_2.29, 5;
    %ix/getv/s 4, v0x7ffe17c61fb0_0;
    %load/vec4a v0x7ffe17c62620, 4;
    %load/vec4 v0x7ffe17c62370_0;
    %cmp/e;
    %jmp/0xz  T_2.30, 4;
    %pushi/vec4 0, 0, 4;
    %ix/getv/s 4, v0x7ffe17c61fb0_0;
    %store/vec4a v0x7ffe17c62620, 4, 0;
    %load/vec4 v0x7ffe17c61fb0_0;
    %store/vec4 v0x7ffe17c62060_0, 0, 32;
T_2.32 ;
    %load/vec4 v0x7ffe17c62060_0;
    %cmpi/s 7, 0, 32;
    %jmp/0xz T_2.33, 5;
    %load/vec4 v0x7ffe17c62060_0;
    %pad/s 33;
    %addi 1, 0, 33;
    %ix/vec4/s 4;
    %load/vec4a v0x7ffe17c62620, 4;
    %ix/getv/s 4, v0x7ffe17c62060_0;
    %store/vec4a v0x7ffe17c62620, 4, 0;
    %load/vec4 v0x7ffe17c62060_0;
    %addi 1, 0, 32;
    %store/vec4 v0x7ffe17c62060_0, 0, 32;
    %jmp T_2.32;
T_2.33 ;
    %pushi/vec4 0, 0, 4;
    %ix/load 4, 7, 0;
    %flag_set/imm 4, 0;
    %store/vec4a v0x7ffe17c62620, 4, 0;
    %pushi/vec4 7, 0, 32;
    %store/vec4 v0x7ffe17c61fb0_0, 0, 32;
T_2.30 ;
    %load/vec4 v0x7ffe17c61fb0_0;
    %addi 1, 0, 32;
    %store/vec4 v0x7ffe17c61fb0_0, 0, 32;
    %jmp T_2.28;
T_2.29 ;
    %jmp T_2.27;
T_2.26 ;
    %pushi/vec4 0, 0, 1;
    %store/vec4 v0x7ffe17c62110_0, 0, 1;
    %load/vec4 v0x7ffe17c62420_0;
    %pad/u 32;
    %cmpi/e 0, 0, 32;
    %jmp/0xz  T_2.34, 4;
    %ix/load 4, 0, 0;
    %flag_set/imm 4, 0;
    %load/vec4a v0x7ffe17c62620, 4;
    %pushi/vec4 0, 0, 4;
    %cmp/e;
    %flag_get/vec4 4;
    %inv;
    %ix/load 4, 1, 0;
    %flag_set/imm 4, 0;
    %load/vec4a v0x7ffe17c62620, 4;
    %pushi/vec4 0, 0, 4;
    %cmp/e;
    %flag_get/vec4 4;
    %inv;
    %and;
    %flag_set/vec4 8;
    %jmp/0xz  T_2.36, 8;
    %ix/load 4, 0, 0;
    %flag_set/imm 4, 0;
    %load/vec4a v0x7ffe17c62620, 4;
    %store/vec4 v0x7ffe17c624c0_0, 0, 4;
    %pushi/vec4 0, 0, 32;
    %store/vec4 v0x7ffe17c61fb0_0, 0, 32;
T_2.38 ;
    %load/vec4 v0x7ffe17c61fb0_0;
    %cmpi/s 7, 0, 32;
    %jmp/0xz T_2.39, 5;
    %load/vec4 v0x7ffe17c61fb0_0;
    %pad/s 33;
    %addi 1, 0, 33;
    %ix/vec4/s 4;
    %load/vec4a v0x7ffe17c62620, 4;
    %ix/getv/s 4, v0x7ffe17c61fb0_0;
    %store/vec4a v0x7ffe17c62620, 4, 0;
    %load/vec4 v0x7ffe17c61fb0_0;
    %addi 1, 0, 32;
    %store/vec4 v0x7ffe17c61fb0_0, 0, 32;
    %jmp T_2.38;
T_2.39 ;
    %pushi/vec4 0, 0, 4;
    %ix/load 4, 7, 0;
    %flag_set/imm 4, 0;
    %store/vec4a v0x7ffe17c62620, 4, 0;
    %ix/load 4, 0, 0;
    %flag_set/imm 4, 0;
    %load/vec4a v0x7ffe17c62620, 4;
    %store/vec4 v0x7ffe17c62570_0, 0, 4;
    %pushi/vec4 0, 0, 32;
    %store/vec4 v0x7ffe17c61fb0_0, 0, 32;
T_2.40 ;
    %load/vec4 v0x7ffe17c61fb0_0;
    %cmpi/s 7, 0, 32;
    %jmp/0xz T_2.41, 5;
    %load/vec4 v0x7ffe17c61fb0_0;
    %pad/s 33;
    %addi 1, 0, 33;
    %ix/vec4/s 4;
    %load/vec4a v0x7ffe17c62620, 4;
    %ix/getv/s 4, v0x7ffe17c61fb0_0;
    %store/vec4a v0x7ffe17c62620, 4, 0;
    %load/vec4 v0x7ffe17c61fb0_0;
    %addi 1, 0, 32;
    %store/vec4 v0x7ffe17c61fb0_0, 0, 32;
    %jmp T_2.40;
T_2.41 ;
    %pushi/vec4 0, 0, 4;
    %ix/load 4, 7, 0;
    %flag_set/imm 4, 0;
    %store/vec4a v0x7ffe17c62620, 4, 0;
    %load/vec4 v0x7ffe17c61c30_0;
    %load/vec4 v0x7ffe17c624c0_0;
    %cmp/u;
    %jmp/0xz  T_2.42, 5;
    %pushi/vec4 0, 0, 1;
    %store/vec4 v0x7ffe17c61d80_0, 0, 1;
    %load/vec4 v0x7ffe17c61c30_0;
    %addi 1, 0, 4;
    %store/vec4 v0x7ffe17c61c30_0, 0, 4;
    %jmp T_2.43;
T_2.42 ;
    %load/vec4 v0x7ffe17c624c0_0;
    %load/vec4 v0x7ffe17c61c30_0;
    %cmp/u;
    %jmp/0xz  T_2.44, 5;
    %pushi/vec4 0, 0, 1;
    %store/vec4 v0x7ffe17c61d80_0, 0, 1;
    %load/vec4 v0x7ffe17c61c30_0;
    %subi 1, 0, 4;
    %store/vec4 v0x7ffe17c61c30_0, 0, 4;
T_2.44 ;
T_2.43 ;
    %load/vec4 v0x7ffe17c61cd0_0;
    %load/vec4 v0x7ffe17c62570_0;
    %cmp/u;
    %jmp/0xz  T_2.46, 5;
    %pushi/vec4 0, 0, 1;
    %store/vec4 v0x7ffe17c61e20_0, 0, 1;
    %load/vec4 v0x7ffe17c61cd0_0;
    %addi 1, 0, 4;
    %store/vec4 v0x7ffe17c61cd0_0, 0, 4;
    %jmp T_2.47;
T_2.46 ;
    %load/vec4 v0x7ffe17c62570_0;
    %load/vec4 v0x7ffe17c61cd0_0;
    %cmp/u;
    %jmp/0xz  T_2.48, 5;
    %pushi/vec4 0, 0, 1;
    %store/vec4 v0x7ffe17c61e20_0, 0, 1;
    %load/vec4 v0x7ffe17c61cd0_0;
    %subi 1, 0, 4;
    %store/vec4 v0x7ffe17c61cd0_0, 0, 4;
T_2.48 ;
T_2.47 ;
    %pushi/vec4 1, 0, 1;
    %store/vec4 v0x7ffe17c62420_0, 0, 1;
    %jmp T_2.37;
T_2.36 ;
    %ix/load 4, 0, 0;
    %flag_set/imm 4, 0;
    %load/vec4a v0x7ffe17c62620, 4;
    %pushi/vec4 0, 0, 4;
    %cmp/e;
    %flag_get/vec4 4;
    %inv;
    %ix/load 4, 1, 0;
    %flag_set/imm 4, 0;
    %load/vec4a v0x7ffe17c62620, 4;
    %pushi/vec4 0, 0, 4;
    %cmp/e;
    %flag_get/vec4 4;
    %and;
    %flag_set/vec4 8;
    %jmp/0xz  T_2.50, 8;
    %ix/load 4, 0, 0;
    %flag_set/imm 4, 0;
    %load/vec4a v0x7ffe17c62620, 4;
    %store/vec4 v0x7ffe17c624c0_0, 0, 4;
    %pushi/vec4 0, 0, 32;
    %store/vec4 v0x7ffe17c61fb0_0, 0, 32;
T_2.52 ;
    %load/vec4 v0x7ffe17c61fb0_0;
    %cmpi/s 7, 0, 32;
    %jmp/0xz T_2.53, 5;
    %load/vec4 v0x7ffe17c61fb0_0;
    %pad/s 33;
    %addi 1, 0, 33;
    %ix/vec4/s 4;
    %load/vec4a v0x7ffe17c62620, 4;
    %ix/getv/s 4, v0x7ffe17c61fb0_0;
    %store/vec4a v0x7ffe17c62620, 4, 0;
    %load/vec4 v0x7ffe17c61fb0_0;
    %addi 1, 0, 32;
    %store/vec4 v0x7ffe17c61fb0_0, 0, 32;
    %jmp T_2.52;
T_2.53 ;
    %pushi/vec4 0, 0, 4;
    %ix/load 4, 7, 0;
    %flag_set/imm 4, 0;
    %store/vec4a v0x7ffe17c62620, 4, 0;
    %load/vec4 v0x7ffe17c61c30_0;
    %load/vec4 v0x7ffe17c624c0_0;
    %cmp/u;
    %jmp/0xz  T_2.54, 5;
    %pushi/vec4 0, 0, 1;
    %store/vec4 v0x7ffe17c61d80_0, 0, 1;
    %load/vec4 v0x7ffe17c61c30_0;
    %addi 1, 0, 4;
    %store/vec4 v0x7ffe17c61c30_0, 0, 4;
    %jmp T_2.55;
T_2.54 ;
    %load/vec4 v0x7ffe17c624c0_0;
    %load/vec4 v0x7ffe17c61c30_0;
    %cmp/u;
    %jmp/0xz  T_2.56, 5;
    %pushi/vec4 0, 0, 1;
    %store/vec4 v0x7ffe17c61d80_0, 0, 1;
    %load/vec4 v0x7ffe17c61c30_0;
    %subi 1, 0, 4;
    %store/vec4 v0x7ffe17c61c30_0, 0, 4;
T_2.56 ;
T_2.55 ;
    %pushi/vec4 1, 0, 1;
    %store/vec4 v0x7ffe17c62420_0, 0, 1;
    %jmp T_2.51;
T_2.50 ;
    %pushi/vec4 0, 0, 1;
    %store/vec4 v0x7ffe17c62420_0, 0, 1;
T_2.51 ;
T_2.37 ;
    %jmp T_2.35;
T_2.34 ;
    %load/vec4 v0x7ffe17c624c0_0;
    %load/vec4 v0x7ffe17c61c30_0;
    %cmp/e;
    %flag_get/vec4 4;
    %inv;
    %load/vec4 v0x7ffe17c62570_0;
    %load/vec4 v0x7ffe17c61cd0_0;
    %cmp/e;
    %flag_get/vec4 4;
    %inv;
    %and;
    %flag_set/vec4 8;
    %jmp/0xz  T_2.58, 8;
    %load/vec4 v0x7ffe17c61c30_0;
    %load/vec4 v0x7ffe17c624c0_0;
    %cmp/u;
    %jmp/0xz  T_2.60, 5;
    %pushi/vec4 0, 0, 1;
    %store/vec4 v0x7ffe17c61d80_0, 0, 1;
    %load/vec4 v0x7ffe17c61c30_0;
    %addi 1, 0, 4;
    %store/vec4 v0x7ffe17c61c30_0, 0, 4;
    %jmp T_2.61;
T_2.60 ;
    %load/vec4 v0x7ffe17c624c0_0;
    %load/vec4 v0x7ffe17c61c30_0;
    %cmp/u;
    %jmp/0xz  T_2.62, 5;
    %pushi/vec4 0, 0, 1;
    %store/vec4 v0x7ffe17c61d80_0, 0, 1;
    %load/vec4 v0x7ffe17c61c30_0;
    %subi 1, 0, 4;
    %store/vec4 v0x7ffe17c61c30_0, 0, 4;
T_2.62 ;
T_2.61 ;
    %load/vec4 v0x7ffe17c61cd0_0;
    %load/vec4 v0x7ffe17c62570_0;
    %cmp/u;
    %jmp/0xz  T_2.64, 5;
    %pushi/vec4 0, 0, 1;
    %store/vec4 v0x7ffe17c61e20_0, 0, 1;
    %load/vec4 v0x7ffe17c61cd0_0;
    %addi 1, 0, 4;
    %store/vec4 v0x7ffe17c61cd0_0, 0, 4;
    %jmp T_2.65;
T_2.64 ;
    %load/vec4 v0x7ffe17c62570_0;
    %load/vec4 v0x7ffe17c61cd0_0;
    %cmp/u;
    %jmp/0xz  T_2.66, 5;
    %pushi/vec4 0, 0, 1;
    %store/vec4 v0x7ffe17c61e20_0, 0, 1;
    %load/vec4 v0x7ffe17c61cd0_0;
    %subi 1, 0, 4;
    %store/vec4 v0x7ffe17c61cd0_0, 0, 4;
T_2.66 ;
T_2.65 ;
    %load/vec4 v0x7ffe17c624c0_0;
    %load/vec4 v0x7ffe17c61c30_0;
    %cmp/e;
    %flag_get/vec4 4;
    %inv;
    %load/vec4 v0x7ffe17c62570_0;
    %load/vec4 v0x7ffe17c61cd0_0;
    %cmp/e;
    %flag_get/vec4 4;
    %and;
    %flag_set/vec4 8;
    %jmp/0xz  T_2.68, 8;
    %pushi/vec4 1, 0, 1;
    %store/vec4 v0x7ffe17c61e20_0, 0, 1;
    %ix/load 4, 0, 0;
    %flag_set/imm 4, 0;
    %load/vec4a v0x7ffe17c62620, 4;
    %cmpi/ne 0, 0, 4;
    %jmp/0xz  T_2.70, 4;
    %ix/load 4, 0, 0;
    %flag_set/imm 4, 0;
    %load/vec4a v0x7ffe17c62620, 4;
    %store/vec4 v0x7ffe17c62570_0, 0, 4;
    %pushi/vec4 0, 0, 32;
    %store/vec4 v0x7ffe17c61fb0_0, 0, 32;
T_2.72 ;
    %load/vec4 v0x7ffe17c61fb0_0;
    %cmpi/s 7, 0, 32;
    %jmp/0xz T_2.73, 5;
    %load/vec4 v0x7ffe17c61fb0_0;
    %pad/s 33;
    %addi 1, 0, 33;
    %ix/vec4/s 4;
    %load/vec4a v0x7ffe17c62620, 4;
    %ix/getv/s 4, v0x7ffe17c61fb0_0;
    %store/vec4a v0x7ffe17c62620, 4, 0;
    %load/vec4 v0x7ffe17c61fb0_0;
    %addi 1, 0, 32;
    %store/vec4 v0x7ffe17c61fb0_0, 0, 32;
    %jmp T_2.72;
T_2.73 ;
    %pushi/vec4 0, 0, 4;
    %ix/load 4, 7, 0;
    %flag_set/imm 4, 0;
    %store/vec4a v0x7ffe17c62620, 4, 0;
T_2.70 ;
    %jmp T_2.69;
T_2.68 ;
    %load/vec4 v0x7ffe17c624c0_0;
    %load/vec4 v0x7ffe17c61c30_0;
    %cmp/e;
    %flag_get/vec4 4;
    %load/vec4 v0x7ffe17c62570_0;
    %load/vec4 v0x7ffe17c61cd0_0;
    %cmp/e;
    %flag_get/vec4 4;
    %inv;
    %and;
    %flag_set/vec4 8;
    %jmp/0xz  T_2.74, 8;
    %pushi/vec4 1, 0, 1;
    %store/vec4 v0x7ffe17c61d80_0, 0, 1;
    %ix/load 4, 0, 0;
    %flag_set/imm 4, 0;
    %load/vec4a v0x7ffe17c62620, 4;
    %cmpi/ne 0, 0, 4;
    %jmp/0xz  T_2.76, 4;
    %ix/load 4, 0, 0;
    %flag_set/imm 4, 0;
    %load/vec4a v0x7ffe17c62620, 4;
    %store/vec4 v0x7ffe17c624c0_0, 0, 4;
    %pushi/vec4 0, 0, 32;
    %store/vec4 v0x7ffe17c61fb0_0, 0, 32;
T_2.78 ;
    %load/vec4 v0x7ffe17c61fb0_0;
    %cmpi/s 7, 0, 32;
    %jmp/0xz T_2.79, 5;
    %load/vec4 v0x7ffe17c61fb0_0;
    %pad/s 33;
    %addi 1, 0, 33;
    %ix/vec4/s 4;
    %load/vec4a v0x7ffe17c62620, 4;
    %ix/getv/s 4, v0x7ffe17c61fb0_0;
    %store/vec4a v0x7ffe17c62620, 4, 0;
    %load/vec4 v0x7ffe17c61fb0_0;
    %addi 1, 0, 32;
    %store/vec4 v0x7ffe17c61fb0_0, 0, 32;
    %jmp T_2.78;
T_2.79 ;
    %pushi/vec4 0, 0, 4;
    %ix/load 4, 7, 0;
    %flag_set/imm 4, 0;
    %store/vec4a v0x7ffe17c62620, 4, 0;
T_2.76 ;
    %jmp T_2.75;
T_2.74 ;
    %load/vec4 v0x7ffe17c624c0_0;
    %load/vec4 v0x7ffe17c61c30_0;
    %cmp/e;
    %flag_get/vec4 4;
    %load/vec4 v0x7ffe17c62570_0;
    %load/vec4 v0x7ffe17c61cd0_0;
    %cmp/e;
    %flag_get/vec4 4;
    %and;
    %flag_set/vec4 8;
    %jmp/0xz  T_2.80, 8;
    %pushi/vec4 1, 0, 1;
    %store/vec4 v0x7ffe17c61d80_0, 0, 1;
    %pushi/vec4 1, 0, 1;
    %store/vec4 v0x7ffe17c61e20_0, 0, 1;
    %ix/load 4, 0, 0;
    %flag_set/imm 4, 0;
    %load/vec4a v0x7ffe17c62620, 4;
    %pushi/vec4 0, 0, 4;
    %cmp/e;
    %flag_get/vec4 4;
    %inv;
    %ix/load 4, 1, 0;
    %flag_set/imm 4, 0;
    %load/vec4a v0x7ffe17c62620, 4;
    %pushi/vec4 0, 0, 4;
    %cmp/e;
    %flag_get/vec4 4;
    %inv;
    %and;
    %flag_set/vec4 8;
    %jmp/0xz  T_2.82, 8;
    %ix/load 4, 0, 0;
    %flag_set/imm 4, 0;
    %load/vec4a v0x7ffe17c62620, 4;
    %store/vec4 v0x7ffe17c624c0_0, 0, 4;
    %pushi/vec4 0, 0, 32;
    %store/vec4 v0x7ffe17c61fb0_0, 0, 32;
T_2.84 ;
    %load/vec4 v0x7ffe17c61fb0_0;
    %cmpi/s 7, 0, 32;
    %jmp/0xz T_2.85, 5;
    %load/vec4 v0x7ffe17c61fb0_0;
    %pad/s 33;
    %addi 1, 0, 33;
    %ix/vec4/s 4;
    %load/vec4a v0x7ffe17c62620, 4;
    %ix/getv/s 4, v0x7ffe17c61fb0_0;
    %store/vec4a v0x7ffe17c62620, 4, 0;
    %load/vec4 v0x7ffe17c61fb0_0;
    %addi 1, 0, 32;
    %store/vec4 v0x7ffe17c61fb0_0, 0, 32;
    %jmp T_2.84;
T_2.85 ;
    %pushi/vec4 0, 0, 4;
    %ix/load 4, 7, 0;
    %flag_set/imm 4, 0;
    %store/vec4a v0x7ffe17c62620, 4, 0;
    %ix/load 4, 0, 0;
    %flag_set/imm 4, 0;
    %load/vec4a v0x7ffe17c62620, 4;
    %store/vec4 v0x7ffe17c62570_0, 0, 4;
    %pushi/vec4 0, 0, 32;
    %store/vec4 v0x7ffe17c61fb0_0, 0, 32;
T_2.86 ;
    %load/vec4 v0x7ffe17c61fb0_0;
    %cmpi/s 7, 0, 32;
    %jmp/0xz T_2.87, 5;
    %load/vec4 v0x7ffe17c61fb0_0;
    %pad/s 33;
    %addi 1, 0, 33;
    %ix/vec4/s 4;
    %load/vec4a v0x7ffe17c62620, 4;
    %ix/getv/s 4, v0x7ffe17c61fb0_0;
    %store/vec4a v0x7ffe17c62620, 4, 0;
    %load/vec4 v0x7ffe17c61fb0_0;
    %addi 1, 0, 32;
    %store/vec4 v0x7ffe17c61fb0_0, 0, 32;
    %jmp T_2.86;
T_2.87 ;
    %pushi/vec4 0, 0, 4;
    %ix/load 4, 7, 0;
    %flag_set/imm 4, 0;
    %store/vec4a v0x7ffe17c62620, 4, 0;
    %jmp T_2.83;
T_2.82 ;
    %ix/load 4, 0, 0;
    %flag_set/imm 4, 0;
    %load/vec4a v0x7ffe17c62620, 4;
    %pushi/vec4 0, 0, 4;
    %cmp/e;
    %flag_get/vec4 4;
    %inv;
    %ix/load 4, 1, 0;
    %flag_set/imm 4, 0;
    %load/vec4a v0x7ffe17c62620, 4;
    %pushi/vec4 0, 0, 4;
    %cmp/e;
    %flag_get/vec4 4;
    %and;
    %flag_set/vec4 8;
    %jmp/0xz  T_2.88, 8;
    %ix/load 4, 0, 0;
    %flag_set/imm 4, 0;
    %load/vec4a v0x7ffe17c62620, 4;
    %store/vec4 v0x7ffe17c624c0_0, 0, 4;
    %pushi/vec4 0, 0, 32;
    %store/vec4 v0x7ffe17c61fb0_0, 0, 32;
T_2.90 ;
    %load/vec4 v0x7ffe17c61fb0_0;
    %cmpi/s 7, 0, 32;
    %jmp/0xz T_2.91, 5;
    %load/vec4 v0x7ffe17c61fb0_0;
    %pad/s 33;
    %addi 1, 0, 33;
    %ix/vec4/s 4;
    %load/vec4a v0x7ffe17c62620, 4;
    %ix/getv/s 4, v0x7ffe17c61fb0_0;
    %store/vec4a v0x7ffe17c62620, 4, 0;
    %load/vec4 v0x7ffe17c61fb0_0;
    %addi 1, 0, 32;
    %store/vec4 v0x7ffe17c61fb0_0, 0, 32;
    %jmp T_2.90;
T_2.91 ;
    %pushi/vec4 0, 0, 4;
    %ix/load 4, 7, 0;
    %flag_set/imm 4, 0;
    %store/vec4a v0x7ffe17c62620, 4, 0;
    %jmp T_2.89;
T_2.88 ;
    %pushi/vec4 0, 0, 1;
    %store/vec4 v0x7ffe17c62420_0, 0, 1;
T_2.89 ;
T_2.83 ;
T_2.80 ;
T_2.75 ;
T_2.69 ;
    %jmp T_2.59;
T_2.58 ;
    %load/vec4 v0x7ffe17c624c0_0;
    %load/vec4 v0x7ffe17c61c30_0;
    %cmp/e;
    %flag_get/vec4 4;
    %inv;
    %load/vec4 v0x7ffe17c62570_0;
    %load/vec4 v0x7ffe17c61cd0_0;
    %cmp/e;
    %flag_get/vec4 4;
    %and;
    %flag_set/vec4 8;
    %jmp/0xz  T_2.92, 8;
    %pushi/vec4 1, 0, 1;
    %store/vec4 v0x7ffe17c61e20_0, 0, 1;
    %ix/load 4, 0, 0;
    %flag_set/imm 4, 0;
    %load/vec4a v0x7ffe17c62620, 4;
    %cmpi/ne 0, 0, 4;
    %jmp/0xz  T_2.94, 4;
    %ix/load 4, 0, 0;
    %flag_set/imm 4, 0;
    %load/vec4a v0x7ffe17c62620, 4;
    %store/vec4 v0x7ffe17c62570_0, 0, 4;
    %pushi/vec4 0, 0, 32;
    %store/vec4 v0x7ffe17c61fb0_0, 0, 32;
T_2.96 ;
    %load/vec4 v0x7ffe17c61fb0_0;
    %cmpi/s 7, 0, 32;
    %jmp/0xz T_2.97, 5;
    %load/vec4 v0x7ffe17c61fb0_0;
    %pad/s 33;
    %addi 1, 0, 33;
    %ix/vec4/s 4;
    %load/vec4a v0x7ffe17c62620, 4;
    %ix/getv/s 4, v0x7ffe17c61fb0_0;
    %store/vec4a v0x7ffe17c62620, 4, 0;
    %load/vec4 v0x7ffe17c61fb0_0;
    %addi 1, 0, 32;
    %store/vec4 v0x7ffe17c61fb0_0, 0, 32;
    %jmp T_2.96;
T_2.97 ;
    %pushi/vec4 0, 0, 4;
    %ix/load 4, 7, 0;
    %flag_set/imm 4, 0;
    %store/vec4a v0x7ffe17c62620, 4, 0;
T_2.94 ;
    %load/vec4 v0x7ffe17c61c30_0;
    %load/vec4 v0x7ffe17c624c0_0;
    %cmp/u;
    %jmp/0xz  T_2.98, 5;
    %pushi/vec4 0, 0, 1;
    %store/vec4 v0x7ffe17c61d80_0, 0, 1;
    %load/vec4 v0x7ffe17c61c30_0;
    %addi 1, 0, 4;
    %store/vec4 v0x7ffe17c61c30_0, 0, 4;
    %jmp T_2.99;
T_2.98 ;
    %load/vec4 v0x7ffe17c624c0_0;
    %load/vec4 v0x7ffe17c61c30_0;
    %cmp/u;
    %jmp/0xz  T_2.100, 5;
    %pushi/vec4 0, 0, 1;
    %store/vec4 v0x7ffe17c61d80_0, 0, 1;
    %load/vec4 v0x7ffe17c61c30_0;
    %subi 1, 0, 4;
    %store/vec4 v0x7ffe17c61c30_0, 0, 4;
T_2.100 ;
T_2.99 ;
    %load/vec4 v0x7ffe17c61cd0_0;
    %load/vec4 v0x7ffe17c62570_0;
    %cmp/u;
    %jmp/0xz  T_2.102, 5;
    %pushi/vec4 0, 0, 1;
    %store/vec4 v0x7ffe17c61e20_0, 0, 1;
    %load/vec4 v0x7ffe17c61cd0_0;
    %addi 1, 0, 4;
    %store/vec4 v0x7ffe17c61cd0_0, 0, 4;
    %jmp T_2.103;
T_2.102 ;
    %load/vec4 v0x7ffe17c62570_0;
    %load/vec4 v0x7ffe17c61cd0_0;
    %cmp/u;
    %jmp/0xz  T_2.104, 5;
    %pushi/vec4 0, 0, 1;
    %store/vec4 v0x7ffe17c61e20_0, 0, 1;
    %load/vec4 v0x7ffe17c61cd0_0;
    %subi 1, 0, 4;
    %store/vec4 v0x7ffe17c61cd0_0, 0, 4;
T_2.104 ;
T_2.103 ;
    %load/vec4 v0x7ffe17c624c0_0;
    %load/vec4 v0x7ffe17c61c30_0;
    %cmp/e;
    %flag_get/vec4 4;
    %inv;
    %load/vec4 v0x7ffe17c62570_0;
    %load/vec4 v0x7ffe17c61cd0_0;
    %cmp/e;
    %flag_get/vec4 4;
    %and;
    %flag_set/vec4 8;
    %jmp/0xz  T_2.106, 8;
    %pushi/vec4 1, 0, 1;
    %store/vec4 v0x7ffe17c61e20_0, 0, 1;
    %ix/load 4, 0, 0;
    %flag_set/imm 4, 0;
    %load/vec4a v0x7ffe17c62620, 4;
    %cmpi/ne 0, 0, 4;
    %jmp/0xz  T_2.108, 4;
    %ix/load 4, 0, 0;
    %flag_set/imm 4, 0;
    %load/vec4a v0x7ffe17c62620, 4;
    %store/vec4 v0x7ffe17c62570_0, 0, 4;
    %pushi/vec4 0, 0, 32;
    %store/vec4 v0x7ffe17c61fb0_0, 0, 32;
T_2.110 ;
    %load/vec4 v0x7ffe17c61fb0_0;
    %cmpi/s 7, 0, 32;
    %jmp/0xz T_2.111, 5;
    %load/vec4 v0x7ffe17c61fb0_0;
    %pad/s 33;
    %addi 1, 0, 33;
    %ix/vec4/s 4;
    %load/vec4a v0x7ffe17c62620, 4;
    %ix/getv/s 4, v0x7ffe17c61fb0_0;
    %store/vec4a v0x7ffe17c62620, 4, 0;
    %load/vec4 v0x7ffe17c61fb0_0;
    %addi 1, 0, 32;
    %store/vec4 v0x7ffe17c61fb0_0, 0, 32;
    %jmp T_2.110;
T_2.111 ;
    %pushi/vec4 0, 0, 4;
    %ix/load 4, 7, 0;
    %flag_set/imm 4, 0;
    %store/vec4a v0x7ffe17c62620, 4, 0;
T_2.108 ;
    %jmp T_2.107;
T_2.106 ;
    %load/vec4 v0x7ffe17c624c0_0;
    %load/vec4 v0x7ffe17c61c30_0;
    %cmp/e;
    %flag_get/vec4 4;
    %load/vec4 v0x7ffe17c62570_0;
    %load/vec4 v0x7ffe17c61cd0_0;
    %cmp/e;
    %flag_get/vec4 4;
    %inv;
    %and;
    %flag_set/vec4 8;
    %jmp/0xz  T_2.112, 8;
    %pushi/vec4 1, 0, 1;
    %store/vec4 v0x7ffe17c61d80_0, 0, 1;
    %ix/load 4, 0, 0;
    %flag_set/imm 4, 0;
    %load/vec4a v0x7ffe17c62620, 4;
    %cmpi/ne 0, 0, 4;
    %jmp/0xz  T_2.114, 4;
    %ix/load 4, 0, 0;
    %flag_set/imm 4, 0;
    %load/vec4a v0x7ffe17c62620, 4;
    %store/vec4 v0x7ffe17c624c0_0, 0, 4;
    %pushi/vec4 0, 0, 32;
    %store/vec4 v0x7ffe17c61fb0_0, 0, 32;
T_2.116 ;
    %load/vec4 v0x7ffe17c61fb0_0;
    %cmpi/s 7, 0, 32;
    %jmp/0xz T_2.117, 5;
    %load/vec4 v0x7ffe17c61fb0_0;
    %pad/s 33;
    %addi 1, 0, 33;
    %ix/vec4/s 4;
    %load/vec4a v0x7ffe17c62620, 4;
    %ix/getv/s 4, v0x7ffe17c61fb0_0;
    %store/vec4a v0x7ffe17c62620, 4, 0;
    %load/vec4 v0x7ffe17c61fb0_0;
    %addi 1, 0, 32;
    %store/vec4 v0x7ffe17c61fb0_0, 0, 32;
    %jmp T_2.116;
T_2.117 ;
    %pushi/vec4 0, 0, 4;
    %ix/load 4, 7, 0;
    %flag_set/imm 4, 0;
    %store/vec4a v0x7ffe17c62620, 4, 0;
T_2.114 ;
    %jmp T_2.113;
T_2.112 ;
    %load/vec4 v0x7ffe17c624c0_0;
    %load/vec4 v0x7ffe17c61c30_0;
    %cmp/e;
    %flag_get/vec4 4;
    %load/vec4 v0x7ffe17c62570_0;
    %load/vec4 v0x7ffe17c61cd0_0;
    %cmp/e;
    %flag_get/vec4 4;
    %and;
    %flag_set/vec4 8;
    %jmp/0xz  T_2.118, 8;
    %pushi/vec4 1, 0, 1;
    %store/vec4 v0x7ffe17c61d80_0, 0, 1;
    %pushi/vec4 1, 0, 1;
    %store/vec4 v0x7ffe17c61e20_0, 0, 1;
    %ix/load 4, 0, 0;
    %flag_set/imm 4, 0;
    %load/vec4a v0x7ffe17c62620, 4;
    %pushi/vec4 0, 0, 4;
    %cmp/e;
    %flag_get/vec4 4;
    %inv;
    %ix/load 4, 1, 0;
    %flag_set/imm 4, 0;
    %load/vec4a v0x7ffe17c62620, 4;
    %pushi/vec4 0, 0, 4;
    %cmp/e;
    %flag_get/vec4 4;
    %inv;
    %and;
    %flag_set/vec4 8;
    %jmp/0xz  T_2.120, 8;
    %ix/load 4, 0, 0;
    %flag_set/imm 4, 0;
    %load/vec4a v0x7ffe17c62620, 4;
    %store/vec4 v0x7ffe17c624c0_0, 0, 4;
    %pushi/vec4 0, 0, 32;
    %store/vec4 v0x7ffe17c61fb0_0, 0, 32;
T_2.122 ;
    %load/vec4 v0x7ffe17c61fb0_0;
    %cmpi/s 7, 0, 32;
    %jmp/0xz T_2.123, 5;
    %load/vec4 v0x7ffe17c61fb0_0;
    %pad/s 33;
    %addi 1, 0, 33;
    %ix/vec4/s 4;
    %load/vec4a v0x7ffe17c62620, 4;
    %ix/getv/s 4, v0x7ffe17c61fb0_0;
    %store/vec4a v0x7ffe17c62620, 4, 0;
    %load/vec4 v0x7ffe17c61fb0_0;
    %addi 1, 0, 32;
    %store/vec4 v0x7ffe17c61fb0_0, 0, 32;
    %jmp T_2.122;
T_2.123 ;
    %pushi/vec4 0, 0, 4;
    %ix/load 4, 7, 0;
    %flag_set/imm 4, 0;
    %store/vec4a v0x7ffe17c62620, 4, 0;
    %ix/load 4, 0, 0;
    %flag_set/imm 4, 0;
    %load/vec4a v0x7ffe17c62620, 4;
    %store/vec4 v0x7ffe17c62570_0, 0, 4;
    %pushi/vec4 0, 0, 32;
    %store/vec4 v0x7ffe17c61fb0_0, 0, 32;
T_2.124 ;
    %load/vec4 v0x7ffe17c61fb0_0;
    %cmpi/s 7, 0, 32;
    %jmp/0xz T_2.125, 5;
    %load/vec4 v0x7ffe17c61fb0_0;
    %pad/s 33;
    %addi 1, 0, 33;
    %ix/vec4/s 4;
    %load/vec4a v0x7ffe17c62620, 4;
    %ix/getv/s 4, v0x7ffe17c61fb0_0;
    %store/vec4a v0x7ffe17c62620, 4, 0;
    %load/vec4 v0x7ffe17c61fb0_0;
    %addi 1, 0, 32;
    %store/vec4 v0x7ffe17c61fb0_0, 0, 32;
    %jmp T_2.124;
T_2.125 ;
    %pushi/vec4 0, 0, 4;
    %ix/load 4, 7, 0;
    %flag_set/imm 4, 0;
    %store/vec4a v0x7ffe17c62620, 4, 0;
    %jmp T_2.121;
T_2.120 ;
    %ix/load 4, 0, 0;
    %flag_set/imm 4, 0;
    %load/vec4a v0x7ffe17c62620, 4;
    %pushi/vec4 0, 0, 4;
    %cmp/e;
    %flag_get/vec4 4;
    %inv;
    %ix/load 4, 1, 0;
    %flag_set/imm 4, 0;
    %load/vec4a v0x7ffe17c62620, 4;
    %pushi/vec4 0, 0, 4;
    %cmp/e;
    %flag_get/vec4 4;
    %and;
    %flag_set/vec4 8;
    %jmp/0xz  T_2.126, 8;
    %ix/load 4, 0, 0;
    %flag_set/imm 4, 0;
    %load/vec4a v0x7ffe17c62620, 4;
    %store/vec4 v0x7ffe17c624c0_0, 0, 4;
    %pushi/vec4 0, 0, 32;
    %store/vec4 v0x7ffe17c61fb0_0, 0, 32;
T_2.128 ;
    %load/vec4 v0x7ffe17c61fb0_0;
    %cmpi/s 7, 0, 32;
    %jmp/0xz T_2.129, 5;
    %load/vec4 v0x7ffe17c61fb0_0;
    %pad/s 33;
    %addi 1, 0, 33;
    %ix/vec4/s 4;
    %load/vec4a v0x7ffe17c62620, 4;
    %ix/getv/s 4, v0x7ffe17c61fb0_0;
    %store/vec4a v0x7ffe17c62620, 4, 0;
    %load/vec4 v0x7ffe17c61fb0_0;
    %addi 1, 0, 32;
    %store/vec4 v0x7ffe17c61fb0_0, 0, 32;
    %jmp T_2.128;
T_2.129 ;
    %pushi/vec4 0, 0, 4;
    %ix/load 4, 7, 0;
    %flag_set/imm 4, 0;
    %store/vec4a v0x7ffe17c62620, 4, 0;
    %jmp T_2.127;
T_2.126 ;
    %pushi/vec4 0, 0, 1;
    %store/vec4 v0x7ffe17c62420_0, 0, 1;
T_2.127 ;
T_2.121 ;
T_2.118 ;
T_2.113 ;
T_2.107 ;
    %jmp T_2.93;
T_2.92 ;
    %load/vec4 v0x7ffe17c624c0_0;
    %load/vec4 v0x7ffe17c61c30_0;
    %cmp/e;
    %flag_get/vec4 4;
    %load/vec4 v0x7ffe17c62570_0;
    %load/vec4 v0x7ffe17c61cd0_0;
    %cmp/e;
    %flag_get/vec4 4;
    %inv;
    %and;
    %flag_set/vec4 8;
    %jmp/0xz  T_2.130, 8;
    %pushi/vec4 1, 0, 1;
    %store/vec4 v0x7ffe17c61d80_0, 0, 1;
    %ix/load 4, 0, 0;
    %flag_set/imm 4, 0;
    %load/vec4a v0x7ffe17c62620, 4;
    %cmpi/ne 0, 0, 4;
    %jmp/0xz  T_2.132, 4;
    %ix/load 4, 0, 0;
    %flag_set/imm 4, 0;
    %load/vec4a v0x7ffe17c62620, 4;
    %store/vec4 v0x7ffe17c624c0_0, 0, 4;
    %pushi/vec4 0, 0, 32;
    %store/vec4 v0x7ffe17c61fb0_0, 0, 32;
T_2.134 ;
    %load/vec4 v0x7ffe17c61fb0_0;
    %cmpi/s 7, 0, 32;
    %jmp/0xz T_2.135, 5;
    %load/vec4 v0x7ffe17c61fb0_0;
    %pad/s 33;
    %addi 1, 0, 33;
    %ix/vec4/s 4;
    %load/vec4a v0x7ffe17c62620, 4;
    %ix/getv/s 4, v0x7ffe17c61fb0_0;
    %store/vec4a v0x7ffe17c62620, 4, 0;
    %load/vec4 v0x7ffe17c61fb0_0;
    %addi 1, 0, 32;
    %store/vec4 v0x7ffe17c61fb0_0, 0, 32;
    %jmp T_2.134;
T_2.135 ;
    %pushi/vec4 0, 0, 4;
    %ix/load 4, 7, 0;
    %flag_set/imm 4, 0;
    %store/vec4a v0x7ffe17c62620, 4, 0;
T_2.132 ;
    %load/vec4 v0x7ffe17c61c30_0;
    %load/vec4 v0x7ffe17c624c0_0;
    %cmp/u;
    %jmp/0xz  T_2.136, 5;
    %pushi/vec4 0, 0, 1;
    %store/vec4 v0x7ffe17c61d80_0, 0, 1;
    %load/vec4 v0x7ffe17c61c30_0;
    %addi 1, 0, 4;
    %store/vec4 v0x7ffe17c61c30_0, 0, 4;
    %jmp T_2.137;
T_2.136 ;
    %load/vec4 v0x7ffe17c624c0_0;
    %load/vec4 v0x7ffe17c61c30_0;
    %cmp/u;
    %jmp/0xz  T_2.138, 5;
    %pushi/vec4 0, 0, 1;
    %store/vec4 v0x7ffe17c61d80_0, 0, 1;
    %load/vec4 v0x7ffe17c61c30_0;
    %subi 1, 0, 4;
    %store/vec4 v0x7ffe17c61c30_0, 0, 4;
T_2.138 ;
T_2.137 ;
    %load/vec4 v0x7ffe17c61cd0_0;
    %load/vec4 v0x7ffe17c62570_0;
    %cmp/u;
    %jmp/0xz  T_2.140, 5;
    %pushi/vec4 0, 0, 1;
    %store/vec4 v0x7ffe17c61e20_0, 0, 1;
    %load/vec4 v0x7ffe17c61cd0_0;
    %addi 1, 0, 4;
    %store/vec4 v0x7ffe17c61cd0_0, 0, 4;
    %jmp T_2.141;
T_2.140 ;
    %load/vec4 v0x7ffe17c62570_0;
    %load/vec4 v0x7ffe17c61cd0_0;
    %cmp/u;
    %jmp/0xz  T_2.142, 5;
    %pushi/vec4 0, 0, 1;
    %store/vec4 v0x7ffe17c61e20_0, 0, 1;
    %load/vec4 v0x7ffe17c61cd0_0;
    %subi 1, 0, 4;
    %store/vec4 v0x7ffe17c61cd0_0, 0, 4;
T_2.142 ;
T_2.141 ;
    %load/vec4 v0x7ffe17c624c0_0;
    %load/vec4 v0x7ffe17c61c30_0;
    %cmp/e;
    %flag_get/vec4 4;
    %inv;
    %load/vec4 v0x7ffe17c62570_0;
    %load/vec4 v0x7ffe17c61cd0_0;
    %cmp/e;
    %flag_get/vec4 4;
    %and;
    %flag_set/vec4 8;
    %jmp/0xz  T_2.144, 8;
    %pushi/vec4 1, 0, 1;
    %store/vec4 v0x7ffe17c61e20_0, 0, 1;
    %ix/load 4, 0, 0;
    %flag_set/imm 4, 0;
    %load/vec4a v0x7ffe17c62620, 4;
    %cmpi/ne 0, 0, 4;
    %jmp/0xz  T_2.146, 4;
    %ix/load 4, 0, 0;
    %flag_set/imm 4, 0;
    %load/vec4a v0x7ffe17c62620, 4;
    %store/vec4 v0x7ffe17c62570_0, 0, 4;
    %pushi/vec4 0, 0, 32;
    %store/vec4 v0x7ffe17c61fb0_0, 0, 32;
T_2.148 ;
    %load/vec4 v0x7ffe17c61fb0_0;
    %cmpi/s 7, 0, 32;
    %jmp/0xz T_2.149, 5;
    %load/vec4 v0x7ffe17c61fb0_0;
    %pad/s 33;
    %addi 1, 0, 33;
    %ix/vec4/s 4;
    %load/vec4a v0x7ffe17c62620, 4;
    %ix/getv/s 4, v0x7ffe17c61fb0_0;
    %store/vec4a v0x7ffe17c62620, 4, 0;
    %load/vec4 v0x7ffe17c61fb0_0;
    %addi 1, 0, 32;
    %store/vec4 v0x7ffe17c61fb0_0, 0, 32;
    %jmp T_2.148;
T_2.149 ;
    %pushi/vec4 0, 0, 4;
    %ix/load 4, 7, 0;
    %flag_set/imm 4, 0;
    %store/vec4a v0x7ffe17c62620, 4, 0;
T_2.146 ;
    %jmp T_2.145;
T_2.144 ;
    %load/vec4 v0x7ffe17c624c0_0;
    %load/vec4 v0x7ffe17c61c30_0;
    %cmp/e;
    %flag_get/vec4 4;
    %load/vec4 v0x7ffe17c62570_0;
    %load/vec4 v0x7ffe17c61cd0_0;
    %cmp/e;
    %flag_get/vec4 4;
    %inv;
    %and;
    %flag_set/vec4 8;
    %jmp/0xz  T_2.150, 8;
    %pushi/vec4 1, 0, 1;
    %store/vec4 v0x7ffe17c61d80_0, 0, 1;
    %ix/load 4, 0, 0;
    %flag_set/imm 4, 0;
    %load/vec4a v0x7ffe17c62620, 4;
    %cmpi/ne 0, 0, 4;
    %jmp/0xz  T_2.152, 4;
    %ix/load 4, 0, 0;
    %flag_set/imm 4, 0;
    %load/vec4a v0x7ffe17c62620, 4;
    %store/vec4 v0x7ffe17c624c0_0, 0, 4;
    %pushi/vec4 0, 0, 32;
    %store/vec4 v0x7ffe17c61fb0_0, 0, 32;
T_2.154 ;
    %load/vec4 v0x7ffe17c61fb0_0;
    %cmpi/s 7, 0, 32;
    %jmp/0xz T_2.155, 5;
    %load/vec4 v0x7ffe17c61fb0_0;
    %pad/s 33;
    %addi 1, 0, 33;
    %ix/vec4/s 4;
    %load/vec4a v0x7ffe17c62620, 4;
    %ix/getv/s 4, v0x7ffe17c61fb0_0;
    %store/vec4a v0x7ffe17c62620, 4, 0;
    %load/vec4 v0x7ffe17c61fb0_0;
    %addi 1, 0, 32;
    %store/vec4 v0x7ffe17c61fb0_0, 0, 32;
    %jmp T_2.154;
T_2.155 ;
    %pushi/vec4 0, 0, 4;
    %ix/load 4, 7, 0;
    %flag_set/imm 4, 0;
    %store/vec4a v0x7ffe17c62620, 4, 0;
T_2.152 ;
    %jmp T_2.151;
T_2.150 ;
    %load/vec4 v0x7ffe17c624c0_0;
    %load/vec4 v0x7ffe17c61c30_0;
    %cmp/e;
    %flag_get/vec4 4;
    %load/vec4 v0x7ffe17c62570_0;
    %load/vec4 v0x7ffe17c61cd0_0;
    %cmp/e;
    %flag_get/vec4 4;
    %and;
    %flag_set/vec4 8;
    %jmp/0xz  T_2.156, 8;
    %pushi/vec4 1, 0, 1;
    %store/vec4 v0x7ffe17c61d80_0, 0, 1;
    %pushi/vec4 1, 0, 1;
    %store/vec4 v0x7ffe17c61e20_0, 0, 1;
    %ix/load 4, 0, 0;
    %flag_set/imm 4, 0;
    %load/vec4a v0x7ffe17c62620, 4;
    %pushi/vec4 0, 0, 4;
    %cmp/e;
    %flag_get/vec4 4;
    %inv;
    %ix/load 4, 1, 0;
    %flag_set/imm 4, 0;
    %load/vec4a v0x7ffe17c62620, 4;
    %pushi/vec4 0, 0, 4;
    %cmp/e;
    %flag_get/vec4 4;
    %inv;
    %and;
    %flag_set/vec4 8;
    %jmp/0xz  T_2.158, 8;
    %ix/load 4, 0, 0;
    %flag_set/imm 4, 0;
    %load/vec4a v0x7ffe17c62620, 4;
    %store/vec4 v0x7ffe17c624c0_0, 0, 4;
    %pushi/vec4 0, 0, 32;
    %store/vec4 v0x7ffe17c61fb0_0, 0, 32;
T_2.160 ;
    %load/vec4 v0x7ffe17c61fb0_0;
    %cmpi/s 7, 0, 32;
    %jmp/0xz T_2.161, 5;
    %load/vec4 v0x7ffe17c61fb0_0;
    %pad/s 33;
    %addi 1, 0, 33;
    %ix/vec4/s 4;
    %load/vec4a v0x7ffe17c62620, 4;
    %ix/getv/s 4, v0x7ffe17c61fb0_0;
    %store/vec4a v0x7ffe17c62620, 4, 0;
    %load/vec4 v0x7ffe17c61fb0_0;
    %addi 1, 0, 32;
    %store/vec4 v0x7ffe17c61fb0_0, 0, 32;
    %jmp T_2.160;
T_2.161 ;
    %pushi/vec4 0, 0, 4;
    %ix/load 4, 7, 0;
    %flag_set/imm 4, 0;
    %store/vec4a v0x7ffe17c62620, 4, 0;
    %ix/load 4, 0, 0;
    %flag_set/imm 4, 0;
    %load/vec4a v0x7ffe17c62620, 4;
    %store/vec4 v0x7ffe17c62570_0, 0, 4;
    %pushi/vec4 0, 0, 32;
    %store/vec4 v0x7ffe17c61fb0_0, 0, 32;
T_2.162 ;
    %load/vec4 v0x7ffe17c61fb0_0;
    %cmpi/s 7, 0, 32;
    %jmp/0xz T_2.163, 5;
    %load/vec4 v0x7ffe17c61fb0_0;
    %pad/s 33;
    %addi 1, 0, 33;
    %ix/vec4/s 4;
    %load/vec4a v0x7ffe17c62620, 4;
    %ix/getv/s 4, v0x7ffe17c61fb0_0;
    %store/vec4a v0x7ffe17c62620, 4, 0;
    %load/vec4 v0x7ffe17c61fb0_0;
    %addi 1, 0, 32;
    %store/vec4 v0x7ffe17c61fb0_0, 0, 32;
    %jmp T_2.162;
T_2.163 ;
    %pushi/vec4 0, 0, 4;
    %ix/load 4, 7, 0;
    %flag_set/imm 4, 0;
    %store/vec4a v0x7ffe17c62620, 4, 0;
    %jmp T_2.159;
T_2.158 ;
    %ix/load 4, 0, 0;
    %flag_set/imm 4, 0;
    %load/vec4a v0x7ffe17c62620, 4;
    %pushi/vec4 0, 0, 4;
    %cmp/e;
    %flag_get/vec4 4;
    %inv;
    %ix/load 4, 1, 0;
    %flag_set/imm 4, 0;
    %load/vec4a v0x7ffe17c62620, 4;
    %pushi/vec4 0, 0, 4;
    %cmp/e;
    %flag_get/vec4 4;
    %and;
    %flag_set/vec4 8;
    %jmp/0xz  T_2.164, 8;
    %ix/load 4, 0, 0;
    %flag_set/imm 4, 0;
    %load/vec4a v0x7ffe17c62620, 4;
    %store/vec4 v0x7ffe17c624c0_0, 0, 4;
    %pushi/vec4 0, 0, 32;
    %store/vec4 v0x7ffe17c61fb0_0, 0, 32;
T_2.166 ;
    %load/vec4 v0x7ffe17c61fb0_0;
    %cmpi/s 7, 0, 32;
    %jmp/0xz T_2.167, 5;
    %load/vec4 v0x7ffe17c61fb0_0;
    %pad/s 33;
    %addi 1, 0, 33;
    %ix/vec4/s 4;
    %load/vec4a v0x7ffe17c62620, 4;
    %ix/getv/s 4, v0x7ffe17c61fb0_0;
    %store/vec4a v0x7ffe17c62620, 4, 0;
    %load/vec4 v0x7ffe17c61fb0_0;
    %addi 1, 0, 32;
    %store/vec4 v0x7ffe17c61fb0_0, 0, 32;
    %jmp T_2.166;
T_2.167 ;
    %pushi/vec4 0, 0, 4;
    %ix/load 4, 7, 0;
    %flag_set/imm 4, 0;
    %store/vec4a v0x7ffe17c62620, 4, 0;
    %jmp T_2.165;
T_2.164 ;
    %pushi/vec4 0, 0, 1;
    %store/vec4 v0x7ffe17c62420_0, 0, 1;
T_2.165 ;
T_2.159 ;
T_2.156 ;
T_2.151 ;
T_2.145 ;
    %jmp T_2.131;
T_2.130 ;
    %ix/load 4, 0, 0;
    %flag_set/imm 4, 0;
    %load/vec4a v0x7ffe17c62620, 4;
    %pushi/vec4 0, 0, 4;
    %cmp/e;
    %flag_get/vec4 4;
    %inv;
    %ix/load 4, 1, 0;
    %flag_set/imm 4, 0;
    %load/vec4a v0x7ffe17c62620, 4;
    %pushi/vec4 0, 0, 4;
    %cmp/e;
    %flag_get/vec4 4;
    %inv;
    %and;
    %flag_set/vec4 8;
    %jmp/0xz  T_2.168, 8;
    %ix/load 4, 0, 0;
    %flag_set/imm 4, 0;
    %load/vec4a v0x7ffe17c62620, 4;
    %store/vec4 v0x7ffe17c624c0_0, 0, 4;
    %pushi/vec4 0, 0, 32;
    %store/vec4 v0x7ffe17c61fb0_0, 0, 32;
T_2.170 ;
    %load/vec4 v0x7ffe17c61fb0_0;
    %cmpi/s 7, 0, 32;
    %jmp/0xz T_2.171, 5;
    %load/vec4 v0x7ffe17c61fb0_0;
    %pad/s 33;
    %addi 1, 0, 33;
    %ix/vec4/s 4;
    %load/vec4a v0x7ffe17c62620, 4;
    %ix/getv/s 4, v0x7ffe17c61fb0_0;
    %store/vec4a v0x7ffe17c62620, 4, 0;
    %load/vec4 v0x7ffe17c61fb0_0;
    %addi 1, 0, 32;
    %store/vec4 v0x7ffe17c61fb0_0, 0, 32;
    %jmp T_2.170;
T_2.171 ;
    %pushi/vec4 0, 0, 4;
    %ix/load 4, 7, 0;
    %flag_set/imm 4, 0;
    %store/vec4a v0x7ffe17c62620, 4, 0;
    %ix/load 4, 0, 0;
    %flag_set/imm 4, 0;
    %load/vec4a v0x7ffe17c62620, 4;
    %store/vec4 v0x7ffe17c62570_0, 0, 4;
    %pushi/vec4 0, 0, 32;
    %store/vec4 v0x7ffe17c61fb0_0, 0, 32;
T_2.172 ;
    %load/vec4 v0x7ffe17c61fb0_0;
    %cmpi/s 7, 0, 32;
    %jmp/0xz T_2.173, 5;
    %load/vec4 v0x7ffe17c61fb0_0;
    %pad/s 33;
    %addi 1, 0, 33;
    %ix/vec4/s 4;
    %load/vec4a v0x7ffe17c62620, 4;
    %ix/getv/s 4, v0x7ffe17c61fb0_0;
    %store/vec4a v0x7ffe17c62620, 4, 0;
    %load/vec4 v0x7ffe17c61fb0_0;
    %addi 1, 0, 32;
    %store/vec4 v0x7ffe17c61fb0_0, 0, 32;
    %jmp T_2.172;
T_2.173 ;
    %pushi/vec4 0, 0, 4;
    %ix/load 4, 7, 0;
    %flag_set/imm 4, 0;
    %store/vec4a v0x7ffe17c62620, 4, 0;
    %load/vec4 v0x7ffe17c61c30_0;
    %load/vec4 v0x7ffe17c624c0_0;
    %cmp/u;
    %jmp/0xz  T_2.174, 5;
    %pushi/vec4 0, 0, 1;
    %store/vec4 v0x7ffe17c61d80_0, 0, 1;
    %load/vec4 v0x7ffe17c61c30_0;
    %addi 1, 0, 4;
    %store/vec4 v0x7ffe17c61c30_0, 0, 4;
    %jmp T_2.175;
T_2.174 ;
    %load/vec4 v0x7ffe17c624c0_0;
    %load/vec4 v0x7ffe17c61c30_0;
    %cmp/u;
    %jmp/0xz  T_2.176, 5;
    %pushi/vec4 0, 0, 1;
    %store/vec4 v0x7ffe17c61d80_0, 0, 1;
    %load/vec4 v0x7ffe17c61c30_0;
    %subi 1, 0, 4;
    %store/vec4 v0x7ffe17c61c30_0, 0, 4;
T_2.176 ;
T_2.175 ;
    %load/vec4 v0x7ffe17c61cd0_0;
    %load/vec4 v0x7ffe17c62570_0;
    %cmp/u;
    %jmp/0xz  T_2.178, 5;
    %pushi/vec4 0, 0, 1;
    %store/vec4 v0x7ffe17c61e20_0, 0, 1;
    %load/vec4 v0x7ffe17c61cd0_0;
    %addi 1, 0, 4;
    %store/vec4 v0x7ffe17c61cd0_0, 0, 4;
    %jmp T_2.179;
T_2.178 ;
    %load/vec4 v0x7ffe17c62570_0;
    %load/vec4 v0x7ffe17c61cd0_0;
    %cmp/u;
    %jmp/0xz  T_2.180, 5;
    %pushi/vec4 0, 0, 1;
    %store/vec4 v0x7ffe17c61e20_0, 0, 1;
    %load/vec4 v0x7ffe17c61cd0_0;
    %subi 1, 0, 4;
    %store/vec4 v0x7ffe17c61cd0_0, 0, 4;
T_2.180 ;
T_2.179 ;
    %jmp T_2.169;
T_2.168 ;
    %ix/load 4, 0, 0;
    %flag_set/imm 4, 0;
    %load/vec4a v0x7ffe17c62620, 4;
    %pushi/vec4 0, 0, 4;
    %cmp/e;
    %flag_get/vec4 4;
    %inv;
    %ix/load 4, 1, 0;
    %flag_set/imm 4, 0;
    %load/vec4a v0x7ffe17c62620, 4;
    %pushi/vec4 0, 0, 4;
    %cmp/e;
    %flag_get/vec4 4;
    %and;
    %flag_set/vec4 8;
    %jmp/0xz  T_2.182, 8;
    %ix/load 4, 0, 0;
    %flag_set/imm 4, 0;
    %load/vec4a v0x7ffe17c62620, 4;
    %store/vec4 v0x7ffe17c624c0_0, 0, 4;
    %pushi/vec4 0, 0, 32;
    %store/vec4 v0x7ffe17c61fb0_0, 0, 32;
T_2.184 ;
    %load/vec4 v0x7ffe17c61fb0_0;
    %cmpi/s 7, 0, 32;
    %jmp/0xz T_2.185, 5;
    %load/vec4 v0x7ffe17c61fb0_0;
    %pad/s 33;
    %addi 1, 0, 33;
    %ix/vec4/s 4;
    %load/vec4a v0x7ffe17c62620, 4;
    %ix/getv/s 4, v0x7ffe17c61fb0_0;
    %store/vec4a v0x7ffe17c62620, 4, 0;
    %load/vec4 v0x7ffe17c61fb0_0;
    %addi 1, 0, 32;
    %store/vec4 v0x7ffe17c61fb0_0, 0, 32;
    %jmp T_2.184;
T_2.185 ;
    %pushi/vec4 0, 0, 4;
    %ix/load 4, 7, 0;
    %flag_set/imm 4, 0;
    %store/vec4a v0x7ffe17c62620, 4, 0;
    %load/vec4 v0x7ffe17c61c30_0;
    %load/vec4 v0x7ffe17c624c0_0;
    %cmp/u;
    %jmp/0xz  T_2.186, 5;
    %pushi/vec4 0, 0, 1;
    %store/vec4 v0x7ffe17c61d80_0, 0, 1;
    %load/vec4 v0x7ffe17c61c30_0;
    %addi 1, 0, 4;
    %store/vec4 v0x7ffe17c61c30_0, 0, 4;
    %jmp T_2.187;
T_2.186 ;
    %load/vec4 v0x7ffe17c624c0_0;
    %load/vec4 v0x7ffe17c61c30_0;
    %cmp/u;
    %jmp/0xz  T_2.188, 5;
    %pushi/vec4 0, 0, 1;
    %store/vec4 v0x7ffe17c61d80_0, 0, 1;
    %load/vec4 v0x7ffe17c61c30_0;
    %subi 1, 0, 4;
    %store/vec4 v0x7ffe17c61c30_0, 0, 4;
T_2.188 ;
T_2.187 ;
    %jmp T_2.183;
T_2.182 ;
    %pushi/vec4 0, 0, 1;
    %store/vec4 v0x7ffe17c62420_0, 0, 1;
T_2.183 ;
T_2.169 ;
T_2.131 ;
T_2.93 ;
T_2.59 ;
T_2.35 ;
T_2.27 ;
T_2.13 ;
T_2.1 ;
    %jmp T_2;
    .thread T_2;
    .scope S_0x7ffe17c51ae0;
T_3 ;
    %pushi/vec4 0, 0, 32;
    %store/vec4 v0x7ffe17c62e00_0, 0, 32;
    %end;
    .thread T_3;
    .scope S_0x7ffe17c51ae0;
T_4 ;
    %pushi/vec4 1, 0, 1;
    %store/vec4 v0x7ffe17c627b0_0, 0, 1;
    %end;
    .thread T_4;
    .scope S_0x7ffe17c51ae0;
T_5 ;
    %delay 5000, 0;
    %load/vec4 v0x7ffe17c627b0_0;
    %inv;
    %store/vec4 v0x7ffe17c627b0_0, 0, 1;
    %jmp T_5;
    .thread T_5;
    .scope S_0x7ffe17c51ae0;
T_6 ;
    %vpi_call 2 34 "$monitor", "Time=%t | mode=%b request=%b | currentFloor1=%d currentFloor2=%d doorOpen1=%b doorOpen2=%b,listingLeds=%b,listBusy=%b,state=%b", $time, v0x7ffe17c62c20_0, v0x7ffe17c62cd0_0, v0x7ffe17c62840_0, v0x7ffe17c628d0_0, v0x7ffe17c62980_0, v0x7ffe17c62a30_0, v0x7ffe17c62b90_0, v0x7ffe17c62b00_0, v0x7ffe17c62e90_0 {0 0 0};
    %pushi/vec4 0, 0, 4;
    %store/vec4 v0x7ffe17c62cd0_0, 0, 4;
    %pushi/vec4 0, 0, 2;
    %store/vec4 v0x7ffe17c62c20_0, 0, 2;
    %delay 5000, 0;
    %pushi/vec4 0, 0, 2;
    %store/vec4 v0x7ffe17c62c20_0, 0, 2;
    %pushi/vec4 1, 0, 4;
    %store/vec4 v0x7ffe17c62cd0_0, 0, 4;
    %delay 10000, 0;
    %load/vec4 v0x7ffe17c62b00_0;
    %pushi/vec4 0, 0, 1;
    %cmp/e;
    %flag_get/vec4 4;
    %load/vec4 v0x7ffe17c62b90_0;
    %pushi/vec4 0, 0, 4;
    %cmp/e;
    %flag_get/vec4 4;
    %and;
    %load/vec4 v0x7ffe17c62e90_0;
    %pad/u 32;
    %pushi/vec4 0, 0, 32;
    %cmp/e;
    %flag_get/vec4 4;
    %and;
    %flag_set/vec4 8;
    %jmp/0xz  T_6.0, 8;
    %vpi_call 2 47 "$display", "Test 1: Successful" {0 0 0};
    %load/vec4 v0x7ffe17c62e00_0;
    %addi 1, 0, 32;
    %store/vec4 v0x7ffe17c62e00_0, 0, 32;
    %jmp T_6.1;
T_6.0 ;
    %vpi_call 2 50 "$display", "error_1 " {0 0 0};
T_6.1 ;
    %pushi/vec4 0, 0, 2;
    %store/vec4 v0x7ffe17c62c20_0, 0, 2;
    %pushi/vec4 2, 0, 4;
    %store/vec4 v0x7ffe17c62cd0_0, 0, 4;
    %delay 10000, 0;
    %load/vec4 v0x7ffe17c62b00_0;
    %pushi/vec4 0, 0, 1;
    %cmp/e;
    %flag_get/vec4 4;
    %load/vec4 v0x7ffe17c62b90_0;
    %pushi/vec4 0, 0, 4;
    %cmp/e;
    %flag_get/vec4 4;
    %and;
    %load/vec4 v0x7ffe17c62e90_0;
    %pad/u 32;
    %pushi/vec4 0, 0, 32;
    %cmp/e;
    %flag_get/vec4 4;
    %and;
    %flag_set/vec4 8;
    %jmp/0xz  T_6.2, 8;
    %vpi_call 2 59 "$display", "Test 2: Successful" {0 0 0};
    %load/vec4 v0x7ffe17c62e00_0;
    %addi 1, 0, 32;
    %store/vec4 v0x7ffe17c62e00_0, 0, 32;
    %jmp T_6.3;
T_6.2 ;
    %vpi_call 2 62 "$display", "error_2 " {0 0 0};
T_6.3 ;
    %pushi/vec4 0, 0, 2;
    %store/vec4 v0x7ffe17c62c20_0, 0, 2;
    %pushi/vec4 3, 0, 4;
    %store/vec4 v0x7ffe17c62cd0_0, 0, 4;
    %delay 10000, 0;
    %load/vec4 v0x7ffe17c62b00_0;
    %pushi/vec4 0, 0, 1;
    %cmp/e;
    %flag_get/vec4 4;
    %load/vec4 v0x7ffe17c62b90_0;
    %pushi/vec4 0, 0, 4;
    %cmp/e;
    %flag_get/vec4 4;
    %and;
    %load/vec4 v0x7ffe17c62e90_0;
    %pad/u 32;
    %pushi/vec4 0, 0, 32;
    %cmp/e;
    %flag_get/vec4 4;
    %and;
    %flag_set/vec4 8;
    %jmp/0xz  T_6.4, 8;
    %vpi_call 2 71 "$display", "Test 3: Successful" {0 0 0};
    %load/vec4 v0x7ffe17c62e00_0;
    %addi 1, 0, 32;
    %store/vec4 v0x7ffe17c62e00_0, 0, 32;
    %jmp T_6.5;
T_6.4 ;
    %vpi_call 2 74 "$display", "error_3" {0 0 0};
T_6.5 ;
    %pushi/vec4 0, 0, 2;
    %store/vec4 v0x7ffe17c62c20_0, 0, 2;
    %pushi/vec4 4, 0, 4;
    %store/vec4 v0x7ffe17c62cd0_0, 0, 4;
    %delay 10000, 0;
    %load/vec4 v0x7ffe17c62b00_0;
    %pushi/vec4 0, 0, 1;
    %cmp/e;
    %flag_get/vec4 4;
    %load/vec4 v0x7ffe17c62b90_0;
    %pushi/vec4 0, 0, 4;
    %cmp/e;
    %flag_get/vec4 4;
    %and;
    %load/vec4 v0x7ffe17c62e90_0;
    %pad/u 32;
    %pushi/vec4 0, 0, 32;
    %cmp/e;
    %flag_get/vec4 4;
    %and;
    %flag_set/vec4 8;
    %jmp/0xz  T_6.6, 8;
    %vpi_call 2 83 "$display", "Test 4: Successful" {0 0 0};
    %load/vec4 v0x7ffe17c62e00_0;
    %addi 1, 0, 32;
    %store/vec4 v0x7ffe17c62e00_0, 0, 32;
    %jmp T_6.7;
T_6.6 ;
    %vpi_call 2 86 "$display", "error_4" {0 0 0};
T_6.7 ;
    %pushi/vec4 0, 0, 2;
    %store/vec4 v0x7ffe17c62c20_0, 0, 2;
    %pushi/vec4 5, 0, 4;
    %store/vec4 v0x7ffe17c62cd0_0, 0, 4;
    %delay 10000, 0;
    %load/vec4 v0x7ffe17c62b00_0;
    %pushi/vec4 0, 0, 1;
    %cmp/e;
    %flag_get/vec4 4;
    %load/vec4 v0x7ffe17c62b90_0;
    %pushi/vec4 0, 0, 4;
    %cmp/e;
    %flag_get/vec4 4;
    %and;
    %load/vec4 v0x7ffe17c62e90_0;
    %pad/u 32;
    %pushi/vec4 0, 0, 32;
    %cmp/e;
    %flag_get/vec4 4;
    %and;
    %flag_set/vec4 8;
    %jmp/0xz  T_6.8, 8;
    %vpi_call 2 95 "$display", "Test 5: Successful" {0 0 0};
    %load/vec4 v0x7ffe17c62e00_0;
    %addi 1, 0, 32;
    %store/vec4 v0x7ffe17c62e00_0, 0, 32;
    %jmp T_6.9;
T_6.8 ;
    %vpi_call 2 98 "$display", "error_5" {0 0 0};
T_6.9 ;
    %pushi/vec4 0, 0, 2;
    %store/vec4 v0x7ffe17c62c20_0, 0, 2;
    %pushi/vec4 6, 0, 4;
    %store/vec4 v0x7ffe17c62cd0_0, 0, 4;
    %delay 10000, 0;
    %load/vec4 v0x7ffe17c62b00_0;
    %pushi/vec4 0, 0, 1;
    %cmp/e;
    %flag_get/vec4 4;
    %load/vec4 v0x7ffe17c62b90_0;
    %pushi/vec4 0, 0, 4;
    %cmp/e;
    %flag_get/vec4 4;
    %and;
    %load/vec4 v0x7ffe17c62e90_0;
    %pad/u 32;
    %pushi/vec4 0, 0, 32;
    %cmp/e;
    %flag_get/vec4 4;
    %and;
    %flag_set/vec4 8;
    %jmp/0xz  T_6.10, 8;
    %vpi_call 2 107 "$display", "Test 6: Successful" {0 0 0};
    %load/vec4 v0x7ffe17c62e00_0;
    %addi 1, 0, 32;
    %store/vec4 v0x7ffe17c62e00_0, 0, 32;
    %jmp T_6.11;
T_6.10 ;
    %vpi_call 2 110 "$display", "error_6" {0 0 0};
T_6.11 ;
    %pushi/vec4 0, 0, 2;
    %store/vec4 v0x7ffe17c62c20_0, 0, 2;
    %pushi/vec4 7, 0, 4;
    %store/vec4 v0x7ffe17c62cd0_0, 0, 4;
    %delay 10000, 0;
    %load/vec4 v0x7ffe17c62b00_0;
    %pushi/vec4 0, 0, 1;
    %cmp/e;
    %flag_get/vec4 4;
    %load/vec4 v0x7ffe17c62b90_0;
    %pushi/vec4 0, 0, 4;
    %cmp/e;
    %flag_get/vec4 4;
    %and;
    %load/vec4 v0x7ffe17c62e90_0;
    %pad/u 32;
    %pushi/vec4 0, 0, 32;
    %cmp/e;
    %flag_get/vec4 4;
    %and;
    %flag_set/vec4 8;
    %jmp/0xz  T_6.12, 8;
    %vpi_call 2 119 "$display", "Test 7: Successful" {0 0 0};
    %load/vec4 v0x7ffe17c62e00_0;
    %addi 1, 0, 32;
    %store/vec4 v0x7ffe17c62e00_0, 0, 32;
    %jmp T_6.13;
T_6.12 ;
    %vpi_call 2 122 "$display", "error_7" {0 0 0};
T_6.13 ;
    %pushi/vec4 0, 0, 2;
    %store/vec4 v0x7ffe17c62c20_0, 0, 2;
    %pushi/vec4 8, 0, 4;
    %store/vec4 v0x7ffe17c62cd0_0, 0, 4;
    %delay 10000, 0;
    %load/vec4 v0x7ffe17c62b00_0;
    %pushi/vec4 0, 0, 1;
    %cmp/e;
    %flag_get/vec4 4;
    %load/vec4 v0x7ffe17c62b90_0;
    %pushi/vec4 0, 0, 4;
    %cmp/e;
    %flag_get/vec4 4;
    %and;
    %load/vec4 v0x7ffe17c62e90_0;
    %pad/u 32;
    %pushi/vec4 0, 0, 32;
    %cmp/e;
    %flag_get/vec4 4;
    %and;
    %flag_set/vec4 8;
    %jmp/0xz  T_6.14, 8;
    %vpi_call 2 131 "$display", "Test 8: Successful" {0 0 0};
    %load/vec4 v0x7ffe17c62e00_0;
    %addi 1, 0, 32;
    %store/vec4 v0x7ffe17c62e00_0, 0, 32;
    %jmp T_6.15;
T_6.14 ;
    %vpi_call 2 134 "$display", "error_8" {0 0 0};
T_6.15 ;
    %pushi/vec4 0, 0, 2;
    %store/vec4 v0x7ffe17c62c20_0, 0, 2;
    %pushi/vec4 9, 0, 4;
    %store/vec4 v0x7ffe17c62cd0_0, 0, 4;
    %delay 10000, 0;
    %load/vec4 v0x7ffe17c62b00_0;
    %pushi/vec4 0, 0, 1;
    %cmp/e;
    %flag_get/vec4 4;
    %load/vec4 v0x7ffe17c62b90_0;
    %pushi/vec4 0, 0, 4;
    %cmp/e;
    %flag_get/vec4 4;
    %and;
    %load/vec4 v0x7ffe17c62e90_0;
    %pad/u 32;
    %pushi/vec4 0, 0, 32;
    %cmp/e;
    %flag_get/vec4 4;
    %and;
    %flag_set/vec4 8;
    %jmp/0xz  T_6.16, 8;
    %vpi_call 2 143 "$display", "Test 9: Successful" {0 0 0};
    %load/vec4 v0x7ffe17c62e00_0;
    %addi 1, 0, 32;
    %store/vec4 v0x7ffe17c62e00_0, 0, 32;
    %jmp T_6.17;
T_6.16 ;
    %vpi_call 2 146 "$display", "error_9" {0 0 0};
T_6.17 ;
    %pushi/vec4 1, 0, 2;
    %store/vec4 v0x7ffe17c62c20_0, 0, 2;
    %pushi/vec4 0, 0, 4;
    %store/vec4 v0x7ffe17c62cd0_0, 0, 4;
    %delay 10000, 0;
    %load/vec4 v0x7ffe17c62b00_0;
    %pushi/vec4 1, 0, 1;
    %cmp/e;
    %flag_get/vec4 4;
    %load/vec4 v0x7ffe17c62b90_0;
    %pushi/vec4 1, 0, 4;
    %cmp/e;
    %flag_get/vec4 4;
    %and;
    %load/vec4 v0x7ffe17c62e90_0;
    %pad/u 32;
    %pushi/vec4 0, 0, 32;
    %cmp/e;
    %flag_get/vec4 4;
    %and;
    %flag_set/vec4 8;
    %jmp/0xz  T_6.18, 8;
    %vpi_call 2 155 "$display", "Test 10: Successful" {0 0 0};
    %load/vec4 v0x7ffe17c62e00_0;
    %addi 1, 0, 32;
    %store/vec4 v0x7ffe17c62e00_0, 0, 32;
    %jmp T_6.19;
T_6.18 ;
    %vpi_call 2 158 "$display", "error_10" {0 0 0};
T_6.19 ;
    %pushi/vec4 1, 0, 2;
    %store/vec4 v0x7ffe17c62c20_0, 0, 2;
    %pushi/vec4 0, 0, 4;
    %store/vec4 v0x7ffe17c62cd0_0, 0, 4;
    %delay 10000, 0;
    %load/vec4 v0x7ffe17c62b00_0;
    %pushi/vec4 1, 0, 1;
    %cmp/e;
    %flag_get/vec4 4;
    %load/vec4 v0x7ffe17c62b90_0;
    %pushi/vec4 2, 0, 4;
    %cmp/e;
    %flag_get/vec4 4;
    %and;
    %load/vec4 v0x7ffe17c62e90_0;
    %pad/u 32;
    %pushi/vec4 0, 0, 32;
    %cmp/e;
    %flag_get/vec4 4;
    %and;
    %flag_set/vec4 8;
    %jmp/0xz  T_6.20, 8;
    %vpi_call 2 167 "$display", "Test 11: Successful" {0 0 0};
    %load/vec4 v0x7ffe17c62e00_0;
    %addi 1, 0, 32;
    %store/vec4 v0x7ffe17c62e00_0, 0, 32;
    %jmp T_6.21;
T_6.20 ;
    %vpi_call 2 170 "$display", "error_11" {0 0 0};
T_6.21 ;
    %pushi/vec4 1, 0, 2;
    %store/vec4 v0x7ffe17c62c20_0, 0, 2;
    %pushi/vec4 0, 0, 4;
    %store/vec4 v0x7ffe17c62cd0_0, 0, 4;
    %delay 10000, 0;
    %load/vec4 v0x7ffe17c62b00_0;
    %pushi/vec4 1, 0, 1;
    %cmp/e;
    %flag_get/vec4 4;
    %load/vec4 v0x7ffe17c62b90_0;
    %pushi/vec4 3, 0, 4;
    %cmp/e;
    %flag_get/vec4 4;
    %and;
    %load/vec4 v0x7ffe17c62e90_0;
    %pad/u 32;
    %pushi/vec4 0, 0, 32;
    %cmp/e;
    %flag_get/vec4 4;
    %and;
    %flag_set/vec4 8;
    %jmp/0xz  T_6.22, 8;
    %vpi_call 2 179 "$display", "Test 12: Successful" {0 0 0};
    %load/vec4 v0x7ffe17c62e00_0;
    %addi 1, 0, 32;
    %store/vec4 v0x7ffe17c62e00_0, 0, 32;
    %jmp T_6.23;
T_6.22 ;
    %vpi_call 2 182 "$display", "error_12" {0 0 0};
T_6.23 ;
    %pushi/vec4 1, 0, 2;
    %store/vec4 v0x7ffe17c62c20_0, 0, 2;
    %pushi/vec4 0, 0, 4;
    %store/vec4 v0x7ffe17c62cd0_0, 0, 4;
    %delay 10000, 0;
    %load/vec4 v0x7ffe17c62b00_0;
    %pushi/vec4 1, 0, 1;
    %cmp/e;
    %flag_get/vec4 4;
    %load/vec4 v0x7ffe17c62b90_0;
    %pushi/vec4 4, 0, 4;
    %cmp/e;
    %flag_get/vec4 4;
    %and;
    %load/vec4 v0x7ffe17c62e90_0;
    %pad/u 32;
    %pushi/vec4 0, 0, 32;
    %cmp/e;
    %flag_get/vec4 4;
    %and;
    %flag_set/vec4 8;
    %jmp/0xz  T_6.24, 8;
    %vpi_call 2 191 "$display", "Test 13: Successful" {0 0 0};
    %load/vec4 v0x7ffe17c62e00_0;
    %addi 1, 0, 32;
    %store/vec4 v0x7ffe17c62e00_0, 0, 32;
    %jmp T_6.25;
T_6.24 ;
    %vpi_call 2 194 "$display", "error_13" {0 0 0};
T_6.25 ;
    %pushi/vec4 1, 0, 2;
    %store/vec4 v0x7ffe17c62c20_0, 0, 2;
    %pushi/vec4 0, 0, 4;
    %store/vec4 v0x7ffe17c62cd0_0, 0, 4;
    %delay 10000, 0;
    %load/vec4 v0x7ffe17c62b00_0;
    %pushi/vec4 1, 0, 1;
    %cmp/e;
    %flag_get/vec4 4;
    %load/vec4 v0x7ffe17c62b90_0;
    %pushi/vec4 5, 0, 4;
    %cmp/e;
    %flag_get/vec4 4;
    %and;
    %load/vec4 v0x7ffe17c62e90_0;
    %pad/u 32;
    %pushi/vec4 0, 0, 32;
    %cmp/e;
    %flag_get/vec4 4;
    %and;
    %flag_set/vec4 8;
    %jmp/0xz  T_6.26, 8;
    %vpi_call 2 203 "$display", "Test 14: Successful" {0 0 0};
    %load/vec4 v0x7ffe17c62e00_0;
    %addi 1, 0, 32;
    %store/vec4 v0x7ffe17c62e00_0, 0, 32;
    %jmp T_6.27;
T_6.26 ;
    %vpi_call 2 206 "$display", "error_14" {0 0 0};
T_6.27 ;
    %pushi/vec4 1, 0, 2;
    %store/vec4 v0x7ffe17c62c20_0, 0, 2;
    %pushi/vec4 0, 0, 4;
    %store/vec4 v0x7ffe17c62cd0_0, 0, 4;
    %delay 10000, 0;
    %load/vec4 v0x7ffe17c62b00_0;
    %pushi/vec4 1, 0, 1;
    %cmp/e;
    %flag_get/vec4 4;
    %load/vec4 v0x7ffe17c62b90_0;
    %pushi/vec4 6, 0, 4;
    %cmp/e;
    %flag_get/vec4 4;
    %and;
    %load/vec4 v0x7ffe17c62e90_0;
    %pad/u 32;
    %pushi/vec4 0, 0, 32;
    %cmp/e;
    %flag_get/vec4 4;
    %and;
    %flag_set/vec4 8;
    %jmp/0xz  T_6.28, 8;
    %vpi_call 2 215 "$display", "Test 15: Successful" {0 0 0};
    %load/vec4 v0x7ffe17c62e00_0;
    %addi 1, 0, 32;
    %store/vec4 v0x7ffe17c62e00_0, 0, 32;
    %jmp T_6.29;
T_6.28 ;
    %vpi_call 2 218 "$display", "error_15" {0 0 0};
T_6.29 ;
    %pushi/vec4 1, 0, 2;
    %store/vec4 v0x7ffe17c62c20_0, 0, 2;
    %pushi/vec4 0, 0, 4;
    %store/vec4 v0x7ffe17c62cd0_0, 0, 4;
    %delay 10000, 0;
    %load/vec4 v0x7ffe17c62b00_0;
    %pushi/vec4 1, 0, 1;
    %cmp/e;
    %flag_get/vec4 4;
    %load/vec4 v0x7ffe17c62b90_0;
    %pushi/vec4 7, 0, 4;
    %cmp/e;
    %flag_get/vec4 4;
    %and;
    %load/vec4 v0x7ffe17c62e90_0;
    %pad/u 32;
    %pushi/vec4 0, 0, 32;
    %cmp/e;
    %flag_get/vec4 4;
    %and;
    %flag_set/vec4 8;
    %jmp/0xz  T_6.30, 8;
    %vpi_call 2 227 "$display", "Test 16: Successful" {0 0 0};
    %load/vec4 v0x7ffe17c62e00_0;
    %addi 1, 0, 32;
    %store/vec4 v0x7ffe17c62e00_0, 0, 32;
    %jmp T_6.31;
T_6.30 ;
    %vpi_call 2 230 "$display", "error_16" {0 0 0};
T_6.31 ;
    %pushi/vec4 1, 0, 2;
    %store/vec4 v0x7ffe17c62c20_0, 0, 2;
    %pushi/vec4 0, 0, 4;
    %store/vec4 v0x7ffe17c62cd0_0, 0, 4;
    %delay 10000, 0;
    %load/vec4 v0x7ffe17c62b00_0;
    %pushi/vec4 1, 0, 1;
    %cmp/e;
    %flag_get/vec4 4;
    %load/vec4 v0x7ffe17c62b90_0;
    %pushi/vec4 8, 0, 4;
    %cmp/e;
    %flag_get/vec4 4;
    %and;
    %load/vec4 v0x7ffe17c62e90_0;
    %pad/u 32;
    %pushi/vec4 0, 0, 32;
    %cmp/e;
    %flag_get/vec4 4;
    %and;
    %flag_set/vec4 8;
    %jmp/0xz  T_6.32, 8;
    %vpi_call 2 239 "$display", "Test 17: Successful" {0 0 0};
    %load/vec4 v0x7ffe17c62e00_0;
    %addi 1, 0, 32;
    %store/vec4 v0x7ffe17c62e00_0, 0, 32;
    %jmp T_6.33;
T_6.32 ;
    %vpi_call 2 242 "$display", "error_17" {0 0 0};
T_6.33 ;
    %pushi/vec4 1, 0, 2;
    %store/vec4 v0x7ffe17c62c20_0, 0, 2;
    %pushi/vec4 0, 0, 4;
    %store/vec4 v0x7ffe17c62cd0_0, 0, 4;
    %delay 10000, 0;
    %load/vec4 v0x7ffe17c62b00_0;
    %pushi/vec4 0, 0, 1;
    %cmp/e;
    %flag_get/vec4 4;
    %load/vec4 v0x7ffe17c62b90_0;
    %pushi/vec4 0, 0, 4;
    %cmp/e;
    %flag_get/vec4 4;
    %and;
    %load/vec4 v0x7ffe17c62e90_0;
    %pad/u 32;
    %pushi/vec4 0, 0, 32;
    %cmp/e;
    %flag_get/vec4 4;
    %and;
    %flag_set/vec4 8;
    %jmp/0xz  T_6.34, 8;
    %vpi_call 2 251 "$display", "Test 18: Successful" {0 0 0};
    %load/vec4 v0x7ffe17c62e00_0;
    %addi 1, 0, 32;
    %store/vec4 v0x7ffe17c62e00_0, 0, 32;
    %jmp T_6.35;
T_6.34 ;
    %vpi_call 2 254 "$display", "error_18" {0 0 0};
T_6.35 ;
    %pushi/vec4 2, 0, 2;
    %store/vec4 v0x7ffe17c62c20_0, 0, 2;
    %pushi/vec4 1, 0, 4;
    %store/vec4 v0x7ffe17c62cd0_0, 0, 4;
    %delay 10000, 0;
    %load/vec4 v0x7ffe17c62b00_0;
    %pushi/vec4 0, 0, 1;
    %cmp/e;
    %flag_get/vec4 4;
    %load/vec4 v0x7ffe17c62b90_0;
    %pushi/vec4 0, 0, 4;
    %cmp/e;
    %flag_get/vec4 4;
    %and;
    %load/vec4 v0x7ffe17c62e90_0;
    %pad/u 32;
    %pushi/vec4 0, 0, 32;
    %cmp/e;
    %flag_get/vec4 4;
    %and;
    %flag_set/vec4 8;
    %jmp/0xz  T_6.36, 8;
    %vpi_call 2 263 "$display", "Test 19: Successful" {0 0 0};
    %load/vec4 v0x7ffe17c62e00_0;
    %addi 1, 0, 32;
    %store/vec4 v0x7ffe17c62e00_0, 0, 32;
    %jmp T_6.37;
T_6.36 ;
    %vpi_call 2 266 "$display", "error_19" {0 0 0};
T_6.37 ;
    %pushi/vec4 2, 0, 2;
    %store/vec4 v0x7ffe17c62c20_0, 0, 2;
    %pushi/vec4 2, 0, 4;
    %store/vec4 v0x7ffe17c62cd0_0, 0, 4;
    %delay 10000, 0;
    %load/vec4 v0x7ffe17c62b00_0;
    %pushi/vec4 0, 0, 1;
    %cmp/e;
    %flag_get/vec4 4;
    %load/vec4 v0x7ffe17c62b90_0;
    %pushi/vec4 0, 0, 4;
    %cmp/e;
    %flag_get/vec4 4;
    %and;
    %load/vec4 v0x7ffe17c62e90_0;
    %pad/u 32;
    %pushi/vec4 0, 0, 32;
    %cmp/e;
    %flag_get/vec4 4;
    %and;
    %flag_set/vec4 8;
    %jmp/0xz  T_6.38, 8;
    %vpi_call 2 275 "$display", "Test 20: Successful" {0 0 0};
    %load/vec4 v0x7ffe17c62e00_0;
    %addi 1, 0, 32;
    %store/vec4 v0x7ffe17c62e00_0, 0, 32;
    %jmp T_6.39;
T_6.38 ;
    %vpi_call 2 278 "$display", "error_20" {0 0 0};
T_6.39 ;
    %pushi/vec4 2, 0, 2;
    %store/vec4 v0x7ffe17c62c20_0, 0, 2;
    %pushi/vec4 3, 0, 4;
    %store/vec4 v0x7ffe17c62cd0_0, 0, 4;
    %delay 10000, 0;
    %load/vec4 v0x7ffe17c62b00_0;
    %pushi/vec4 0, 0, 1;
    %cmp/e;
    %flag_get/vec4 4;
    %load/vec4 v0x7ffe17c62b90_0;
    %pushi/vec4 0, 0, 4;
    %cmp/e;
    %flag_get/vec4 4;
    %and;
    %load/vec4 v0x7ffe17c62e90_0;
    %pad/u 32;
    %pushi/vec4 0, 0, 32;
    %cmp/e;
    %flag_get/vec4 4;
    %and;
    %flag_set/vec4 8;
    %jmp/0xz  T_6.40, 8;
    %vpi_call 2 287 "$display", "Test 21: Successful" {0 0 0};
    %load/vec4 v0x7ffe17c62e00_0;
    %addi 1, 0, 32;
    %store/vec4 v0x7ffe17c62e00_0, 0, 32;
    %jmp T_6.41;
T_6.40 ;
    %vpi_call 2 290 "$display", "error_21" {0 0 0};
T_6.41 ;
    %pushi/vec4 2, 0, 2;
    %store/vec4 v0x7ffe17c62c20_0, 0, 2;
    %pushi/vec4 5, 0, 4;
    %store/vec4 v0x7ffe17c62cd0_0, 0, 4;
    %delay 10000, 0;
    %load/vec4 v0x7ffe17c62b00_0;
    %pushi/vec4 0, 0, 1;
    %cmp/e;
    %flag_get/vec4 4;
    %load/vec4 v0x7ffe17c62b90_0;
    %pushi/vec4 0, 0, 4;
    %cmp/e;
    %flag_get/vec4 4;
    %and;
    %load/vec4 v0x7ffe17c62e90_0;
    %pad/u 32;
    %pushi/vec4 0, 0, 32;
    %cmp/e;
    %flag_get/vec4 4;
    %and;
    %flag_set/vec4 8;
    %jmp/0xz  T_6.42, 8;
    %vpi_call 2 299 "$display", "Test 22: Successful" {0 0 0};
    %load/vec4 v0x7ffe17c62e00_0;
    %addi 1, 0, 32;
    %store/vec4 v0x7ffe17c62e00_0, 0, 32;
    %jmp T_6.43;
T_6.42 ;
    %vpi_call 2 302 "$display", "error_22" {0 0 0};
T_6.43 ;
    %pushi/vec4 2, 0, 2;
    %store/vec4 v0x7ffe17c62c20_0, 0, 2;
    %pushi/vec4 6, 0, 4;
    %store/vec4 v0x7ffe17c62cd0_0, 0, 4;
    %delay 10000, 0;
    %load/vec4 v0x7ffe17c62b00_0;
    %pushi/vec4 0, 0, 1;
    %cmp/e;
    %flag_get/vec4 4;
    %load/vec4 v0x7ffe17c62b90_0;
    %pushi/vec4 0, 0, 4;
    %cmp/e;
    %flag_get/vec4 4;
    %and;
    %load/vec4 v0x7ffe17c62e90_0;
    %pad/u 32;
    %pushi/vec4 0, 0, 32;
    %cmp/e;
    %flag_get/vec4 4;
    %and;
    %flag_set/vec4 8;
    %jmp/0xz  T_6.44, 8;
    %vpi_call 2 311 "$display", "Test 23: Successful" {0 0 0};
    %load/vec4 v0x7ffe17c62e00_0;
    %addi 1, 0, 32;
    %store/vec4 v0x7ffe17c62e00_0, 0, 32;
    %jmp T_6.45;
T_6.44 ;
    %vpi_call 2 314 "$display", "error_23" {0 0 0};
T_6.45 ;
    %pushi/vec4 2, 0, 2;
    %store/vec4 v0x7ffe17c62c20_0, 0, 2;
    %pushi/vec4 7, 0, 4;
    %store/vec4 v0x7ffe17c62cd0_0, 0, 4;
    %delay 10000, 0;
    %load/vec4 v0x7ffe17c62b00_0;
    %pushi/vec4 0, 0, 1;
    %cmp/e;
    %flag_get/vec4 4;
    %load/vec4 v0x7ffe17c62b90_0;
    %pushi/vec4 0, 0, 4;
    %cmp/e;
    %flag_get/vec4 4;
    %and;
    %load/vec4 v0x7ffe17c62e90_0;
    %pad/u 32;
    %pushi/vec4 0, 0, 32;
    %cmp/e;
    %flag_get/vec4 4;
    %and;
    %flag_set/vec4 8;
    %jmp/0xz  T_6.46, 8;
    %vpi_call 2 323 "$display", "Test 24: Successful" {0 0 0};
    %load/vec4 v0x7ffe17c62e00_0;
    %addi 1, 0, 32;
    %store/vec4 v0x7ffe17c62e00_0, 0, 32;
    %jmp T_6.47;
T_6.46 ;
    %vpi_call 2 326 "$display", "error_24" {0 0 0};
T_6.47 ;
    %pushi/vec4 2, 0, 2;
    %store/vec4 v0x7ffe17c62c20_0, 0, 2;
    %pushi/vec4 8, 0, 4;
    %store/vec4 v0x7ffe17c62cd0_0, 0, 4;
    %delay 10000, 0;
    %load/vec4 v0x7ffe17c62b00_0;
    %pushi/vec4 0, 0, 1;
    %cmp/e;
    %flag_get/vec4 4;
    %load/vec4 v0x7ffe17c62b90_0;
    %pushi/vec4 0, 0, 4;
    %cmp/e;
    %flag_get/vec4 4;
    %and;
    %load/vec4 v0x7ffe17c62e90_0;
    %pad/u 32;
    %pushi/vec4 0, 0, 32;
    %cmp/e;
    %flag_get/vec4 4;
    %and;
    %flag_set/vec4 8;
    %jmp/0xz  T_6.48, 8;
    %vpi_call 2 334 "$display", "Test 25: Successful" {0 0 0};
    %load/vec4 v0x7ffe17c62e00_0;
    %addi 1, 0, 32;
    %store/vec4 v0x7ffe17c62e00_0, 0, 32;
    %jmp T_6.49;
T_6.48 ;
    %vpi_call 2 337 "$display", "error_25" {0 0 0};
T_6.49 ;
    %pushi/vec4 0, 0, 2;
    %store/vec4 v0x7ffe17c62c20_0, 0, 2;
    %pushi/vec4 15, 0, 4;
    %store/vec4 v0x7ffe17c62cd0_0, 0, 4;
    %delay 10000, 0;
    %load/vec4 v0x7ffe17c62b00_0;
    %pushi/vec4 0, 0, 1;
    %cmp/e;
    %flag_get/vec4 4;
    %load/vec4 v0x7ffe17c62b90_0;
    %pushi/vec4 0, 0, 4;
    %cmp/e;
    %flag_get/vec4 4;
    %and;
    %load/vec4 v0x7ffe17c62e90_0;
    %pad/u 32;
    %pushi/vec4 0, 0, 32;
    %cmp/e;
    %flag_get/vec4 4;
    %and;
    %flag_set/vec4 8;
    %jmp/0xz  T_6.50, 8;
    %vpi_call 2 346 "$display", "Test 26: Successful" {0 0 0};
    %load/vec4 v0x7ffe17c62e00_0;
    %addi 1, 0, 32;
    %store/vec4 v0x7ffe17c62e00_0, 0, 32;
    %jmp T_6.51;
T_6.50 ;
    %vpi_call 2 349 "$display", "error_26" {0 0 0};
T_6.51 ;
    %pushi/vec4 1, 0, 2;
    %store/vec4 v0x7ffe17c62c20_0, 0, 2;
    %pushi/vec4 0, 0, 4;
    %store/vec4 v0x7ffe17c62cd0_0, 0, 4;
    %delay 10000, 0;
    %load/vec4 v0x7ffe17c62b00_0;
    %pushi/vec4 1, 0, 1;
    %cmp/e;
    %flag_get/vec4 4;
    %load/vec4 v0x7ffe17c62b90_0;
    %pushi/vec4 4, 0, 4;
    %cmp/e;
    %flag_get/vec4 4;
    %and;
    %load/vec4 v0x7ffe17c62e90_0;
    %pad/u 32;
    %pushi/vec4 0, 0, 32;
    %cmp/e;
    %flag_get/vec4 4;
    %and;
    %flag_set/vec4 8;
    %jmp/0xz  T_6.52, 8;
    %vpi_call 2 358 "$display", "Test 27: Successful" {0 0 0};
    %load/vec4 v0x7ffe17c62e00_0;
    %addi 1, 0, 32;
    %store/vec4 v0x7ffe17c62e00_0, 0, 32;
    %jmp T_6.53;
T_6.52 ;
    %vpi_call 2 361 "$display", "error_27" {0 0 0};
T_6.53 ;
    %pushi/vec4 1, 0, 2;
    %store/vec4 v0x7ffe17c62c20_0, 0, 2;
    %pushi/vec4 0, 0, 4;
    %store/vec4 v0x7ffe17c62cd0_0, 0, 4;
    %delay 10000, 0;
    %load/vec4 v0x7ffe17c62b00_0;
    %pushi/vec4 1, 0, 1;
    %cmp/e;
    %flag_get/vec4 4;
    %load/vec4 v0x7ffe17c62b90_0;
    %pushi/vec4 15, 0, 4;
    %cmp/e;
    %flag_get/vec4 4;
    %and;
    %load/vec4 v0x7ffe17c62e90_0;
    %pad/u 32;
    %pushi/vec4 0, 0, 32;
    %cmp/e;
    %flag_get/vec4 4;
    %and;
    %flag_set/vec4 8;
    %jmp/0xz  T_6.54, 8;
    %vpi_call 2 370 "$display", "Test 28: Successful" {0 0 0};
    %load/vec4 v0x7ffe17c62e00_0;
    %addi 1, 0, 32;
    %store/vec4 v0x7ffe17c62e00_0, 0, 32;
    %jmp T_6.55;
T_6.54 ;
    %vpi_call 2 373 "$display", "error_28" {0 0 0};
T_6.55 ;
    %pushi/vec4 1, 0, 2;
    %store/vec4 v0x7ffe17c62c20_0, 0, 2;
    %pushi/vec4 0, 0, 4;
    %store/vec4 v0x7ffe17c62cd0_0, 0, 4;
    %delay 10000, 0;
    %load/vec4 v0x7ffe17c62b00_0;
    %pushi/vec4 0, 0, 1;
    %cmp/e;
    %flag_get/vec4 4;
    %load/vec4 v0x7ffe17c62b90_0;
    %pushi/vec4 0, 0, 4;
    %cmp/e;
    %flag_get/vec4 4;
    %and;
    %load/vec4 v0x7ffe17c62e90_0;
    %pad/u 32;
    %pushi/vec4 0, 0, 32;
    %cmp/e;
    %flag_get/vec4 4;
    %and;
    %flag_set/vec4 8;
    %jmp/0xz  T_6.56, 8;
    %vpi_call 2 382 "$display", "Test 29: Successful" {0 0 0};
    %load/vec4 v0x7ffe17c62e00_0;
    %addi 1, 0, 32;
    %store/vec4 v0x7ffe17c62e00_0, 0, 32;
    %jmp T_6.57;
T_6.56 ;
    %vpi_call 2 385 "$display", "error_29" {0 0 0};
T_6.57 ;
    %pushi/vec4 2, 0, 2;
    %store/vec4 v0x7ffe17c62c20_0, 0, 2;
    %pushi/vec4 15, 0, 4;
    %store/vec4 v0x7ffe17c62cd0_0, 0, 4;
    %delay 10000, 0;
    %load/vec4 v0x7ffe17c62b00_0;
    %pushi/vec4 0, 0, 1;
    %cmp/e;
    %flag_get/vec4 4;
    %load/vec4 v0x7ffe17c62b90_0;
    %pushi/vec4 0, 0, 4;
    %cmp/e;
    %flag_get/vec4 4;
    %and;
    %load/vec4 v0x7ffe17c62e90_0;
    %pad/u 32;
    %pushi/vec4 0, 0, 32;
    %cmp/e;
    %flag_get/vec4 4;
    %and;
    %flag_set/vec4 8;
    %jmp/0xz  T_6.58, 8;
    %vpi_call 2 393 "$display", "Test 30: Successful" {0 0 0};
    %load/vec4 v0x7ffe17c62e00_0;
    %addi 1, 0, 32;
    %store/vec4 v0x7ffe17c62e00_0, 0, 32;
    %jmp T_6.59;
T_6.58 ;
    %vpi_call 2 396 "$display", "error_30" {0 0 0};
T_6.59 ;
    %pushi/vec4 2, 0, 2;
    %store/vec4 v0x7ffe17c62c20_0, 0, 2;
    %pushi/vec4 4, 0, 4;
    %store/vec4 v0x7ffe17c62cd0_0, 0, 4;
    %delay 10000, 0;
    %load/vec4 v0x7ffe17c62b00_0;
    %pushi/vec4 0, 0, 1;
    %cmp/e;
    %flag_get/vec4 4;
    %load/vec4 v0x7ffe17c62b90_0;
    %pushi/vec4 0, 0, 4;
    %cmp/e;
    %flag_get/vec4 4;
    %and;
    %load/vec4 v0x7ffe17c62e90_0;
    %pad/u 32;
    %pushi/vec4 0, 0, 32;
    %cmp/e;
    %flag_get/vec4 4;
    %and;
    %flag_set/vec4 8;
    %jmp/0xz  T_6.60, 8;
    %vpi_call 2 404 "$display", "Test 31: Successful" {0 0 0};
    %load/vec4 v0x7ffe17c62e00_0;
    %addi 1, 0, 32;
    %store/vec4 v0x7ffe17c62e00_0, 0, 32;
    %jmp T_6.61;
T_6.60 ;
    %vpi_call 2 407 "$display", "error_31" {0 0 0};
T_6.61 ;
    %pushi/vec4 0, 0, 2;
    %store/vec4 v0x7ffe17c62c20_0, 0, 2;
    %pushi/vec4 11, 0, 4;
    %store/vec4 v0x7ffe17c62cd0_0, 0, 4;
    %delay 10000, 0;
    %load/vec4 v0x7ffe17c62b00_0;
    %pushi/vec4 0, 0, 1;
    %cmp/e;
    %flag_get/vec4 4;
    %load/vec4 v0x7ffe17c62b90_0;
    %pushi/vec4 0, 0, 4;
    %cmp/e;
    %flag_get/vec4 4;
    %and;
    %load/vec4 v0x7ffe17c62e90_0;
    %pad/u 32;
    %pushi/vec4 0, 0, 32;
    %cmp/e;
    %flag_get/vec4 4;
    %and;
    %flag_set/vec4 8;
    %jmp/0xz  T_6.62, 8;
    %vpi_call 2 416 "$display", "Test 32: Successful" {0 0 0};
    %load/vec4 v0x7ffe17c62e00_0;
    %addi 1, 0, 32;
    %store/vec4 v0x7ffe17c62e00_0, 0, 32;
    %jmp T_6.63;
T_6.62 ;
    %vpi_call 2 419 "$display", "error_32" {0 0 0};
T_6.63 ;
    %pushi/vec4 0, 0, 2;
    %store/vec4 v0x7ffe17c62c20_0, 0, 2;
    %pushi/vec4 3, 0, 4;
    %store/vec4 v0x7ffe17c62cd0_0, 0, 4;
    %delay 10000, 0;
    %load/vec4 v0x7ffe17c62b00_0;
    %pushi/vec4 0, 0, 1;
    %cmp/e;
    %flag_get/vec4 4;
    %load/vec4 v0x7ffe17c62b90_0;
    %pushi/vec4 0, 0, 4;
    %cmp/e;
    %flag_get/vec4 4;
    %and;
    %load/vec4 v0x7ffe17c62e90_0;
    %pad/u 32;
    %pushi/vec4 0, 0, 32;
    %cmp/e;
    %flag_get/vec4 4;
    %and;
    %flag_set/vec4 8;
    %jmp/0xz  T_6.64, 8;
    %vpi_call 2 428 "$display", "Test 33: Successful" {0 0 0};
    %load/vec4 v0x7ffe17c62e00_0;
    %addi 1, 0, 32;
    %store/vec4 v0x7ffe17c62e00_0, 0, 32;
    %jmp T_6.65;
T_6.64 ;
    %vpi_call 2 431 "$display", "error_33" {0 0 0};
T_6.65 ;
    %pushi/vec4 0, 0, 2;
    %store/vec4 v0x7ffe17c62c20_0, 0, 2;
    %pushi/vec4 5, 0, 4;
    %store/vec4 v0x7ffe17c62cd0_0, 0, 4;
    %delay 10000, 0;
    %load/vec4 v0x7ffe17c62b00_0;
    %pushi/vec4 0, 0, 1;
    %cmp/e;
    %flag_get/vec4 4;
    %load/vec4 v0x7ffe17c62b90_0;
    %pushi/vec4 0, 0, 4;
    %cmp/e;
    %flag_get/vec4 4;
    %and;
    %load/vec4 v0x7ffe17c62e90_0;
    %pad/u 32;
    %pushi/vec4 0, 0, 32;
    %cmp/e;
    %flag_get/vec4 4;
    %and;
    %flag_set/vec4 8;
    %jmp/0xz  T_6.66, 8;
    %vpi_call 2 439 "$display", "Test 34: Successful" {0 0 0};
    %load/vec4 v0x7ffe17c62e00_0;
    %addi 1, 0, 32;
    %store/vec4 v0x7ffe17c62e00_0, 0, 32;
    %jmp T_6.67;
T_6.66 ;
    %vpi_call 2 442 "$display", "error_34" {0 0 0};
T_6.67 ;
    %pushi/vec4 0, 0, 2;
    %store/vec4 v0x7ffe17c62c20_0, 0, 2;
    %pushi/vec4 2, 0, 4;
    %store/vec4 v0x7ffe17c62cd0_0, 0, 4;
    %delay 10000, 0;
    %load/vec4 v0x7ffe17c62b00_0;
    %pushi/vec4 0, 0, 1;
    %cmp/e;
    %flag_get/vec4 4;
    %load/vec4 v0x7ffe17c62b90_0;
    %pushi/vec4 0, 0, 4;
    %cmp/e;
    %flag_get/vec4 4;
    %and;
    %load/vec4 v0x7ffe17c62e90_0;
    %pad/u 32;
    %pushi/vec4 0, 0, 32;
    %cmp/e;
    %flag_get/vec4 4;
    %and;
    %flag_set/vec4 8;
    %jmp/0xz  T_6.68, 8;
    %vpi_call 2 450 "$display", "Test 35: Successful" {0 0 0};
    %load/vec4 v0x7ffe17c62e00_0;
    %addi 1, 0, 32;
    %store/vec4 v0x7ffe17c62e00_0, 0, 32;
    %jmp T_6.69;
T_6.68 ;
    %vpi_call 2 453 "$display", "error_35" {0 0 0};
T_6.69 ;
    %pushi/vec4 3, 0, 2;
    %store/vec4 v0x7ffe17c62c20_0, 0, 2;
    %pushi/vec4 0, 0, 4;
    %store/vec4 v0x7ffe17c62cd0_0, 0, 4;
    %delay 10000, 0;
    %load/vec4 v0x7ffe17c62b00_0;
    %pushi/vec4 0, 0, 1;
    %cmp/e;
    %flag_get/vec4 4;
    %load/vec4 v0x7ffe17c62b90_0;
    %pushi/vec4 0, 0, 4;
    %cmp/e;
    %flag_get/vec4 4;
    %and;
    %load/vec4 v0x7ffe17c62e90_0;
    %pad/u 32;
    %pushi/vec4 1, 0, 32;
    %cmp/e;
    %flag_get/vec4 4;
    %and;
    %load/vec4 v0x7ffe17c62a30_0;
    %pad/u 32;
    %pushi/vec4 0, 0, 32;
    %cmp/e;
    %flag_get/vec4 4;
    %and;
    %load/vec4 v0x7ffe17c628d0_0;
    %pushi/vec4 2, 0, 4;
    %cmp/e;
    %flag_get/vec4 4;
    %and;
    %load/vec4 v0x7ffe17c62980_0;
    %pad/u 32;
    %pushi/vec4 0, 0, 32;
    %cmp/e;
    %flag_get/vec4 4;
    %and;
    %load/vec4 v0x7ffe17c62840_0;
    %pushi/vec4 2, 0, 4;
    %cmp/e;
    %flag_get/vec4 4;
    %and;
    %flag_set/vec4 8;
    %jmp/0xz  T_6.70, 8;
    %vpi_call 2 461 "$display", "Test 36: Successful" {0 0 0};
    %load/vec4 v0x7ffe17c62e00_0;
    %addi 1, 0, 32;
    %store/vec4 v0x7ffe17c62e00_0, 0, 32;
    %jmp T_6.71;
T_6.70 ;
    %vpi_call 2 464 "$display", "error_36" {0 0 0};
T_6.71 ;
    %pushi/vec4 3, 0, 2;
    %store/vec4 v0x7ffe17c62c20_0, 0, 2;
    %pushi/vec4 0, 0, 4;
    %store/vec4 v0x7ffe17c62cd0_0, 0, 4;
    %delay 10000, 0;
    %load/vec4 v0x7ffe17c62b00_0;
    %pushi/vec4 0, 0, 1;
    %cmp/e;
    %flag_get/vec4 4;
    %load/vec4 v0x7ffe17c62b90_0;
    %pushi/vec4 0, 0, 4;
    %cmp/e;
    %flag_get/vec4 4;
    %and;
    %load/vec4 v0x7ffe17c62e90_0;
    %pad/u 32;
    %pushi/vec4 1, 0, 32;
    %cmp/e;
    %flag_get/vec4 4;
    %and;
    %load/vec4 v0x7ffe17c62a30_0;
    %pad/u 32;
    %pushi/vec4 1, 0, 32;
    %cmp/e;
    %flag_get/vec4 4;
    %and;
    %load/vec4 v0x7ffe17c628d0_0;
    %pushi/vec4 3, 0, 4;
    %cmp/e;
    %flag_get/vec4 4;
    %and;
    %load/vec4 v0x7ffe17c62980_0;
    %pad/u 32;
    %pushi/vec4 0, 0, 32;
    %cmp/e;
    %flag_get/vec4 4;
    %and;
    %load/vec4 v0x7ffe17c62840_0;
    %pushi/vec4 3, 0, 4;
    %cmp/e;
    %flag_get/vec4 4;
    %and;
    %flag_set/vec4 8;
    %jmp/0xz  T_6.72, 8;
    %vpi_call 2 472 "$display", "Test 37: Successful" {0 0 0};
    %load/vec4 v0x7ffe17c62e00_0;
    %addi 1, 0, 32;
    %store/vec4 v0x7ffe17c62e00_0, 0, 32;
    %jmp T_6.73;
T_6.72 ;
    %vpi_call 2 475 "$display", "error_37" {0 0 0};
T_6.73 ;
    %pushi/vec4 3, 0, 2;
    %store/vec4 v0x7ffe17c62c20_0, 0, 2;
    %pushi/vec4 0, 0, 4;
    %store/vec4 v0x7ffe17c62cd0_0, 0, 4;
    %delay 10000, 0;
    %load/vec4 v0x7ffe17c62b00_0;
    %pushi/vec4 0, 0, 1;
    %cmp/e;
    %flag_get/vec4 4;
    %load/vec4 v0x7ffe17c62b90_0;
    %pushi/vec4 0, 0, 4;
    %cmp/e;
    %flag_get/vec4 4;
    %and;
    %load/vec4 v0x7ffe17c62e90_0;
    %pad/u 32;
    %pushi/vec4 1, 0, 32;
    %cmp/e;
    %flag_get/vec4 4;
    %and;
    %load/vec4 v0x7ffe17c62a30_0;
    %pad/u 32;
    %pushi/vec4 0, 0, 32;
    %cmp/e;
    %flag_get/vec4 4;
    %and;
    %load/vec4 v0x7ffe17c628d0_0;
    %pushi/vec4 4, 0, 4;
    %cmp/e;
    %flag_get/vec4 4;
    %and;
    %load/vec4 v0x7ffe17c62980_0;
    %pad/u 32;
    %pushi/vec4 0, 0, 32;
    %cmp/e;
    %flag_get/vec4 4;
    %and;
    %load/vec4 v0x7ffe17c62840_0;
    %pushi/vec4 4, 0, 4;
    %cmp/e;
    %flag_get/vec4 4;
    %and;
    %flag_set/vec4 8;
    %jmp/0xz  T_6.74, 8;
    %vpi_call 2 483 "$display", "Test 38: Successful" {0 0 0};
    %load/vec4 v0x7ffe17c62e00_0;
    %addi 1, 0, 32;
    %store/vec4 v0x7ffe17c62e00_0, 0, 32;
    %jmp T_6.75;
T_6.74 ;
    %vpi_call 2 486 "$display", "error_38" {0 0 0};
T_6.75 ;
    %pushi/vec4 3, 0, 2;
    %store/vec4 v0x7ffe17c62c20_0, 0, 2;
    %pushi/vec4 0, 0, 4;
    %store/vec4 v0x7ffe17c62cd0_0, 0, 4;
    %delay 10000, 0;
    %load/vec4 v0x7ffe17c62b00_0;
    %pushi/vec4 0, 0, 1;
    %cmp/e;
    %flag_get/vec4 4;
    %load/vec4 v0x7ffe17c62b90_0;
    %pushi/vec4 0, 0, 4;
    %cmp/e;
    %flag_get/vec4 4;
    %and;
    %load/vec4 v0x7ffe17c62e90_0;
    %pad/u 32;
    %pushi/vec4 1, 0, 32;
    %cmp/e;
    %flag_get/vec4 4;
    %and;
    %load/vec4 v0x7ffe17c62a30_0;
    %pad/u 32;
    %pushi/vec4 1, 0, 32;
    %cmp/e;
    %flag_get/vec4 4;
    %and;
    %load/vec4 v0x7ffe17c628d0_0;
    %pushi/vec4 5, 0, 4;
    %cmp/e;
    %flag_get/vec4 4;
    %and;
    %load/vec4 v0x7ffe17c62980_0;
    %pad/u 32;
    %pushi/vec4 0, 0, 32;
    %cmp/e;
    %flag_get/vec4 4;
    %and;
    %load/vec4 v0x7ffe17c62840_0;
    %pushi/vec4 5, 0, 4;
    %cmp/e;
    %flag_get/vec4 4;
    %and;
    %flag_set/vec4 8;
    %jmp/0xz  T_6.76, 8;
    %vpi_call 2 494 "$display", "Test 39: Successful" {0 0 0};
    %load/vec4 v0x7ffe17c62e00_0;
    %addi 1, 0, 32;
    %store/vec4 v0x7ffe17c62e00_0, 0, 32;
    %jmp T_6.77;
T_6.76 ;
    %vpi_call 2 497 "$display", "error_39" {0 0 0};
T_6.77 ;
    %pushi/vec4 3, 0, 2;
    %store/vec4 v0x7ffe17c62c20_0, 0, 2;
    %pushi/vec4 0, 0, 4;
    %store/vec4 v0x7ffe17c62cd0_0, 0, 4;
    %delay 10000, 0;
    %load/vec4 v0x7ffe17c62b00_0;
    %pushi/vec4 0, 0, 1;
    %cmp/e;
    %flag_get/vec4 4;
    %load/vec4 v0x7ffe17c62b90_0;
    %pushi/vec4 0, 0, 4;
    %cmp/e;
    %flag_get/vec4 4;
    %and;
    %load/vec4 v0x7ffe17c62e90_0;
    %pad/u 32;
    %pushi/vec4 1, 0, 32;
    %cmp/e;
    %flag_get/vec4 4;
    %and;
    %load/vec4 v0x7ffe17c62a30_0;
    %pad/u 32;
    %pushi/vec4 0, 0, 32;
    %cmp/e;
    %flag_get/vec4 4;
    %and;
    %load/vec4 v0x7ffe17c628d0_0;
    %pushi/vec4 4, 0, 4;
    %cmp/e;
    %flag_get/vec4 4;
    %and;
    %load/vec4 v0x7ffe17c62980_0;
    %pad/u 32;
    %pushi/vec4 0, 0, 32;
    %cmp/e;
    %flag_get/vec4 4;
    %and;
    %load/vec4 v0x7ffe17c62840_0;
    %pushi/vec4 6, 0, 4;
    %cmp/e;
    %flag_get/vec4 4;
    %and;
    %flag_set/vec4 8;
    %jmp/0xz  T_6.78, 8;
    %vpi_call 2 505 "$display", "Test 40: Successful" {0 0 0};
    %load/vec4 v0x7ffe17c62e00_0;
    %addi 1, 0, 32;
    %store/vec4 v0x7ffe17c62e00_0, 0, 32;
    %jmp T_6.79;
T_6.78 ;
    %vpi_call 2 508 "$display", "error_40" {0 0 0};
T_6.79 ;
    %pushi/vec4 3, 0, 2;
    %store/vec4 v0x7ffe17c62c20_0, 0, 2;
    %pushi/vec4 0, 0, 4;
    %store/vec4 v0x7ffe17c62cd0_0, 0, 4;
    %delay 10000, 0;
    %load/vec4 v0x7ffe17c62b00_0;
    %pushi/vec4 0, 0, 1;
    %cmp/e;
    %flag_get/vec4 4;
    %load/vec4 v0x7ffe17c62b90_0;
    %pushi/vec4 0, 0, 4;
    %cmp/e;
    %flag_get/vec4 4;
    %and;
    %load/vec4 v0x7ffe17c62e90_0;
    %pad/u 32;
    %pushi/vec4 1, 0, 32;
    %cmp/e;
    %flag_get/vec4 4;
    %and;
    %load/vec4 v0x7ffe17c62a30_0;
    %pad/u 32;
    %pushi/vec4 0, 0, 32;
    %cmp/e;
    %flag_get/vec4 4;
    %and;
    %load/vec4 v0x7ffe17c628d0_0;
    %pushi/vec4 3, 0, 4;
    %cmp/e;
    %flag_get/vec4 4;
    %and;
    %load/vec4 v0x7ffe17c62980_0;
    %pad/u 32;
    %pushi/vec4 0, 0, 32;
    %cmp/e;
    %flag_get/vec4 4;
    %and;
    %load/vec4 v0x7ffe17c62840_0;
    %pushi/vec4 7, 0, 4;
    %cmp/e;
    %flag_get/vec4 4;
    %and;
    %flag_set/vec4 8;
    %jmp/0xz  T_6.80, 8;
    %vpi_call 2 516 "$display", "Test 41: Successful" {0 0 0};
    %load/vec4 v0x7ffe17c62e00_0;
    %addi 1, 0, 32;
    %store/vec4 v0x7ffe17c62e00_0, 0, 32;
    %jmp T_6.81;
T_6.80 ;
    %vpi_call 2 519 "$display", "error_41" {0 0 0};
T_6.81 ;
    %pushi/vec4 3, 0, 2;
    %store/vec4 v0x7ffe17c62c20_0, 0, 2;
    %pushi/vec4 0, 0, 4;
    %store/vec4 v0x7ffe17c62cd0_0, 0, 4;
    %delay 10000, 0;
    %load/vec4 v0x7ffe17c62b00_0;
    %pushi/vec4 0, 0, 1;
    %cmp/e;
    %flag_get/vec4 4;
    %load/vec4 v0x7ffe17c62b90_0;
    %pushi/vec4 0, 0, 4;
    %cmp/e;
    %flag_get/vec4 4;
    %and;
    %load/vec4 v0x7ffe17c62e90_0;
    %pad/u 32;
    %pushi/vec4 1, 0, 32;
    %cmp/e;
    %flag_get/vec4 4;
    %and;
    %load/vec4 v0x7ffe17c62a30_0;
    %pad/u 32;
    %pushi/vec4 1, 0, 32;
    %cmp/e;
    %flag_get/vec4 4;
    %and;
    %load/vec4 v0x7ffe17c628d0_0;
    %pushi/vec4 2, 0, 4;
    %cmp/e;
    %flag_get/vec4 4;
    %and;
    %load/vec4 v0x7ffe17c62980_0;
    %pad/u 32;
    %pushi/vec4 0, 0, 32;
    %cmp/e;
    %flag_get/vec4 4;
    %and;
    %load/vec4 v0x7ffe17c62840_0;
    %pushi/vec4 8, 0, 4;
    %cmp/e;
    %flag_get/vec4 4;
    %and;
    %flag_set/vec4 8;
    %jmp/0xz  T_6.82, 8;
    %vpi_call 2 527 "$display", "Test 42: Successful" {0 0 0};
    %load/vec4 v0x7ffe17c62e00_0;
    %addi 1, 0, 32;
    %store/vec4 v0x7ffe17c62e00_0, 0, 32;
    %jmp T_6.83;
T_6.82 ;
    %vpi_call 2 530 "$display", "error_42" {0 0 0};
T_6.83 ;
    %pushi/vec4 3, 0, 2;
    %store/vec4 v0x7ffe17c62c20_0, 0, 2;
    %pushi/vec4 0, 0, 4;
    %store/vec4 v0x7ffe17c62cd0_0, 0, 4;
    %delay 10000, 0;
    %load/vec4 v0x7ffe17c62b00_0;
    %pushi/vec4 0, 0, 1;
    %cmp/e;
    %flag_get/vec4 4;
    %load/vec4 v0x7ffe17c62b90_0;
    %pushi/vec4 0, 0, 4;
    %cmp/e;
    %flag_get/vec4 4;
    %and;
    %load/vec4 v0x7ffe17c62e90_0;
    %pad/u 32;
    %pushi/vec4 1, 0, 32;
    %cmp/e;
    %flag_get/vec4 4;
    %and;
    %load/vec4 v0x7ffe17c62a30_0;
    %pad/u 32;
    %pushi/vec4 1, 0, 32;
    %cmp/e;
    %flag_get/vec4 4;
    %and;
    %load/vec4 v0x7ffe17c628d0_0;
    %pushi/vec4 2, 0, 4;
    %cmp/e;
    %flag_get/vec4 4;
    %and;
    %load/vec4 v0x7ffe17c62980_0;
    %pad/u 32;
    %pushi/vec4 0, 0, 32;
    %cmp/e;
    %flag_get/vec4 4;
    %and;
    %load/vec4 v0x7ffe17c62840_0;
    %pushi/vec4 9, 0, 4;
    %cmp/e;
    %flag_get/vec4 4;
    %and;
    %flag_set/vec4 8;
    %jmp/0xz  T_6.84, 8;
    %vpi_call 2 538 "$display", "Test 43: Successful" {0 0 0};
    %load/vec4 v0x7ffe17c62e00_0;
    %addi 1, 0, 32;
    %store/vec4 v0x7ffe17c62e00_0, 0, 32;
    %jmp T_6.85;
T_6.84 ;
    %vpi_call 2 541 "$display", "error_43" {0 0 0};
T_6.85 ;
    %pushi/vec4 3, 0, 2;
    %store/vec4 v0x7ffe17c62c20_0, 0, 2;
    %pushi/vec4 0, 0, 4;
    %store/vec4 v0x7ffe17c62cd0_0, 0, 4;
    %delay 10000, 0;
    %load/vec4 v0x7ffe17c62b00_0;
    %pushi/vec4 0, 0, 1;
    %cmp/e;
    %flag_get/vec4 4;
    %load/vec4 v0x7ffe17c62b90_0;
    %pushi/vec4 0, 0, 4;
    %cmp/e;
    %flag_get/vec4 4;
    %and;
    %load/vec4 v0x7ffe17c62e90_0;
    %pad/u 32;
    %pushi/vec4 1, 0, 32;
    %cmp/e;
    %flag_get/vec4 4;
    %and;
    %load/vec4 v0x7ffe17c62a30_0;
    %pad/u 32;
    %pushi/vec4 1, 0, 32;
    %cmp/e;
    %flag_get/vec4 4;
    %and;
    %load/vec4 v0x7ffe17c628d0_0;
    %pushi/vec4 2, 0, 4;
    %cmp/e;
    %flag_get/vec4 4;
    %and;
    %load/vec4 v0x7ffe17c62980_0;
    %pad/u 32;
    %pushi/vec4 0, 0, 32;
    %cmp/e;
    %flag_get/vec4 4;
    %and;
    %load/vec4 v0x7ffe17c62840_0;
    %pushi/vec4 10, 0, 4;
    %cmp/e;
    %flag_get/vec4 4;
    %and;
    %flag_set/vec4 8;
    %jmp/0xz  T_6.86, 8;
    %vpi_call 2 549 "$display", "Test 44: Successful" {0 0 0};
    %load/vec4 v0x7ffe17c62e00_0;
    %addi 1, 0, 32;
    %store/vec4 v0x7ffe17c62e00_0, 0, 32;
    %jmp T_6.87;
T_6.86 ;
    %vpi_call 2 552 "$display", "error_44" {0 0 0};
T_6.87 ;
    %pushi/vec4 3, 0, 2;
    %store/vec4 v0x7ffe17c62c20_0, 0, 2;
    %pushi/vec4 0, 0, 4;
    %store/vec4 v0x7ffe17c62cd0_0, 0, 4;
    %delay 10000, 0;
    %load/vec4 v0x7ffe17c62b00_0;
    %pushi/vec4 0, 0, 1;
    %cmp/e;
    %flag_get/vec4 4;
    %load/vec4 v0x7ffe17c62b90_0;
    %pushi/vec4 0, 0, 4;
    %cmp/e;
    %flag_get/vec4 4;
    %and;
    %load/vec4 v0x7ffe17c62e90_0;
    %pad/u 32;
    %pushi/vec4 0, 0, 32;
    %cmp/e;
    %flag_get/vec4 4;
    %and;
    %load/vec4 v0x7ffe17c62a30_0;
    %pad/u 32;
    %pushi/vec4 1, 0, 32;
    %cmp/e;
    %flag_get/vec4 4;
    %and;
    %load/vec4 v0x7ffe17c628d0_0;
    %pushi/vec4 2, 0, 4;
    %cmp/e;
    %flag_get/vec4 4;
    %and;
    %load/vec4 v0x7ffe17c62980_0;
    %pad/u 32;
    %pushi/vec4 1, 0, 32;
    %cmp/e;
    %flag_get/vec4 4;
    %and;
    %load/vec4 v0x7ffe17c62840_0;
    %pushi/vec4 11, 0, 4;
    %cmp/e;
    %flag_get/vec4 4;
    %and;
    %flag_set/vec4 8;
    %jmp/0xz  T_6.88, 8;
    %vpi_call 2 560 "$display", "Test 45: Successful" {0 0 0};
    %load/vec4 v0x7ffe17c62e00_0;
    %addi 1, 0, 32;
    %store/vec4 v0x7ffe17c62e00_0, 0, 32;
    %jmp T_6.89;
T_6.88 ;
    %vpi_call 2 563 "$display", "error_45" {0 0 0};
T_6.89 ;
    %load/vec4 v0x7ffe17c62e00_0;
    %cmpi/e 45, 0, 32;
    %jmp/0xz  T_6.90, 4;
    %vpi_call 2 568 "$display", "ACCOMPLISHED 45/45" {0 0 0};
    %jmp T_6.91;
T_6.90 ;
    %vpi_call 2 569 "$display", "Result != 45" {0 0 0};
T_6.91 ;
    %vpi_call 2 570 "$display", "Testbench was finished" {0 0 0};
    %vpi_call 2 571 "$finish" {0 0 0};
    %end;
    .thread T_6;
# The file index is used to find the file name in the following table.
:file_names 4;
    "N/A";
    "<interactive>";
    "test2.v";
    "lab5_2.v";
