#! /usr/local/Cellar/icarus-verilog/10.2/bin/vvp
:ivl_version "10.2 (stable)" "(v10_2)";
:ivl_delay_selection "TYPICAL";
:vpi_time_precision - 12;
:vpi_module "system";
:vpi_module "vhdl_sys";
:vpi_module "v2005_math";
:vpi_module "va_math";
S_0x7fe92bc032f0 .scope module, "testbench_l4" "testbench_l4" 2 3;
 .timescale -9 -12;
v0x7fe92bc7f3a0_0 .var "CLK", 0 0;
v0x7fe92bc7f430_0 .net "capWngCF", 0 0, v0x7fe92bc7e5d0_0;  1 drivers
v0x7fe92bc7f4c0_0 .net "capWngLP", 0 0, v0x7fe92bc7e670_0;  1 drivers
v0x7fe92bc7f550_0 .net "findRes", 0 0, v0x7fe92bc7e800_0;  1 drivers
v0x7fe92bc7f5e0_0 .net "listMode", 0 0, v0x7fe92bc7ec70_0;  1 drivers
v0x7fe92bc7f6b0_0 .net "listOut", 3 0, v0x7fe92bc7ed10_0;  1 drivers
v0x7fe92bc7f740_0 .var "mode", 1 0;
v0x7fe92bc7f7f0_0 .net "numPlyCF", 7 0, v0x7fe92bc7ee70_0;  1 drivers
v0x7fe92bc7f8a0_0 .net "numPlyLP", 7 0, v0x7fe92bc7ef20_0;  1 drivers
v0x7fe92bc7f9d0_0 .var/i "result", 31 0;
v0x7fe92bc7fa60_0 .var "team", 0 0;
v0x7fe92bc7faf0_0 .net "teamWng", 0 0, v0x7fe92bc7f140_0;  1 drivers
v0x7fe92bc7fb80_0 .var "userID", 3 0;
S_0x7fe92bc6ea50 .scope module, "uut" "lab4_2" 2 19, 3 3 0, S_0x7fe92bc032f0;
 .timescale -9 -12;
    .port_info 0 /INPUT 4 "userID"
    .port_info 1 /INPUT 1 "CLK"
    .port_info 2 /INPUT 1 "team"
    .port_info 3 /INPUT 2 "mode"
    .port_info 4 /OUTPUT 8 "numPlyLP"
    .port_info 5 /OUTPUT 8 "numPlyCF"
    .port_info 6 /OUTPUT 1 "teamWng"
    .port_info 7 /OUTPUT 1 "capWngLP"
    .port_info 8 /OUTPUT 1 "capWngCF"
    .port_info 9 /OUTPUT 1 "findRes"
    .port_info 10 /OUTPUT 4 "listOut"
    .port_info 11 /OUTPUT 1 "listMode"
v0x7fe92bc16ee0 .array "CF", 4 0, 3 0;
v0x7fe92bc6ebb0_0 .net "CLK", 0 0, v0x7fe92bc7f3a0_0;  1 drivers
v0x7fe92bc7e520 .array "LP", 4 0, 3 0;
v0x7fe92bc7e5d0_0 .var "capWngCF", 0 0;
v0x7fe92bc7e670_0 .var "capWngLP", 0 0;
v0x7fe92bc7e750_0 .var/i "cefe", 31 0;
v0x7fe92bc7e800_0 .var "findRes", 0 0;
v0x7fe92bc7e8a0_0 .var/i "flag", 31 0;
v0x7fe92bc7e950_0 .var/i "flag2", 31 0;
v0x7fe92bc7ea60_0 .var/i "flag3", 31 0;
v0x7fe92bc7eb10_0 .var/i "i", 31 0;
v0x7fe92bc7ebc0_0 .var/i "lepe", 31 0;
v0x7fe92bc7ec70_0 .var "listMode", 0 0;
v0x7fe92bc7ed10_0 .var "listOut", 3 0;
v0x7fe92bc7edc0_0 .net "mode", 1 0, v0x7fe92bc7f740_0;  1 drivers
v0x7fe92bc7ee70_0 .var "numPlyCF", 7 0;
v0x7fe92bc7ef20_0 .var "numPlyLP", 7 0;
v0x7fe92bc7f0b0_0 .net "team", 0 0, v0x7fe92bc7fa60_0;  1 drivers
v0x7fe92bc7f140_0 .var "teamWng", 0 0;
v0x7fe92bc7f1d0_0 .net "userID", 3 0, v0x7fe92bc7fb80_0;  1 drivers
E_0x7fe92bc03570 .event posedge, v0x7fe92bc6ebb0_0;
    .scope S_0x7fe92bc6ea50;
T_0 ;
    %pushi/vec4 0, 0, 32;
    %store/vec4 v0x7fe92bc7eb10_0, 0, 32;
    %pushi/vec4 0, 0, 32;
    %store/vec4 v0x7fe92bc7e8a0_0, 0, 32;
    %pushi/vec4 0, 0, 32;
    %store/vec4 v0x7fe92bc7e950_0, 0, 32;
    %pushi/vec4 0, 0, 32;
    %store/vec4 v0x7fe92bc7ea60_0, 0, 32;
    %pushi/vec4 0, 0, 32;
    %store/vec4 v0x7fe92bc7ebc0_0, 0, 32;
    %pushi/vec4 0, 0, 32;
    %store/vec4 v0x7fe92bc7e750_0, 0, 32;
    %end;
    .thread T_0;
    .scope S_0x7fe92bc6ea50;
T_1 ;
    %pushi/vec4 0, 0, 32;
    %store/vec4 v0x7fe92bc7eb10_0, 0, 32;
T_1.0 ;
    %load/vec4 v0x7fe92bc7eb10_0;
    %cmpi/s 5, 0, 32;
    %jmp/0xz T_1.1, 5;
    %pushi/vec4 0, 0, 4;
    %ix/getv/s 4, v0x7fe92bc7eb10_0;
    %store/vec4a v0x7fe92bc7e520, 4, 0;
    %pushi/vec4 0, 0, 4;
    %ix/getv/s 4, v0x7fe92bc7eb10_0;
    %store/vec4a v0x7fe92bc16ee0, 4, 0;
    %load/vec4 v0x7fe92bc7eb10_0;
    %addi 1, 0, 32;
    %store/vec4 v0x7fe92bc7eb10_0, 0, 32;
    %jmp T_1.0;
T_1.1 ;
    %pushi/vec4 0, 0, 8;
    %store/vec4 v0x7fe92bc7ef20_0, 0, 8;
    %pushi/vec4 0, 0, 8;
    %store/vec4 v0x7fe92bc7ee70_0, 0, 8;
    %pushi/vec4 0, 0, 1;
    %store/vec4 v0x7fe92bc7f140_0, 0, 1;
    %pushi/vec4 1, 0, 1;
    %store/vec4 v0x7fe92bc7e5d0_0, 0, 1;
    %pushi/vec4 1, 0, 1;
    %store/vec4 v0x7fe92bc7e670_0, 0, 1;
    %pushi/vec4 0, 0, 1;
    %store/vec4 v0x7fe92bc7e800_0, 0, 1;
    %pushi/vec4 0, 0, 1;
    %store/vec4 v0x7fe92bc7ec70_0, 0, 1;
    %end;
    .thread T_1;
    .scope S_0x7fe92bc6ea50;
T_2 ;
    %wait E_0x7fe92bc03570;
    %pushi/vec4 0, 0, 32;
    %store/vec4 v0x7fe92bc7e8a0_0, 0, 32;
    %pushi/vec4 0, 0, 32;
    %store/vec4 v0x7fe92bc7e950_0, 0, 32;
    %pushi/vec4 0, 0, 32;
    %store/vec4 v0x7fe92bc7ea60_0, 0, 32;
    %load/vec4 v0x7fe92bc7edc0_0;
    %parti/s 1, 0, 2;
    %pad/u 32;
    %pushi/vec4 0, 0, 32;
    %cmp/e;
    %flag_get/vec4 4;
    %load/vec4 v0x7fe92bc7edc0_0;
    %parti/s 1, 1, 2;
    %pad/u 32;
    %pushi/vec4 0, 0, 32;
    %cmp/e;
    %flag_get/vec4 4;
    %and;
    %flag_set/vec4 8;
    %jmp/0xz  T_2.0, 8;
    %pushi/vec4 0, 0, 1;
    %store/vec4 v0x7fe92bc7ec70_0, 0, 1;
    %load/vec4 v0x7fe92bc7f1d0_0;
    %parti/s 1, 3, 3;
    %pad/u 32;
    %cmpi/e 0, 0, 32;
    %jmp/0xz  T_2.2, 4;
    %pushi/vec4 4, 0, 32;
    %store/vec4 v0x7fe92bc7eb10_0, 0, 32;
T_2.4 ;
    %pushi/vec4 0, 0, 32;
    %load/vec4 v0x7fe92bc7eb10_0;
    %cmp/s;
    %flag_or 5, 4;
    %jmp/0xz T_2.5, 5;
    %ix/getv/s 4, v0x7fe92bc7eb10_0;
    %load/vec4a v0x7fe92bc7e520, 4;
    %load/vec4 v0x7fe92bc7f1d0_0;
    %cmp/e;
    %jmp/0xz  T_2.6, 4;
    %pushi/vec4 0, 0, 4;
    %ix/getv/s 4, v0x7fe92bc7eb10_0;
    %store/vec4a v0x7fe92bc7e520, 4, 0;
    %load/vec4 v0x7fe92bc7ef20_0;
    %subi 1, 0, 8;
    %store/vec4 v0x7fe92bc7ef20_0, 0, 8;
    %load/vec4 v0x7fe92bc7ef20_0;
    %cmpi/e 0, 0, 8;
    %jmp/0xz  T_2.8, 4;
    %pushi/vec4 1, 0, 1;
    %store/vec4 v0x7fe92bc7e670_0, 0, 1;
    %jmp T_2.9;
T_2.8 ;
    %pushi/vec4 0, 0, 1;
    %store/vec4 v0x7fe92bc7e670_0, 0, 1;
T_2.9 ;
T_2.6 ;
    %load/vec4 v0x7fe92bc7eb10_0;
    %subi 1, 0, 32;
    %store/vec4 v0x7fe92bc7eb10_0, 0, 32;
    %jmp T_2.4;
T_2.5 ;
    %jmp T_2.3;
T_2.2 ;
    %pushi/vec4 4, 0, 32;
    %store/vec4 v0x7fe92bc7eb10_0, 0, 32;
T_2.10 ;
    %pushi/vec4 0, 0, 32;
    %load/vec4 v0x7fe92bc7eb10_0;
    %cmp/s;
    %flag_or 5, 4;
    %jmp/0xz T_2.11, 5;
    %ix/getv/s 4, v0x7fe92bc7eb10_0;
    %load/vec4a v0x7fe92bc16ee0, 4;
    %load/vec4 v0x7fe92bc7f1d0_0;
    %cmp/e;
    %jmp/0xz  T_2.12, 4;
    %pushi/vec4 0, 0, 4;
    %ix/getv/s 4, v0x7fe92bc7eb10_0;
    %store/vec4a v0x7fe92bc16ee0, 4, 0;
    %load/vec4 v0x7fe92bc7ee70_0;
    %subi 1, 0, 8;
    %store/vec4 v0x7fe92bc7ee70_0, 0, 8;
    %load/vec4 v0x7fe92bc7ee70_0;
    %cmpi/e 0, 0, 8;
    %jmp/0xz  T_2.14, 4;
    %pushi/vec4 1, 0, 1;
    %store/vec4 v0x7fe92bc7e5d0_0, 0, 1;
    %jmp T_2.15;
T_2.14 ;
    %pushi/vec4 0, 0, 1;
    %store/vec4 v0x7fe92bc7e5d0_0, 0, 1;
T_2.15 ;
T_2.12 ;
    %load/vec4 v0x7fe92bc7eb10_0;
    %subi 1, 0, 32;
    %store/vec4 v0x7fe92bc7eb10_0, 0, 32;
    %jmp T_2.10;
T_2.11 ;
T_2.3 ;
T_2.0 ;
    %load/vec4 v0x7fe92bc7edc0_0;
    %parti/s 1, 0, 2;
    %pad/u 32;
    %pushi/vec4 1, 0, 32;
    %cmp/e;
    %flag_get/vec4 4;
    %load/vec4 v0x7fe92bc7edc0_0;
    %parti/s 1, 1, 2;
    %pad/u 32;
    %pushi/vec4 0, 0, 32;
    %cmp/e;
    %flag_get/vec4 4;
    %and;
    %flag_set/vec4 8;
    %jmp/0xz  T_2.16, 8;
    %pushi/vec4 0, 0, 1;
    %store/vec4 v0x7fe92bc7ec70_0, 0, 1;
    %load/vec4 v0x7fe92bc7f1d0_0;
    %parti/s 1, 3, 3;
    %load/vec4 v0x7fe92bc7f0b0_0;
    %cmp/e;
    %jmp/0xz  T_2.18, 4;
    %pushi/vec4 0, 0, 1;
    %store/vec4 v0x7fe92bc7f140_0, 0, 1;
    %load/vec4 v0x7fe92bc7f0b0_0;
    %pad/u 32;
    %cmpi/e 0, 0, 32;
    %jmp/0xz  T_2.20, 4;
    %pushi/vec4 4, 0, 32;
    %store/vec4 v0x7fe92bc7eb10_0, 0, 32;
T_2.22 ;
    %pushi/vec4 0, 0, 32;
    %load/vec4 v0x7fe92bc7eb10_0;
    %cmp/s;
    %flag_or 5, 4;
    %jmp/0xz T_2.23, 5;
    %ix/getv/s 4, v0x7fe92bc7eb10_0;
    %load/vec4a v0x7fe92bc7e520, 4;
    %load/vec4 v0x7fe92bc7f1d0_0;
    %cmp/e;
    %jmp/0xz  T_2.24, 4;
    %pushi/vec4 1, 0, 32;
    %store/vec4 v0x7fe92bc7e8a0_0, 0, 32;
T_2.24 ;
    %load/vec4 v0x7fe92bc7eb10_0;
    %subi 1, 0, 32;
    %store/vec4 v0x7fe92bc7eb10_0, 0, 32;
    %jmp T_2.22;
T_2.23 ;
    %load/vec4 v0x7fe92bc7e8a0_0;
    %cmpi/e 0, 0, 32;
    %jmp/0xz  T_2.26, 4;
    %load/vec4 v0x7fe92bc7ef20_0;
    %cmpi/u 5, 0, 8;
    %jmp/0xz  T_2.28, 5;
    %pushi/vec4 4, 0, 32;
    %store/vec4 v0x7fe92bc7eb10_0, 0, 32;
T_2.30 ;
    %pushi/vec4 0, 0, 32;
    %load/vec4 v0x7fe92bc7eb10_0;
    %cmp/s;
    %flag_or 5, 4;
    %jmp/0xz T_2.31, 5;
    %ix/getv/s 4, v0x7fe92bc7eb10_0;
    %load/vec4a v0x7fe92bc7e520, 4;
    %pushi/vec4 0, 0, 4;
    %cmp/e;
    %flag_get/vec4 4;
    %load/vec4 v0x7fe92bc7e950_0;
    %pushi/vec4 0, 0, 32;
    %cmp/e;
    %flag_get/vec4 4;
    %and;
    %flag_set/vec4 8;
    %jmp/0xz  T_2.32, 8;
    %load/vec4 v0x7fe92bc7f1d0_0;
    %ix/getv/s 4, v0x7fe92bc7eb10_0;
    %store/vec4a v0x7fe92bc7e520, 4, 0;
    %load/vec4 v0x7fe92bc7ef20_0;
    %addi 1, 0, 8;
    %store/vec4 v0x7fe92bc7ef20_0, 0, 8;
    %pushi/vec4 1, 0, 32;
    %store/vec4 v0x7fe92bc7e950_0, 0, 32;
    %pushi/vec4 0, 0, 1;
    %store/vec4 v0x7fe92bc7e670_0, 0, 1;
    %load/vec4 v0x7fe92bc7ef20_0;
    %cmpi/e 5, 0, 8;
    %jmp/0xz  T_2.34, 4;
    %pushi/vec4 1, 0, 1;
    %store/vec4 v0x7fe92bc7e670_0, 0, 1;
T_2.34 ;
T_2.32 ;
    %load/vec4 v0x7fe92bc7eb10_0;
    %subi 1, 0, 32;
    %store/vec4 v0x7fe92bc7eb10_0, 0, 32;
    %jmp T_2.30;
T_2.31 ;
T_2.28 ;
T_2.26 ;
    %jmp T_2.21;
T_2.20 ;
    %pushi/vec4 4, 0, 32;
    %store/vec4 v0x7fe92bc7eb10_0, 0, 32;
T_2.36 ;
    %pushi/vec4 0, 0, 32;
    %load/vec4 v0x7fe92bc7eb10_0;
    %cmp/s;
    %flag_or 5, 4;
    %jmp/0xz T_2.37, 5;
    %ix/getv/s 4, v0x7fe92bc7eb10_0;
    %load/vec4a v0x7fe92bc16ee0, 4;
    %load/vec4 v0x7fe92bc7f1d0_0;
    %cmp/e;
    %jmp/0xz  T_2.38, 4;
    %pushi/vec4 1, 0, 32;
    %store/vec4 v0x7fe92bc7e8a0_0, 0, 32;
T_2.38 ;
    %load/vec4 v0x7fe92bc7eb10_0;
    %subi 1, 0, 32;
    %store/vec4 v0x7fe92bc7eb10_0, 0, 32;
    %jmp T_2.36;
T_2.37 ;
    %load/vec4 v0x7fe92bc7e8a0_0;
    %cmpi/e 0, 0, 32;
    %jmp/0xz  T_2.40, 4;
    %load/vec4 v0x7fe92bc7ee70_0;
    %cmpi/u 5, 0, 8;
    %jmp/0xz  T_2.42, 5;
    %pushi/vec4 4, 0, 32;
    %store/vec4 v0x7fe92bc7eb10_0, 0, 32;
T_2.44 ;
    %pushi/vec4 0, 0, 32;
    %load/vec4 v0x7fe92bc7eb10_0;
    %cmp/s;
    %flag_or 5, 4;
    %jmp/0xz T_2.45, 5;
    %ix/getv/s 4, v0x7fe92bc7eb10_0;
    %load/vec4a v0x7fe92bc16ee0, 4;
    %pushi/vec4 0, 0, 4;
    %cmp/e;
    %flag_get/vec4 4;
    %load/vec4 v0x7fe92bc7e950_0;
    %pushi/vec4 0, 0, 32;
    %cmp/e;
    %flag_get/vec4 4;
    %and;
    %flag_set/vec4 8;
    %jmp/0xz  T_2.46, 8;
    %load/vec4 v0x7fe92bc7f1d0_0;
    %ix/getv/s 4, v0x7fe92bc7eb10_0;
    %store/vec4a v0x7fe92bc16ee0, 4, 0;
    %load/vec4 v0x7fe92bc7ee70_0;
    %addi 1, 0, 8;
    %store/vec4 v0x7fe92bc7ee70_0, 0, 8;
    %pushi/vec4 1, 0, 32;
    %store/vec4 v0x7fe92bc7e950_0, 0, 32;
    %pushi/vec4 0, 0, 1;
    %store/vec4 v0x7fe92bc7e5d0_0, 0, 1;
    %load/vec4 v0x7fe92bc7ee70_0;
    %cmpi/e 5, 0, 8;
    %jmp/0xz  T_2.48, 4;
    %pushi/vec4 1, 0, 1;
    %store/vec4 v0x7fe92bc7e5d0_0, 0, 1;
T_2.48 ;
T_2.46 ;
    %load/vec4 v0x7fe92bc7eb10_0;
    %subi 1, 0, 32;
    %store/vec4 v0x7fe92bc7eb10_0, 0, 32;
    %jmp T_2.44;
T_2.45 ;
T_2.42 ;
T_2.40 ;
T_2.21 ;
    %jmp T_2.19;
T_2.18 ;
    %pushi/vec4 1, 0, 1;
    %store/vec4 v0x7fe92bc7f140_0, 0, 1;
T_2.19 ;
T_2.16 ;
    %load/vec4 v0x7fe92bc7edc0_0;
    %parti/s 1, 0, 2;
    %pad/u 32;
    %pushi/vec4 0, 0, 32;
    %cmp/e;
    %flag_get/vec4 4;
    %load/vec4 v0x7fe92bc7edc0_0;
    %parti/s 1, 1, 2;
    %pad/u 32;
    %pushi/vec4 1, 0, 32;
    %cmp/e;
    %flag_get/vec4 4;
    %and;
    %flag_set/vec4 8;
    %jmp/0xz  T_2.50, 8;
    %pushi/vec4 0, 0, 1;
    %store/vec4 v0x7fe92bc7ec70_0, 0, 1;
    %load/vec4 v0x7fe92bc7f0b0_0;
    %pad/u 32;
    %cmpi/e 0, 0, 32;
    %jmp/0xz  T_2.52, 4;
    %pushi/vec4 4, 0, 32;
    %store/vec4 v0x7fe92bc7eb10_0, 0, 32;
T_2.54 ;
    %pushi/vec4 0, 0, 32;
    %load/vec4 v0x7fe92bc7eb10_0;
    %cmp/s;
    %flag_or 5, 4;
    %jmp/0xz T_2.55, 5;
    %ix/getv/s 4, v0x7fe92bc7eb10_0;
    %load/vec4a v0x7fe92bc7e520, 4;
    %load/vec4 v0x7fe92bc7f1d0_0;
    %cmp/e;
    %jmp/0xz  T_2.56, 4;
    %pushi/vec4 1, 0, 1;
    %store/vec4 v0x7fe92bc7e800_0, 0, 1;
    %pushi/vec4 1, 0, 32;
    %store/vec4 v0x7fe92bc7ea60_0, 0, 32;
T_2.56 ;
    %load/vec4 v0x7fe92bc7eb10_0;
    %subi 1, 0, 32;
    %store/vec4 v0x7fe92bc7eb10_0, 0, 32;
    %jmp T_2.54;
T_2.55 ;
    %load/vec4 v0x7fe92bc7ea60_0;
    %cmpi/e 0, 0, 32;
    %jmp/0xz  T_2.58, 4;
    %pushi/vec4 0, 0, 1;
    %store/vec4 v0x7fe92bc7e800_0, 0, 1;
T_2.58 ;
    %jmp T_2.53;
T_2.52 ;
    %pushi/vec4 4, 0, 32;
    %store/vec4 v0x7fe92bc7eb10_0, 0, 32;
T_2.60 ;
    %pushi/vec4 0, 0, 32;
    %load/vec4 v0x7fe92bc7eb10_0;
    %cmp/s;
    %flag_or 5, 4;
    %jmp/0xz T_2.61, 5;
    %ix/getv/s 4, v0x7fe92bc7eb10_0;
    %load/vec4a v0x7fe92bc16ee0, 4;
    %load/vec4 v0x7fe92bc7f1d0_0;
    %cmp/e;
    %jmp/0xz  T_2.62, 4;
    %pushi/vec4 1, 0, 1;
    %store/vec4 v0x7fe92bc7e800_0, 0, 1;
    %pushi/vec4 1, 0, 32;
    %store/vec4 v0x7fe92bc7ea60_0, 0, 32;
T_2.62 ;
    %load/vec4 v0x7fe92bc7eb10_0;
    %subi 1, 0, 32;
    %store/vec4 v0x7fe92bc7eb10_0, 0, 32;
    %jmp T_2.60;
T_2.61 ;
    %load/vec4 v0x7fe92bc7ea60_0;
    %cmpi/e 0, 0, 32;
    %jmp/0xz  T_2.64, 4;
    %pushi/vec4 0, 0, 1;
    %store/vec4 v0x7fe92bc7e800_0, 0, 1;
T_2.64 ;
T_2.53 ;
T_2.50 ;
    %load/vec4 v0x7fe92bc7edc0_0;
    %parti/s 1, 0, 2;
    %pad/u 32;
    %pushi/vec4 1, 0, 32;
    %cmp/e;
    %flag_get/vec4 4;
    %load/vec4 v0x7fe92bc7edc0_0;
    %parti/s 1, 1, 2;
    %pad/u 32;
    %pushi/vec4 1, 0, 32;
    %cmp/e;
    %flag_get/vec4 4;
    %and;
    %flag_set/vec4 8;
    %jmp/0xz  T_2.66, 8;
    %pushi/vec4 1, 0, 1;
    %store/vec4 v0x7fe92bc7ec70_0, 0, 1;
    %load/vec4 v0x7fe92bc7f0b0_0;
    %pad/u 32;
    %cmpi/e 0, 0, 32;
    %jmp/0xz  T_2.68, 4;
    %pushi/vec4 4, 0, 33;
    %load/vec4 v0x7fe92bc7ebc0_0;
    %pad/s 33;
    %sub;
    %ix/vec4/s 4;
    %load/vec4a v0x7fe92bc7e520, 4;
    %assign/vec4 v0x7fe92bc7ed10_0, 0;
    %load/vec4 v0x7fe92bc7ebc0_0;
    %addi 1, 0, 32;
    %store/vec4 v0x7fe92bc7ebc0_0, 0, 32;
    %load/vec4 v0x7fe92bc7ebc0_0;
    %cmpi/e 5, 0, 32;
    %jmp/0xz  T_2.70, 4;
    %pushi/vec4 0, 0, 32;
    %store/vec4 v0x7fe92bc7ebc0_0, 0, 32;
T_2.70 ;
    %jmp T_2.69;
T_2.68 ;
    %pushi/vec4 4, 0, 33;
    %load/vec4 v0x7fe92bc7e750_0;
    %pad/s 33;
    %sub;
    %ix/vec4/s 4;
    %load/vec4a v0x7fe92bc16ee0, 4;
    %assign/vec4 v0x7fe92bc7ed10_0, 0;
    %load/vec4 v0x7fe92bc7e750_0;
    %addi 1, 0, 32;
    %store/vec4 v0x7fe92bc7e750_0, 0, 32;
    %load/vec4 v0x7fe92bc7e750_0;
    %cmpi/e 5, 0, 32;
    %jmp/0xz  T_2.72, 4;
    %pushi/vec4 0, 0, 32;
    %store/vec4 v0x7fe92bc7e750_0, 0, 32;
T_2.72 ;
T_2.69 ;
T_2.66 ;
    %jmp T_2;
    .thread T_2;
    .scope S_0x7fe92bc032f0;
T_3 ;
    %pushi/vec4 0, 0, 32;
    %store/vec4 v0x7fe92bc7f9d0_0, 0, 32;
    %end;
    .thread T_3;
    .scope S_0x7fe92bc032f0;
T_4 ;
    %pushi/vec4 1, 0, 1;
    %store/vec4 v0x7fe92bc7f3a0_0, 0, 1;
    %end;
    .thread T_4;
    .scope S_0x7fe92bc032f0;
T_5 ;
    %delay 5000, 0;
    %load/vec4 v0x7fe92bc7f3a0_0;
    %inv;
    %store/vec4 v0x7fe92bc7f3a0_0, 0, 1;
    %jmp T_5;
    .thread T_5;
    .scope S_0x7fe92bc032f0;
T_6 ;
    %vpi_call 2 38 "$monitor", "Time=%t | userID=%b team=%b mode=%b | numPlyLP=%d numPlyCF=%d teamWng=%b capWngLP=%b,capWngCF=%b,findRes=%b,listOut=%d, listMode=%b", $time, v0x7fe92bc7fb80_0, v0x7fe92bc7fa60_0, v0x7fe92bc7f740_0, v0x7fe92bc7f8a0_0, v0x7fe92bc7f7f0_0, v0x7fe92bc7faf0_0, v0x7fe92bc7f4c0_0, v0x7fe92bc7f430_0, v0x7fe92bc7f550_0, v0x7fe92bc7f6b0_0, v0x7fe92bc7f5e0_0 {0 0 0};
    %pushi/vec4 0, 0, 4;
    %store/vec4 v0x7fe92bc7fb80_0, 0, 4;
    %pushi/vec4 0, 0, 1;
    %store/vec4 v0x7fe92bc7fa60_0, 0, 1;
    %pushi/vec4 1, 0, 2;
    %store/vec4 v0x7fe92bc7f740_0, 0, 2;
    %delay 5000, 0;
    %pushi/vec4 1, 0, 4;
    %store/vec4 v0x7fe92bc7fb80_0, 0, 4;
    %pushi/vec4 0, 0, 1;
    %store/vec4 v0x7fe92bc7fa60_0, 0, 1;
    %pushi/vec4 1, 0, 2;
    %store/vec4 v0x7fe92bc7f740_0, 0, 2;
    %delay 10000, 0;
    %load/vec4 v0x7fe92bc7faf0_0;
    %pushi/vec4 0, 0, 1;
    %cmp/e;
    %flag_get/vec4 4;
    %load/vec4 v0x7fe92bc7f4c0_0;
    %pushi/vec4 0, 0, 1;
    %cmp/e;
    %flag_get/vec4 4;
    %and;
    %load/vec4 v0x7fe92bc7f430_0;
    %pushi/vec4 1, 0, 1;
    %cmp/e;
    %flag_get/vec4 4;
    %and;
    %load/vec4 v0x7fe92bc7f550_0;
    %pushi/vec4 0, 0, 1;
    %cmp/e;
    %flag_get/vec4 4;
    %and;
    %load/vec4 v0x7fe92bc7f5e0_0;
    %pushi/vec4 0, 0, 1;
    %cmp/e;
    %flag_get/vec4 4;
    %and;
    %flag_set/vec4 8;
    %jmp/0xz  T_6.0, 8;
    %vpi_call 2 59 "$display", "Test 1: Successful" {0 0 0};
    %load/vec4 v0x7fe92bc7f9d0_0;
    %addi 1, 0, 32;
    %store/vec4 v0x7fe92bc7f9d0_0, 0, 32;
    %jmp T_6.1;
T_6.0 ;
    %vpi_call 2 62 "$display", "error_1 " {0 0 0};
T_6.1 ;
    %pushi/vec4 11, 0, 4;
    %store/vec4 v0x7fe92bc7fb80_0, 0, 4;
    %pushi/vec4 0, 0, 1;
    %store/vec4 v0x7fe92bc7fa60_0, 0, 1;
    %pushi/vec4 1, 0, 2;
    %store/vec4 v0x7fe92bc7f740_0, 0, 2;
    %delay 10000, 0;
    %load/vec4 v0x7fe92bc7faf0_0;
    %pushi/vec4 1, 0, 1;
    %cmp/e;
    %flag_get/vec4 4;
    %load/vec4 v0x7fe92bc7f4c0_0;
    %pushi/vec4 0, 0, 1;
    %cmp/e;
    %flag_get/vec4 4;
    %and;
    %load/vec4 v0x7fe92bc7f430_0;
    %pushi/vec4 1, 0, 1;
    %cmp/e;
    %flag_get/vec4 4;
    %and;
    %load/vec4 v0x7fe92bc7f550_0;
    %pushi/vec4 0, 0, 1;
    %cmp/e;
    %flag_get/vec4 4;
    %and;
    %load/vec4 v0x7fe92bc7f5e0_0;
    %pushi/vec4 0, 0, 1;
    %cmp/e;
    %flag_get/vec4 4;
    %and;
    %flag_set/vec4 8;
    %jmp/0xz  T_6.2, 8;
    %vpi_call 2 78 "$display", "Test 2: Successful" {0 0 0};
    %load/vec4 v0x7fe92bc7f9d0_0;
    %addi 1, 0, 32;
    %store/vec4 v0x7fe92bc7f9d0_0, 0, 32;
    %jmp T_6.3;
T_6.2 ;
    %vpi_call 2 81 "$display", "error_2" {0 0 0};
T_6.3 ;
    %pushi/vec4 1, 0, 4;
    %store/vec4 v0x7fe92bc7fb80_0, 0, 4;
    %pushi/vec4 0, 0, 1;
    %store/vec4 v0x7fe92bc7fa60_0, 0, 1;
    %pushi/vec4 1, 0, 2;
    %store/vec4 v0x7fe92bc7f740_0, 0, 2;
    %delay 10000, 0;
    %load/vec4 v0x7fe92bc7faf0_0;
    %pushi/vec4 0, 0, 1;
    %cmp/e;
    %flag_get/vec4 4;
    %load/vec4 v0x7fe92bc7f4c0_0;
    %pushi/vec4 0, 0, 1;
    %cmp/e;
    %flag_get/vec4 4;
    %and;
    %load/vec4 v0x7fe92bc7f430_0;
    %pushi/vec4 1, 0, 1;
    %cmp/e;
    %flag_get/vec4 4;
    %and;
    %load/vec4 v0x7fe92bc7f550_0;
    %pushi/vec4 0, 0, 1;
    %cmp/e;
    %flag_get/vec4 4;
    %and;
    %load/vec4 v0x7fe92bc7f5e0_0;
    %pushi/vec4 0, 0, 1;
    %cmp/e;
    %flag_get/vec4 4;
    %and;
    %flag_set/vec4 8;
    %jmp/0xz  T_6.4, 8;
    %vpi_call 2 97 "$display", "Test 3: Successful" {0 0 0};
    %load/vec4 v0x7fe92bc7f9d0_0;
    %addi 1, 0, 32;
    %store/vec4 v0x7fe92bc7f9d0_0, 0, 32;
    %jmp T_6.5;
T_6.4 ;
    %vpi_call 2 100 "$display", "error_3" {0 0 0};
T_6.5 ;
    %pushi/vec4 3, 0, 4;
    %store/vec4 v0x7fe92bc7fb80_0, 0, 4;
    %pushi/vec4 0, 0, 1;
    %store/vec4 v0x7fe92bc7fa60_0, 0, 1;
    %pushi/vec4 1, 0, 2;
    %store/vec4 v0x7fe92bc7f740_0, 0, 2;
    %delay 10000, 0;
    %load/vec4 v0x7fe92bc7faf0_0;
    %pushi/vec4 0, 0, 1;
    %cmp/e;
    %flag_get/vec4 4;
    %load/vec4 v0x7fe92bc7f4c0_0;
    %pushi/vec4 0, 0, 1;
    %cmp/e;
    %flag_get/vec4 4;
    %and;
    %load/vec4 v0x7fe92bc7f430_0;
    %pushi/vec4 1, 0, 1;
    %cmp/e;
    %flag_get/vec4 4;
    %and;
    %load/vec4 v0x7fe92bc7f550_0;
    %pushi/vec4 0, 0, 1;
    %cmp/e;
    %flag_get/vec4 4;
    %and;
    %load/vec4 v0x7fe92bc7f5e0_0;
    %pushi/vec4 0, 0, 1;
    %cmp/e;
    %flag_get/vec4 4;
    %and;
    %flag_set/vec4 8;
    %jmp/0xz  T_6.6, 8;
    %vpi_call 2 116 "$display", "Test 4: Successful" {0 0 0};
    %load/vec4 v0x7fe92bc7f9d0_0;
    %addi 1, 0, 32;
    %store/vec4 v0x7fe92bc7f9d0_0, 0, 32;
    %jmp T_6.7;
T_6.6 ;
    %vpi_call 2 119 "$display", "error_4" {0 0 0};
T_6.7 ;
    %pushi/vec4 7, 0, 4;
    %store/vec4 v0x7fe92bc7fb80_0, 0, 4;
    %pushi/vec4 0, 0, 1;
    %store/vec4 v0x7fe92bc7fa60_0, 0, 1;
    %pushi/vec4 1, 0, 2;
    %store/vec4 v0x7fe92bc7f740_0, 0, 2;
    %delay 10000, 0;
    %load/vec4 v0x7fe92bc7faf0_0;
    %pushi/vec4 0, 0, 1;
    %cmp/e;
    %flag_get/vec4 4;
    %load/vec4 v0x7fe92bc7f4c0_0;
    %pushi/vec4 0, 0, 1;
    %cmp/e;
    %flag_get/vec4 4;
    %and;
    %load/vec4 v0x7fe92bc7f430_0;
    %pushi/vec4 1, 0, 1;
    %cmp/e;
    %flag_get/vec4 4;
    %and;
    %load/vec4 v0x7fe92bc7f550_0;
    %pushi/vec4 0, 0, 1;
    %cmp/e;
    %flag_get/vec4 4;
    %and;
    %load/vec4 v0x7fe92bc7f5e0_0;
    %pushi/vec4 0, 0, 1;
    %cmp/e;
    %flag_get/vec4 4;
    %and;
    %flag_set/vec4 8;
    %jmp/0xz  T_6.8, 8;
    %vpi_call 2 135 "$display", "Test 5: Successful" {0 0 0};
    %load/vec4 v0x7fe92bc7f9d0_0;
    %addi 1, 0, 32;
    %store/vec4 v0x7fe92bc7f9d0_0, 0, 32;
    %jmp T_6.9;
T_6.8 ;
    %vpi_call 2 138 "$display", "error_5" {0 0 0};
T_6.9 ;
    %pushi/vec4 5, 0, 4;
    %store/vec4 v0x7fe92bc7fb80_0, 0, 4;
    %pushi/vec4 0, 0, 1;
    %store/vec4 v0x7fe92bc7fa60_0, 0, 1;
    %pushi/vec4 1, 0, 2;
    %store/vec4 v0x7fe92bc7f740_0, 0, 2;
    %delay 10000, 0;
    %load/vec4 v0x7fe92bc7faf0_0;
    %pushi/vec4 0, 0, 1;
    %cmp/e;
    %flag_get/vec4 4;
    %load/vec4 v0x7fe92bc7f4c0_0;
    %pushi/vec4 0, 0, 1;
    %cmp/e;
    %flag_get/vec4 4;
    %and;
    %load/vec4 v0x7fe92bc7f430_0;
    %pushi/vec4 1, 0, 1;
    %cmp/e;
    %flag_get/vec4 4;
    %and;
    %load/vec4 v0x7fe92bc7f550_0;
    %pushi/vec4 0, 0, 1;
    %cmp/e;
    %flag_get/vec4 4;
    %and;
    %load/vec4 v0x7fe92bc7f5e0_0;
    %pushi/vec4 0, 0, 1;
    %cmp/e;
    %flag_get/vec4 4;
    %and;
    %flag_set/vec4 8;
    %jmp/0xz  T_6.10, 8;
    %vpi_call 2 154 "$display", "Test 6: Successful" {0 0 0};
    %load/vec4 v0x7fe92bc7f9d0_0;
    %addi 1, 0, 32;
    %store/vec4 v0x7fe92bc7f9d0_0, 0, 32;
    %jmp T_6.11;
T_6.10 ;
    %vpi_call 2 157 "$display", "error_6" {0 0 0};
T_6.11 ;
    %pushi/vec4 4, 0, 4;
    %store/vec4 v0x7fe92bc7fb80_0, 0, 4;
    %pushi/vec4 0, 0, 1;
    %store/vec4 v0x7fe92bc7fa60_0, 0, 1;
    %pushi/vec4 1, 0, 2;
    %store/vec4 v0x7fe92bc7f740_0, 0, 2;
    %delay 10000, 0;
    %load/vec4 v0x7fe92bc7faf0_0;
    %pushi/vec4 0, 0, 1;
    %cmp/e;
    %flag_get/vec4 4;
    %load/vec4 v0x7fe92bc7f4c0_0;
    %pushi/vec4 1, 0, 1;
    %cmp/e;
    %flag_get/vec4 4;
    %and;
    %load/vec4 v0x7fe92bc7f430_0;
    %pushi/vec4 1, 0, 1;
    %cmp/e;
    %flag_get/vec4 4;
    %and;
    %load/vec4 v0x7fe92bc7f550_0;
    %pushi/vec4 0, 0, 1;
    %cmp/e;
    %flag_get/vec4 4;
    %and;
    %load/vec4 v0x7fe92bc7f5e0_0;
    %pushi/vec4 0, 0, 1;
    %cmp/e;
    %flag_get/vec4 4;
    %and;
    %flag_set/vec4 8;
    %jmp/0xz  T_6.12, 8;
    %vpi_call 2 173 "$display", "Test 7: Successful" {0 0 0};
    %load/vec4 v0x7fe92bc7f9d0_0;
    %addi 1, 0, 32;
    %store/vec4 v0x7fe92bc7f9d0_0, 0, 32;
    %jmp T_6.13;
T_6.12 ;
    %vpi_call 2 176 "$display", "error_7" {0 0 0};
T_6.13 ;
    %pushi/vec4 6, 0, 4;
    %store/vec4 v0x7fe92bc7fb80_0, 0, 4;
    %pushi/vec4 0, 0, 1;
    %store/vec4 v0x7fe92bc7fa60_0, 0, 1;
    %pushi/vec4 1, 0, 2;
    %store/vec4 v0x7fe92bc7f740_0, 0, 2;
    %delay 10000, 0;
    %load/vec4 v0x7fe92bc7faf0_0;
    %pushi/vec4 0, 0, 1;
    %cmp/e;
    %flag_get/vec4 4;
    %load/vec4 v0x7fe92bc7f4c0_0;
    %pushi/vec4 1, 0, 1;
    %cmp/e;
    %flag_get/vec4 4;
    %and;
    %load/vec4 v0x7fe92bc7f430_0;
    %pushi/vec4 1, 0, 1;
    %cmp/e;
    %flag_get/vec4 4;
    %and;
    %load/vec4 v0x7fe92bc7f550_0;
    %pushi/vec4 0, 0, 1;
    %cmp/e;
    %flag_get/vec4 4;
    %and;
    %load/vec4 v0x7fe92bc7f5e0_0;
    %pushi/vec4 0, 0, 1;
    %cmp/e;
    %flag_get/vec4 4;
    %and;
    %flag_set/vec4 8;
    %jmp/0xz  T_6.14, 8;
    %vpi_call 2 192 "$display", "Test 8: Successful" {0 0 0};
    %load/vec4 v0x7fe92bc7f9d0_0;
    %addi 1, 0, 32;
    %store/vec4 v0x7fe92bc7f9d0_0, 0, 32;
    %jmp T_6.15;
T_6.14 ;
    %vpi_call 2 195 "$display", "error_8" {0 0 0};
T_6.15 ;
    %pushi/vec4 7, 0, 4;
    %store/vec4 v0x7fe92bc7fb80_0, 0, 4;
    %pushi/vec4 0, 0, 1;
    %store/vec4 v0x7fe92bc7fa60_0, 0, 1;
    %pushi/vec4 2, 0, 2;
    %store/vec4 v0x7fe92bc7f740_0, 0, 2;
    %delay 10000, 0;
    %load/vec4 v0x7fe92bc7faf0_0;
    %pushi/vec4 0, 0, 1;
    %cmp/e;
    %flag_get/vec4 4;
    %load/vec4 v0x7fe92bc7f4c0_0;
    %pushi/vec4 1, 0, 1;
    %cmp/e;
    %flag_get/vec4 4;
    %and;
    %load/vec4 v0x7fe92bc7f430_0;
    %pushi/vec4 1, 0, 1;
    %cmp/e;
    %flag_get/vec4 4;
    %and;
    %load/vec4 v0x7fe92bc7f550_0;
    %pushi/vec4 1, 0, 1;
    %cmp/e;
    %flag_get/vec4 4;
    %and;
    %load/vec4 v0x7fe92bc7f5e0_0;
    %pushi/vec4 0, 0, 1;
    %cmp/e;
    %flag_get/vec4 4;
    %and;
    %flag_set/vec4 8;
    %jmp/0xz  T_6.16, 8;
    %vpi_call 2 214 "$display", "Test 9: Successful" {0 0 0};
    %load/vec4 v0x7fe92bc7f9d0_0;
    %addi 1, 0, 32;
    %store/vec4 v0x7fe92bc7f9d0_0, 0, 32;
    %jmp T_6.17;
T_6.16 ;
    %vpi_call 2 217 "$display", "error_9" {0 0 0};
T_6.17 ;
    %pushi/vec4 6, 0, 4;
    %store/vec4 v0x7fe92bc7fb80_0, 0, 4;
    %pushi/vec4 0, 0, 1;
    %store/vec4 v0x7fe92bc7fa60_0, 0, 1;
    %pushi/vec4 2, 0, 2;
    %store/vec4 v0x7fe92bc7f740_0, 0, 2;
    %delay 10000, 0;
    %load/vec4 v0x7fe92bc7faf0_0;
    %pushi/vec4 0, 0, 1;
    %cmp/e;
    %flag_get/vec4 4;
    %load/vec4 v0x7fe92bc7f4c0_0;
    %pushi/vec4 1, 0, 1;
    %cmp/e;
    %flag_get/vec4 4;
    %and;
    %load/vec4 v0x7fe92bc7f430_0;
    %pushi/vec4 1, 0, 1;
    %cmp/e;
    %flag_get/vec4 4;
    %and;
    %load/vec4 v0x7fe92bc7f550_0;
    %pushi/vec4 0, 0, 1;
    %cmp/e;
    %flag_get/vec4 4;
    %and;
    %load/vec4 v0x7fe92bc7f5e0_0;
    %pushi/vec4 0, 0, 1;
    %cmp/e;
    %flag_get/vec4 4;
    %and;
    %flag_set/vec4 8;
    %jmp/0xz  T_6.18, 8;
    %vpi_call 2 228 "$display", "Test 10: Successful" {0 0 0};
    %load/vec4 v0x7fe92bc7f9d0_0;
    %addi 1, 0, 32;
    %store/vec4 v0x7fe92bc7f9d0_0, 0, 32;
    %jmp T_6.19;
T_6.18 ;
    %vpi_call 2 231 "$display", "error_10 findRes: %d", v0x7fe92bc7f550_0 {0 0 0};
T_6.19 ;
    %pushi/vec4 7, 0, 4;
    %store/vec4 v0x7fe92bc7fb80_0, 0, 4;
    %pushi/vec4 0, 0, 1;
    %store/vec4 v0x7fe92bc7fa60_0, 0, 1;
    %pushi/vec4 3, 0, 2;
    %store/vec4 v0x7fe92bc7f740_0, 0, 2;
    %delay 10000, 0;
    %load/vec4 v0x7fe92bc7faf0_0;
    %pushi/vec4 0, 0, 1;
    %cmp/e;
    %flag_get/vec4 4;
    %load/vec4 v0x7fe92bc7f4c0_0;
    %pushi/vec4 1, 0, 1;
    %cmp/e;
    %flag_get/vec4 4;
    %and;
    %load/vec4 v0x7fe92bc7f430_0;
    %pushi/vec4 1, 0, 1;
    %cmp/e;
    %flag_get/vec4 4;
    %and;
    %load/vec4 v0x7fe92bc7f550_0;
    %pushi/vec4 0, 0, 1;
    %cmp/e;
    %flag_get/vec4 4;
    %and;
    %load/vec4 v0x7fe92bc7f5e0_0;
    %pushi/vec4 1, 0, 1;
    %cmp/e;
    %flag_get/vec4 4;
    %and;
    %flag_set/vec4 8;
    %jmp/0xz  T_6.20, 8;
    %vpi_call 2 243 "$display", "Test 11: Successful" {0 0 0};
    %load/vec4 v0x7fe92bc7f9d0_0;
    %addi 1, 0, 32;
    %store/vec4 v0x7fe92bc7f9d0_0, 0, 32;
    %load/vec4 v0x7fe92bc7f6b0_0;
    %cmpi/e 1, 0, 4;
    %jmp/0xz  T_6.22, 4;
    %vpi_call 2 245 "$display", "DATA0: %b", v0x7fe92bc7f6b0_0 {0 0 0};
    %jmp T_6.23;
T_6.22 ;
    %vpi_call 2 246 "$display", "ERROR data0" {0 0 0};
T_6.23 ;
    %delay 10000, 0;
    %load/vec4 v0x7fe92bc7f6b0_0;
    %cmpi/e 3, 0, 4;
    %jmp/0xz  T_6.24, 4;
    %vpi_call 2 248 "$display", "DATA1: %b", v0x7fe92bc7f6b0_0 {0 0 0};
    %jmp T_6.25;
T_6.24 ;
    %vpi_call 2 249 "$display", "ERROR data1" {0 0 0};
T_6.25 ;
    %delay 10000, 0;
    %load/vec4 v0x7fe92bc7f6b0_0;
    %cmpi/e 7, 0, 4;
    %jmp/0xz  T_6.26, 4;
    %vpi_call 2 251 "$display", "DATA2: %b", v0x7fe92bc7f6b0_0 {0 0 0};
    %jmp T_6.27;
T_6.26 ;
    %vpi_call 2 252 "$display", "ERROR data2" {0 0 0};
T_6.27 ;
    %delay 10000, 0;
    %load/vec4 v0x7fe92bc7f6b0_0;
    %cmpi/e 5, 0, 4;
    %jmp/0xz  T_6.28, 4;
    %vpi_call 2 254 "$display", "DATA3: %b", v0x7fe92bc7f6b0_0 {0 0 0};
    %jmp T_6.29;
T_6.28 ;
    %vpi_call 2 255 "$display", "ERROR data3" {0 0 0};
T_6.29 ;
    %delay 10000, 0;
    %load/vec4 v0x7fe92bc7f6b0_0;
    %cmpi/e 4, 0, 4;
    %jmp/0xz  T_6.30, 4;
    %vpi_call 2 257 "$display", "DATA4: %b", v0x7fe92bc7f6b0_0 {0 0 0};
    %jmp T_6.31;
T_6.30 ;
    %vpi_call 2 258 "$display", "ERROR data4" {0 0 0};
T_6.31 ;
    %delay 10000, 0;
    %jmp T_6.21;
T_6.20 ;
    %vpi_call 2 261 "$display", "error_11" {0 0 0};
T_6.21 ;
    %pushi/vec4 8, 0, 4;
    %store/vec4 v0x7fe92bc7fb80_0, 0, 4;
    %pushi/vec4 0, 0, 1;
    %store/vec4 v0x7fe92bc7fa60_0, 0, 1;
    %pushi/vec4 1, 0, 2;
    %store/vec4 v0x7fe92bc7f740_0, 0, 2;
    %delay 10000, 0;
    %load/vec4 v0x7fe92bc7faf0_0;
    %pushi/vec4 1, 0, 1;
    %cmp/e;
    %flag_get/vec4 4;
    %load/vec4 v0x7fe92bc7f4c0_0;
    %pushi/vec4 1, 0, 1;
    %cmp/e;
    %flag_get/vec4 4;
    %and;
    %load/vec4 v0x7fe92bc7f430_0;
    %pushi/vec4 1, 0, 1;
    %cmp/e;
    %flag_get/vec4 4;
    %and;
    %load/vec4 v0x7fe92bc7f550_0;
    %pushi/vec4 0, 0, 1;
    %cmp/e;
    %flag_get/vec4 4;
    %and;
    %load/vec4 v0x7fe92bc7f5e0_0;
    %pushi/vec4 0, 0, 1;
    %cmp/e;
    %flag_get/vec4 4;
    %and;
    %flag_set/vec4 8;
    %jmp/0xz  T_6.32, 8;
    %vpi_call 2 274 "$display", "Test 12: Successful" {0 0 0};
    %load/vec4 v0x7fe92bc7f9d0_0;
    %addi 1, 0, 32;
    %store/vec4 v0x7fe92bc7f9d0_0, 0, 32;
    %jmp T_6.33;
T_6.32 ;
    %vpi_call 2 277 "$display", "error_12 hata; %d %d %d %d", v0x7fe92bc7f4c0_0, v0x7fe92bc7f430_0, v0x7fe92bc7f550_0, v0x7fe92bc7f5e0_0 {0 0 0};
T_6.33 ;
    %pushi/vec4 8, 0, 4;
    %store/vec4 v0x7fe92bc7fb80_0, 0, 4;
    %pushi/vec4 1, 0, 1;
    %store/vec4 v0x7fe92bc7fa60_0, 0, 1;
    %pushi/vec4 1, 0, 2;
    %store/vec4 v0x7fe92bc7f740_0, 0, 2;
    %delay 10000, 0;
    %load/vec4 v0x7fe92bc7faf0_0;
    %pushi/vec4 0, 0, 1;
    %cmp/e;
    %flag_get/vec4 4;
    %load/vec4 v0x7fe92bc7f4c0_0;
    %pushi/vec4 1, 0, 1;
    %cmp/e;
    %flag_get/vec4 4;
    %and;
    %load/vec4 v0x7fe92bc7f430_0;
    %pushi/vec4 0, 0, 1;
    %cmp/e;
    %flag_get/vec4 4;
    %and;
    %load/vec4 v0x7fe92bc7f550_0;
    %pushi/vec4 0, 0, 1;
    %cmp/e;
    %flag_get/vec4 4;
    %and;
    %load/vec4 v0x7fe92bc7f5e0_0;
    %pushi/vec4 0, 0, 1;
    %cmp/e;
    %flag_get/vec4 4;
    %and;
    %flag_set/vec4 8;
    %jmp/0xz  T_6.34, 8;
    %vpi_call 2 293 "$display", "Test 13: Successful" {0 0 0};
    %load/vec4 v0x7fe92bc7f9d0_0;
    %addi 1, 0, 32;
    %store/vec4 v0x7fe92bc7f9d0_0, 0, 32;
    %jmp T_6.35;
T_6.34 ;
    %vpi_call 2 296 "$display", "error_13" {0 0 0};
T_6.35 ;
    %pushi/vec4 12, 0, 4;
    %store/vec4 v0x7fe92bc7fb80_0, 0, 4;
    %pushi/vec4 1, 0, 1;
    %store/vec4 v0x7fe92bc7fa60_0, 0, 1;
    %pushi/vec4 1, 0, 2;
    %store/vec4 v0x7fe92bc7f740_0, 0, 2;
    %delay 10000, 0;
    %load/vec4 v0x7fe92bc7faf0_0;
    %pushi/vec4 0, 0, 1;
    %cmp/e;
    %flag_get/vec4 4;
    %load/vec4 v0x7fe92bc7f4c0_0;
    %pushi/vec4 1, 0, 1;
    %cmp/e;
    %flag_get/vec4 4;
    %and;
    %load/vec4 v0x7fe92bc7f430_0;
    %pushi/vec4 0, 0, 1;
    %cmp/e;
    %flag_get/vec4 4;
    %and;
    %load/vec4 v0x7fe92bc7f550_0;
    %pushi/vec4 0, 0, 1;
    %cmp/e;
    %flag_get/vec4 4;
    %and;
    %load/vec4 v0x7fe92bc7f5e0_0;
    %pushi/vec4 0, 0, 1;
    %cmp/e;
    %flag_get/vec4 4;
    %and;
    %flag_set/vec4 8;
    %jmp/0xz  T_6.36, 8;
    %vpi_call 2 313 "$display", "Test 14: Successful" {0 0 0};
    %load/vec4 v0x7fe92bc7f9d0_0;
    %addi 1, 0, 32;
    %store/vec4 v0x7fe92bc7f9d0_0, 0, 32;
    %jmp T_6.37;
T_6.36 ;
    %vpi_call 2 316 "$display", "error_14" {0 0 0};
T_6.37 ;
    %pushi/vec4 3, 0, 4;
    %store/vec4 v0x7fe92bc7fb80_0, 0, 4;
    %pushi/vec4 0, 0, 1;
    %store/vec4 v0x7fe92bc7fa60_0, 0, 1;
    %pushi/vec4 0, 0, 2;
    %store/vec4 v0x7fe92bc7f740_0, 0, 2;
    %delay 10000, 0;
    %load/vec4 v0x7fe92bc7faf0_0;
    %pushi/vec4 0, 0, 1;
    %cmp/e;
    %flag_get/vec4 4;
    %load/vec4 v0x7fe92bc7f4c0_0;
    %pushi/vec4 0, 0, 1;
    %cmp/e;
    %flag_get/vec4 4;
    %and;
    %load/vec4 v0x7fe92bc7f430_0;
    %pushi/vec4 0, 0, 1;
    %cmp/e;
    %flag_get/vec4 4;
    %and;
    %load/vec4 v0x7fe92bc7f550_0;
    %pushi/vec4 0, 0, 1;
    %cmp/e;
    %flag_get/vec4 4;
    %and;
    %load/vec4 v0x7fe92bc7f5e0_0;
    %pushi/vec4 0, 0, 1;
    %cmp/e;
    %flag_get/vec4 4;
    %and;
    %flag_set/vec4 8;
    %jmp/0xz  T_6.38, 8;
    %vpi_call 2 332 "$display", "Test 15: Successful" {0 0 0};
    %load/vec4 v0x7fe92bc7f9d0_0;
    %addi 1, 0, 32;
    %store/vec4 v0x7fe92bc7f9d0_0, 0, 32;
    %jmp T_6.39;
T_6.38 ;
    %vpi_call 2 335 "$display", "error_15" {0 0 0};
T_6.39 ;
    %pushi/vec4 14, 0, 4;
    %store/vec4 v0x7fe92bc7fb80_0, 0, 4;
    %pushi/vec4 0, 0, 1;
    %store/vec4 v0x7fe92bc7fa60_0, 0, 1;
    %pushi/vec4 1, 0, 2;
    %store/vec4 v0x7fe92bc7f740_0, 0, 2;
    %delay 10000, 0;
    %load/vec4 v0x7fe92bc7faf0_0;
    %pushi/vec4 1, 0, 1;
    %cmp/e;
    %flag_get/vec4 4;
    %load/vec4 v0x7fe92bc7f4c0_0;
    %pushi/vec4 0, 0, 1;
    %cmp/e;
    %flag_get/vec4 4;
    %and;
    %load/vec4 v0x7fe92bc7f430_0;
    %pushi/vec4 0, 0, 1;
    %cmp/e;
    %flag_get/vec4 4;
    %and;
    %load/vec4 v0x7fe92bc7f550_0;
    %pushi/vec4 0, 0, 1;
    %cmp/e;
    %flag_get/vec4 4;
    %and;
    %load/vec4 v0x7fe92bc7f5e0_0;
    %pushi/vec4 0, 0, 1;
    %cmp/e;
    %flag_get/vec4 4;
    %and;
    %flag_set/vec4 8;
    %jmp/0xz  T_6.40, 8;
    %vpi_call 2 352 "$display", "Test 16: Successful" {0 0 0};
    %load/vec4 v0x7fe92bc7f9d0_0;
    %addi 1, 0, 32;
    %store/vec4 v0x7fe92bc7f9d0_0, 0, 32;
    %jmp T_6.41;
T_6.40 ;
    %vpi_call 2 355 "$display", "error_16" {0 0 0};
T_6.41 ;
    %pushi/vec4 14, 0, 4;
    %store/vec4 v0x7fe92bc7fb80_0, 0, 4;
    %pushi/vec4 1, 0, 1;
    %store/vec4 v0x7fe92bc7fa60_0, 0, 1;
    %pushi/vec4 1, 0, 2;
    %store/vec4 v0x7fe92bc7f740_0, 0, 2;
    %delay 10000, 0;
    %load/vec4 v0x7fe92bc7faf0_0;
    %pushi/vec4 0, 0, 1;
    %cmp/e;
    %flag_get/vec4 4;
    %load/vec4 v0x7fe92bc7f4c0_0;
    %pushi/vec4 0, 0, 1;
    %cmp/e;
    %flag_get/vec4 4;
    %and;
    %load/vec4 v0x7fe92bc7f430_0;
    %pushi/vec4 0, 0, 1;
    %cmp/e;
    %flag_get/vec4 4;
    %and;
    %load/vec4 v0x7fe92bc7f550_0;
    %pushi/vec4 0, 0, 1;
    %cmp/e;
    %flag_get/vec4 4;
    %and;
    %load/vec4 v0x7fe92bc7f5e0_0;
    %pushi/vec4 0, 0, 1;
    %cmp/e;
    %flag_get/vec4 4;
    %and;
    %flag_set/vec4 8;
    %jmp/0xz  T_6.42, 8;
    %vpi_call 2 371 "$display", "Test 17: Successful" {0 0 0};
    %load/vec4 v0x7fe92bc7f9d0_0;
    %addi 1, 0, 32;
    %store/vec4 v0x7fe92bc7f9d0_0, 0, 32;
    %jmp T_6.43;
T_6.42 ;
    %vpi_call 2 374 "$display", "error_17" {0 0 0};
T_6.43 ;
    %pushi/vec4 3, 0, 4;
    %store/vec4 v0x7fe92bc7fb80_0, 0, 4;
    %pushi/vec4 0, 0, 1;
    %store/vec4 v0x7fe92bc7fa60_0, 0, 1;
    %pushi/vec4 2, 0, 2;
    %store/vec4 v0x7fe92bc7f740_0, 0, 2;
    %delay 10000, 0;
    %load/vec4 v0x7fe92bc7faf0_0;
    %pushi/vec4 0, 0, 1;
    %cmp/e;
    %flag_get/vec4 4;
    %load/vec4 v0x7fe92bc7f4c0_0;
    %pushi/vec4 0, 0, 1;
    %cmp/e;
    %flag_get/vec4 4;
    %and;
    %load/vec4 v0x7fe92bc7f430_0;
    %pushi/vec4 0, 0, 1;
    %cmp/e;
    %flag_get/vec4 4;
    %and;
    %load/vec4 v0x7fe92bc7f550_0;
    %pushi/vec4 0, 0, 1;
    %cmp/e;
    %flag_get/vec4 4;
    %and;
    %load/vec4 v0x7fe92bc7f5e0_0;
    %pushi/vec4 0, 0, 1;
    %cmp/e;
    %flag_get/vec4 4;
    %and;
    %flag_set/vec4 8;
    %jmp/0xz  T_6.44, 8;
    %vpi_call 2 389 "$display", "Test 18: Successful" {0 0 0};
    %load/vec4 v0x7fe92bc7f9d0_0;
    %addi 1, 0, 32;
    %store/vec4 v0x7fe92bc7f9d0_0, 0, 32;
    %jmp T_6.45;
T_6.44 ;
    %vpi_call 2 392 "$display", "error_18" {0 0 0};
T_6.45 ;
    %pushi/vec4 14, 0, 4;
    %store/vec4 v0x7fe92bc7fb80_0, 0, 4;
    %pushi/vec4 0, 0, 1;
    %store/vec4 v0x7fe92bc7fa60_0, 0, 1;
    %pushi/vec4 2, 0, 2;
    %store/vec4 v0x7fe92bc7f740_0, 0, 2;
    %delay 10000, 0;
    %load/vec4 v0x7fe92bc7faf0_0;
    %pushi/vec4 0, 0, 1;
    %cmp/e;
    %flag_get/vec4 4;
    %load/vec4 v0x7fe92bc7f4c0_0;
    %pushi/vec4 0, 0, 1;
    %cmp/e;
    %flag_get/vec4 4;
    %and;
    %load/vec4 v0x7fe92bc7f430_0;
    %pushi/vec4 0, 0, 1;
    %cmp/e;
    %flag_get/vec4 4;
    %and;
    %load/vec4 v0x7fe92bc7f550_0;
    %pushi/vec4 0, 0, 1;
    %cmp/e;
    %flag_get/vec4 4;
    %and;
    %load/vec4 v0x7fe92bc7f5e0_0;
    %pushi/vec4 0, 0, 1;
    %cmp/e;
    %flag_get/vec4 4;
    %and;
    %flag_set/vec4 8;
    %jmp/0xz  T_6.46, 8;
    %vpi_call 2 404 "$display", "Test 19: Successful" {0 0 0};
    %load/vec4 v0x7fe92bc7f9d0_0;
    %addi 1, 0, 32;
    %store/vec4 v0x7fe92bc7f9d0_0, 0, 32;
    %jmp T_6.47;
T_6.46 ;
    %vpi_call 2 407 "$display", "error_19" {0 0 0};
T_6.47 ;
    %pushi/vec4 15, 0, 4;
    %store/vec4 v0x7fe92bc7fb80_0, 0, 4;
    %pushi/vec4 1, 0, 1;
    %store/vec4 v0x7fe92bc7fa60_0, 0, 1;
    %pushi/vec4 1, 0, 2;
    %store/vec4 v0x7fe92bc7f740_0, 0, 2;
    %delay 10000, 0;
    %load/vec4 v0x7fe92bc7faf0_0;
    %pushi/vec4 0, 0, 1;
    %cmp/e;
    %flag_get/vec4 4;
    %load/vec4 v0x7fe92bc7f4c0_0;
    %pushi/vec4 0, 0, 1;
    %cmp/e;
    %flag_get/vec4 4;
    %and;
    %load/vec4 v0x7fe92bc7f430_0;
    %pushi/vec4 0, 0, 1;
    %cmp/e;
    %flag_get/vec4 4;
    %and;
    %load/vec4 v0x7fe92bc7f550_0;
    %pushi/vec4 0, 0, 1;
    %cmp/e;
    %flag_get/vec4 4;
    %and;
    %load/vec4 v0x7fe92bc7f5e0_0;
    %pushi/vec4 0, 0, 1;
    %cmp/e;
    %flag_get/vec4 4;
    %and;
    %flag_set/vec4 8;
    %jmp/0xz  T_6.48, 8;
    %vpi_call 2 420 "$display", "Test 20: Successful" {0 0 0};
    %load/vec4 v0x7fe92bc7f9d0_0;
    %addi 1, 0, 32;
    %store/vec4 v0x7fe92bc7f9d0_0, 0, 32;
    %jmp T_6.49;
T_6.48 ;
    %vpi_call 2 423 "$display", "error_20" {0 0 0};
T_6.49 ;
    %pushi/vec4 9, 0, 4;
    %store/vec4 v0x7fe92bc7fb80_0, 0, 4;
    %pushi/vec4 0, 0, 1;
    %store/vec4 v0x7fe92bc7fa60_0, 0, 1;
    %pushi/vec4 1, 0, 2;
    %store/vec4 v0x7fe92bc7f740_0, 0, 2;
    %delay 10000, 0;
    %load/vec4 v0x7fe92bc7faf0_0;
    %pushi/vec4 1, 0, 1;
    %cmp/e;
    %flag_get/vec4 4;
    %load/vec4 v0x7fe92bc7f4c0_0;
    %pushi/vec4 0, 0, 1;
    %cmp/e;
    %flag_get/vec4 4;
    %and;
    %load/vec4 v0x7fe92bc7f430_0;
    %pushi/vec4 0, 0, 1;
    %cmp/e;
    %flag_get/vec4 4;
    %and;
    %load/vec4 v0x7fe92bc7f550_0;
    %pushi/vec4 0, 0, 1;
    %cmp/e;
    %flag_get/vec4 4;
    %and;
    %load/vec4 v0x7fe92bc7f5e0_0;
    %pushi/vec4 0, 0, 1;
    %cmp/e;
    %flag_get/vec4 4;
    %and;
    %flag_set/vec4 8;
    %jmp/0xz  T_6.50, 8;
    %vpi_call 2 440 "$display", "Test 21: Successful" {0 0 0};
    %load/vec4 v0x7fe92bc7f9d0_0;
    %addi 1, 0, 32;
    %store/vec4 v0x7fe92bc7f9d0_0, 0, 32;
    %jmp T_6.51;
T_6.50 ;
    %vpi_call 2 443 "$display", "error_21" {0 0 0};
T_6.51 ;
    %pushi/vec4 9, 0, 4;
    %store/vec4 v0x7fe92bc7fb80_0, 0, 4;
    %pushi/vec4 1, 0, 1;
    %store/vec4 v0x7fe92bc7fa60_0, 0, 1;
    %pushi/vec4 1, 0, 2;
    %store/vec4 v0x7fe92bc7f740_0, 0, 2;
    %delay 10000, 0;
    %load/vec4 v0x7fe92bc7faf0_0;
    %pushi/vec4 0, 0, 1;
    %cmp/e;
    %flag_get/vec4 4;
    %load/vec4 v0x7fe92bc7f4c0_0;
    %pushi/vec4 0, 0, 1;
    %cmp/e;
    %flag_get/vec4 4;
    %and;
    %load/vec4 v0x7fe92bc7f430_0;
    %pushi/vec4 1, 0, 1;
    %cmp/e;
    %flag_get/vec4 4;
    %and;
    %load/vec4 v0x7fe92bc7f550_0;
    %pushi/vec4 0, 0, 1;
    %cmp/e;
    %flag_get/vec4 4;
    %and;
    %load/vec4 v0x7fe92bc7f5e0_0;
    %pushi/vec4 0, 0, 1;
    %cmp/e;
    %flag_get/vec4 4;
    %and;
    %flag_set/vec4 8;
    %jmp/0xz  T_6.52, 8;
    %vpi_call 2 460 "$display", "Test 22: Successful" {0 0 0};
    %load/vec4 v0x7fe92bc7f9d0_0;
    %addi 1, 0, 32;
    %store/vec4 v0x7fe92bc7f9d0_0, 0, 32;
    %jmp T_6.53;
T_6.52 ;
    %vpi_call 2 463 "$display", "error_22" {0 0 0};
T_6.53 ;
    %pushi/vec4 7, 0, 4;
    %store/vec4 v0x7fe92bc7fb80_0, 0, 4;
    %pushi/vec4 0, 0, 1;
    %store/vec4 v0x7fe92bc7fa60_0, 0, 1;
    %pushi/vec4 3, 0, 2;
    %store/vec4 v0x7fe92bc7f740_0, 0, 2;
    %delay 10000, 0;
    %load/vec4 v0x7fe92bc7faf0_0;
    %pushi/vec4 0, 0, 1;
    %cmp/e;
    %flag_get/vec4 4;
    %load/vec4 v0x7fe92bc7f4c0_0;
    %pushi/vec4 0, 0, 1;
    %cmp/e;
    %flag_get/vec4 4;
    %and;
    %load/vec4 v0x7fe92bc7f430_0;
    %pushi/vec4 1, 0, 1;
    %cmp/e;
    %flag_get/vec4 4;
    %and;
    %load/vec4 v0x7fe92bc7f550_0;
    %pushi/vec4 0, 0, 1;
    %cmp/e;
    %flag_get/vec4 4;
    %and;
    %load/vec4 v0x7fe92bc7f5e0_0;
    %pushi/vec4 1, 0, 1;
    %cmp/e;
    %flag_get/vec4 4;
    %and;
    %flag_set/vec4 8;
    %jmp/0xz  T_6.54, 8;
    %vpi_call 2 478 "$display", "Test 23: Successful" {0 0 0};
    %load/vec4 v0x7fe92bc7f9d0_0;
    %addi 1, 0, 32;
    %store/vec4 v0x7fe92bc7f9d0_0, 0, 32;
    %load/vec4 v0x7fe92bc7f6b0_0;
    %cmpi/e 1, 0, 4;
    %jmp/0xz  T_6.56, 4;
    %vpi_call 2 480 "$display", "DATA0: %b", v0x7fe92bc7f6b0_0 {0 0 0};
    %jmp T_6.57;
T_6.56 ;
    %vpi_call 2 481 "$display", "ERROR data0" {0 0 0};
T_6.57 ;
    %delay 10000, 0;
    %load/vec4 v0x7fe92bc7f6b0_0;
    %cmpi/e 0, 0, 4;
    %jmp/0xz  T_6.58, 4;
    %vpi_call 2 483 "$display", "DATA1: %b", v0x7fe92bc7f6b0_0 {0 0 0};
    %jmp T_6.59;
T_6.58 ;
    %vpi_call 2 484 "$display", "ERROR data1" {0 0 0};
T_6.59 ;
    %delay 10000, 0;
    %load/vec4 v0x7fe92bc7f6b0_0;
    %cmpi/e 7, 0, 4;
    %jmp/0xz  T_6.60, 4;
    %vpi_call 2 486 "$display", "DATA2: %b", v0x7fe92bc7f6b0_0 {0 0 0};
    %jmp T_6.61;
T_6.60 ;
    %vpi_call 2 487 "$display", "ERROR data2" {0 0 0};
T_6.61 ;
    %delay 10000, 0;
    %load/vec4 v0x7fe92bc7f6b0_0;
    %cmpi/e 5, 0, 4;
    %jmp/0xz  T_6.62, 4;
    %vpi_call 2 489 "$display", "DATA3: %b", v0x7fe92bc7f6b0_0 {0 0 0};
    %jmp T_6.63;
T_6.62 ;
    %vpi_call 2 490 "$display", "ERROR data3" {0 0 0};
T_6.63 ;
    %delay 10000, 0;
    %load/vec4 v0x7fe92bc7f6b0_0;
    %cmpi/e 4, 0, 4;
    %jmp/0xz  T_6.64, 4;
    %vpi_call 2 492 "$display", "DATA4: %b", v0x7fe92bc7f6b0_0 {0 0 0};
    %jmp T_6.65;
T_6.64 ;
    %vpi_call 2 493 "$display", "ERROR data4" {0 0 0};
T_6.65 ;
    %delay 10000, 0;
    %jmp T_6.55;
T_6.54 ;
    %vpi_call 2 496 "$display", "error_23" {0 0 0};
T_6.55 ;
    %pushi/vec4 7, 0, 4;
    %store/vec4 v0x7fe92bc7fb80_0, 0, 4;
    %pushi/vec4 1, 0, 1;
    %store/vec4 v0x7fe92bc7fa60_0, 0, 1;
    %pushi/vec4 3, 0, 2;
    %store/vec4 v0x7fe92bc7f740_0, 0, 2;
    %delay 10000, 0;
    %load/vec4 v0x7fe92bc7faf0_0;
    %pushi/vec4 0, 0, 1;
    %cmp/e;
    %flag_get/vec4 4;
    %load/vec4 v0x7fe92bc7f4c0_0;
    %pushi/vec4 0, 0, 1;
    %cmp/e;
    %flag_get/vec4 4;
    %and;
    %load/vec4 v0x7fe92bc7f430_0;
    %pushi/vec4 1, 0, 1;
    %cmp/e;
    %flag_get/vec4 4;
    %and;
    %load/vec4 v0x7fe92bc7f550_0;
    %pushi/vec4 0, 0, 1;
    %cmp/e;
    %flag_get/vec4 4;
    %and;
    %load/vec4 v0x7fe92bc7f5e0_0;
    %pushi/vec4 1, 0, 1;
    %cmp/e;
    %flag_get/vec4 4;
    %and;
    %flag_set/vec4 8;
    %jmp/0xz  T_6.66, 8;
    %vpi_call 2 508 "$display", "Test 24: Successful" {0 0 0};
    %load/vec4 v0x7fe92bc7f9d0_0;
    %addi 1, 0, 32;
    %store/vec4 v0x7fe92bc7f9d0_0, 0, 32;
    %load/vec4 v0x7fe92bc7f6b0_0;
    %cmpi/e 8, 0, 4;
    %jmp/0xz  T_6.68, 4;
    %vpi_call 2 510 "$display", "DATA0: %b", v0x7fe92bc7f6b0_0 {0 0 0};
    %jmp T_6.69;
T_6.68 ;
    %vpi_call 2 511 "$display", "ERROR data0" {0 0 0};
T_6.69 ;
    %delay 10000, 0;
    %load/vec4 v0x7fe92bc7f6b0_0;
    %cmpi/e 12, 0, 4;
    %jmp/0xz  T_6.70, 4;
    %vpi_call 2 513 "$display", "DATA1: %b", v0x7fe92bc7f6b0_0 {0 0 0};
    %jmp T_6.71;
T_6.70 ;
    %vpi_call 2 514 "$display", "ERROR data1" {0 0 0};
T_6.71 ;
    %delay 10000, 0;
    %load/vec4 v0x7fe92bc7f6b0_0;
    %cmpi/e 14, 0, 4;
    %jmp/0xz  T_6.72, 4;
    %vpi_call 2 516 "$display", "DATA2: %b", v0x7fe92bc7f6b0_0 {0 0 0};
    %jmp T_6.73;
T_6.72 ;
    %vpi_call 2 517 "$display", "ERROR data2" {0 0 0};
T_6.73 ;
    %delay 10000, 0;
    %load/vec4 v0x7fe92bc7f6b0_0;
    %cmpi/e 15, 0, 4;
    %jmp/0xz  T_6.74, 4;
    %vpi_call 2 519 "$display", "DATA3: %b", v0x7fe92bc7f6b0_0 {0 0 0};
    %jmp T_6.75;
T_6.74 ;
    %vpi_call 2 520 "$display", "ERROR data3" {0 0 0};
T_6.75 ;
    %delay 10000, 0;
    %load/vec4 v0x7fe92bc7f6b0_0;
    %cmpi/e 9, 0, 4;
    %jmp/0xz  T_6.76, 4;
    %vpi_call 2 522 "$display", "DATA4: %b", v0x7fe92bc7f6b0_0 {0 0 0};
    %jmp T_6.77;
T_6.76 ;
    %vpi_call 2 523 "$display", "ERROR data4" {0 0 0};
T_6.77 ;
    %delay 10000, 0;
    %jmp T_6.67;
T_6.66 ;
    %vpi_call 2 526 "$display", "error_24" {0 0 0};
T_6.67 ;
    %pushi/vec4 6, 0, 4;
    %store/vec4 v0x7fe92bc7fb80_0, 0, 4;
    %pushi/vec4 0, 0, 1;
    %store/vec4 v0x7fe92bc7fa60_0, 0, 1;
    %pushi/vec4 1, 0, 2;
    %store/vec4 v0x7fe92bc7f740_0, 0, 2;
    %delay 10000, 0;
    %load/vec4 v0x7fe92bc7faf0_0;
    %pushi/vec4 0, 0, 1;
    %cmp/e;
    %flag_get/vec4 4;
    %load/vec4 v0x7fe92bc7f4c0_0;
    %pushi/vec4 1, 0, 1;
    %cmp/e;
    %flag_get/vec4 4;
    %and;
    %load/vec4 v0x7fe92bc7f430_0;
    %pushi/vec4 1, 0, 1;
    %cmp/e;
    %flag_get/vec4 4;
    %and;
    %load/vec4 v0x7fe92bc7f550_0;
    %pushi/vec4 0, 0, 1;
    %cmp/e;
    %flag_get/vec4 4;
    %and;
    %load/vec4 v0x7fe92bc7f5e0_0;
    %pushi/vec4 0, 0, 1;
    %cmp/e;
    %flag_get/vec4 4;
    %and;
    %flag_set/vec4 8;
    %jmp/0xz  T_6.78, 8;
    %vpi_call 2 540 "$display", "Test 25: Successful" {0 0 0};
    %load/vec4 v0x7fe92bc7f9d0_0;
    %addi 1, 0, 32;
    %store/vec4 v0x7fe92bc7f9d0_0, 0, 32;
    %jmp T_6.79;
T_6.78 ;
    %vpi_call 2 543 "$display", "error_25" {0 0 0};
T_6.79 ;
    %pushi/vec4 6, 0, 4;
    %store/vec4 v0x7fe92bc7fb80_0, 0, 4;
    %pushi/vec4 0, 0, 1;
    %store/vec4 v0x7fe92bc7fa60_0, 0, 1;
    %pushi/vec4 1, 0, 2;
    %store/vec4 v0x7fe92bc7f740_0, 0, 2;
    %delay 10000, 0;
    %load/vec4 v0x7fe92bc7faf0_0;
    %pushi/vec4 0, 0, 1;
    %cmp/e;
    %flag_get/vec4 4;
    %load/vec4 v0x7fe92bc7f4c0_0;
    %pushi/vec4 1, 0, 1;
    %cmp/e;
    %flag_get/vec4 4;
    %and;
    %load/vec4 v0x7fe92bc7f430_0;
    %pushi/vec4 1, 0, 1;
    %cmp/e;
    %flag_get/vec4 4;
    %and;
    %load/vec4 v0x7fe92bc7f550_0;
    %pushi/vec4 0, 0, 1;
    %cmp/e;
    %flag_get/vec4 4;
    %and;
    %load/vec4 v0x7fe92bc7f5e0_0;
    %pushi/vec4 0, 0, 1;
    %cmp/e;
    %flag_get/vec4 4;
    %and;
    %flag_set/vec4 8;
    %jmp/0xz  T_6.80, 8;
    %vpi_call 2 561 "$display", "Test 26: Successful" {0 0 0};
    %load/vec4 v0x7fe92bc7f9d0_0;
    %addi 1, 0, 32;
    %store/vec4 v0x7fe92bc7f9d0_0, 0, 32;
    %jmp T_6.81;
T_6.80 ;
    %vpi_call 2 564 "$display", "error_26" {0 0 0};
T_6.81 ;
    %pushi/vec4 11, 0, 4;
    %store/vec4 v0x7fe92bc7fb80_0, 0, 4;
    %pushi/vec4 0, 0, 1;
    %store/vec4 v0x7fe92bc7fa60_0, 0, 1;
    %pushi/vec4 1, 0, 2;
    %store/vec4 v0x7fe92bc7f740_0, 0, 2;
    %delay 10000, 0;
    %load/vec4 v0x7fe92bc7faf0_0;
    %pushi/vec4 1, 0, 1;
    %cmp/e;
    %flag_get/vec4 4;
    %load/vec4 v0x7fe92bc7f4c0_0;
    %pushi/vec4 1, 0, 1;
    %cmp/e;
    %flag_get/vec4 4;
    %and;
    %load/vec4 v0x7fe92bc7f430_0;
    %pushi/vec4 1, 0, 1;
    %cmp/e;
    %flag_get/vec4 4;
    %and;
    %load/vec4 v0x7fe92bc7f550_0;
    %pushi/vec4 0, 0, 1;
    %cmp/e;
    %flag_get/vec4 4;
    %and;
    %load/vec4 v0x7fe92bc7f5e0_0;
    %pushi/vec4 0, 0, 1;
    %cmp/e;
    %flag_get/vec4 4;
    %and;
    %flag_set/vec4 8;
    %jmp/0xz  T_6.82, 8;
    %vpi_call 2 583 "$display", "Test 27: Successful" {0 0 0};
    %load/vec4 v0x7fe92bc7f9d0_0;
    %addi 1, 0, 32;
    %store/vec4 v0x7fe92bc7f9d0_0, 0, 32;
    %jmp T_6.83;
T_6.82 ;
    %vpi_call 2 586 "$display", "error_27" {0 0 0};
T_6.83 ;
    %pushi/vec4 11, 0, 4;
    %store/vec4 v0x7fe92bc7fb80_0, 0, 4;
    %pushi/vec4 1, 0, 1;
    %store/vec4 v0x7fe92bc7fa60_0, 0, 1;
    %pushi/vec4 1, 0, 2;
    %store/vec4 v0x7fe92bc7f740_0, 0, 2;
    %delay 10000, 0;
    %load/vec4 v0x7fe92bc7faf0_0;
    %pushi/vec4 0, 0, 1;
    %cmp/e;
    %flag_get/vec4 4;
    %load/vec4 v0x7fe92bc7f4c0_0;
    %pushi/vec4 1, 0, 1;
    %cmp/e;
    %flag_get/vec4 4;
    %and;
    %load/vec4 v0x7fe92bc7f430_0;
    %pushi/vec4 1, 0, 1;
    %cmp/e;
    %flag_get/vec4 4;
    %and;
    %load/vec4 v0x7fe92bc7f550_0;
    %pushi/vec4 0, 0, 1;
    %cmp/e;
    %flag_get/vec4 4;
    %and;
    %load/vec4 v0x7fe92bc7f5e0_0;
    %pushi/vec4 0, 0, 1;
    %cmp/e;
    %flag_get/vec4 4;
    %and;
    %flag_set/vec4 8;
    %jmp/0xz  T_6.84, 8;
    %vpi_call 2 603 "$display", "Test 28: Successful" {0 0 0};
    %load/vec4 v0x7fe92bc7f9d0_0;
    %addi 1, 0, 32;
    %store/vec4 v0x7fe92bc7f9d0_0, 0, 32;
    %jmp T_6.85;
T_6.84 ;
    %vpi_call 2 606 "$display", "error_28" {0 0 0};
T_6.85 ;
    %pushi/vec4 3, 0, 4;
    %store/vec4 v0x7fe92bc7fb80_0, 0, 4;
    %pushi/vec4 1, 0, 1;
    %store/vec4 v0x7fe92bc7fa60_0, 0, 1;
    %pushi/vec4 1, 0, 2;
    %store/vec4 v0x7fe92bc7f740_0, 0, 2;
    %delay 10000, 0;
    %load/vec4 v0x7fe92bc7faf0_0;
    %pushi/vec4 1, 0, 1;
    %cmp/e;
    %flag_get/vec4 4;
    %load/vec4 v0x7fe92bc7f4c0_0;
    %pushi/vec4 1, 0, 1;
    %cmp/e;
    %flag_get/vec4 4;
    %and;
    %load/vec4 v0x7fe92bc7f430_0;
    %pushi/vec4 1, 0, 1;
    %cmp/e;
    %flag_get/vec4 4;
    %and;
    %load/vec4 v0x7fe92bc7f550_0;
    %pushi/vec4 0, 0, 1;
    %cmp/e;
    %flag_get/vec4 4;
    %and;
    %load/vec4 v0x7fe92bc7f5e0_0;
    %pushi/vec4 0, 0, 1;
    %cmp/e;
    %flag_get/vec4 4;
    %and;
    %flag_set/vec4 8;
    %jmp/0xz  T_6.86, 8;
    %vpi_call 2 623 "$display", "Test 29: Successful" {0 0 0};
    %load/vec4 v0x7fe92bc7f9d0_0;
    %addi 1, 0, 32;
    %store/vec4 v0x7fe92bc7f9d0_0, 0, 32;
    %jmp T_6.87;
T_6.86 ;
    %vpi_call 2 626 "$display", "error_29" {0 0 0};
T_6.87 ;
    %load/vec4 v0x7fe92bc7f9d0_0;
    %cmpi/e 29, 0, 32;
    %jmp/0xz  T_6.88, 4;
    %vpi_call 2 634 "$display", "ACCOMPLISHED 29/29" {0 0 0};
    %jmp T_6.89;
T_6.88 ;
    %vpi_call 2 635 "$display", "Result != 29" {0 0 0};
T_6.89 ;
    %vpi_call 2 636 "$display", "Testbench was finished!" {0 0 0};
    %vpi_call 2 637 "$finish" {0 0 0};
    %end;
    .thread T_6;
# The file index is used to find the file name in the following table.
:file_names 4;
    "N/A";
    "<interactive>";
    "test.v";
    "lab4_2.v";
