#! /usr/local/Cellar/icarus-verilog/10.2/bin/vvp
:ivl_version "10.2 (stable)" "(v10_2)";
:ivl_delay_selection "TYPICAL";
:vpi_time_precision - 12;
:vpi_module "system";
:vpi_module "vhdl_sys";
:vpi_module "v2005_math";
:vpi_module "va_math";
S_0x7feb38e11f40 .scope module, "FUNCMEMORY" "FUNCMEMORY" 2 215;
 .timescale -9 -12;
    .port_info 0 /INPUT 1 "mode"
    .port_info 1 /INPUT 7 "memInput"
    .port_info 2 /INPUT 1 "CLK"
    .port_info 3 /OUTPUT 9 "result"
o0x10a19d008 .functor BUFZ 1, C4<z>; HiZ drive
v0x7feb38e486a0_0 .net "CLK", 0 0, o0x10a19d008;  0 drivers
o0x10a19d638 .functor BUFZ 7, C4<zzzzzzz>; HiZ drive
v0x7feb38e48750_0 .net "memInput", 6 0, o0x10a19d638;  0 drivers
o0x10a19d248 .functor BUFZ 1, C4<z>; HiZ drive
v0x7feb38e487f0_0 .net "mode", 0 0, o0x10a19d248;  0 drivers
v0x7feb38e488c0_0 .net "result", 8 0, v0x7feb38e47680_0;  1 drivers
v0x7feb38e48970_0 .net "romData", 4 0, v0x7feb38e485e0_0;  1 drivers
L_0x7feb38e4a120 .part o0x10a19d638, 3, 4;
L_0x7feb38e4a6b0 .part o0x10a19d638, 3, 4;
L_0x7feb38e4a790 .part o0x10a19d638, 2, 1;
L_0x7feb38e4a830 .part o0x10a19d638, 0, 2;
S_0x7feb38e36ce0 .scope module, "RA" "FUNCRAM" 2 220, 2 24 0, S_0x7feb38e11f40;
 .timescale -9 -12;
    .port_info 0 /INPUT 1 "mode"
    .port_info 1 /INPUT 4 "ramAddress"
    .port_info 2 /INPUT 5 "dataIn"
    .port_info 3 /INPUT 1 "op"
    .port_info 4 /INPUT 2 "arg"
    .port_info 5 /INPUT 1 "CLK"
    .port_info 6 /OUTPUT 9 "dataOut"
v0x7feb38e37130_0 .net "CLK", 0 0, o0x10a19d008;  alias, 0 drivers
v0x7feb38e47180_0 .net *"_s12", 0 0, L_0x7feb38e4a4a0;  1 drivers
v0x7feb38e47220_0 .net *"_s14", 8 0, L_0x7feb38e4a5e0;  1 drivers
v0x7feb38e472d0_0 .net *"_s3", 0 0, L_0x7feb38e4a200;  1 drivers
v0x7feb38e47380_0 .net *"_s6", 0 0, L_0x7feb38e4a2e0;  1 drivers
v0x7feb38e47470_0 .net *"_s9", 0 0, L_0x7feb38e4a3e0;  1 drivers
v0x7feb38e47520_0 .net "arg", 1 0, L_0x7feb38e4a830;  1 drivers
v0x7feb38e475d0_0 .net "dataIn", 4 0, v0x7feb38e485e0_0;  alias, 1 drivers
v0x7feb38e47680_0 .var "dataOut", 8 0;
v0x7feb38e47790_0 .var/i "dec", 31 0;
v0x7feb38e47840_0 .var/i "i", 31 0;
v0x7feb38e478f0_0 .var/i "kat", 31 0;
v0x7feb38e479a0_0 .net "mode", 0 0, o0x10a19d248;  alias, 0 drivers
v0x7feb38e47a40_0 .net "op", 0 0, L_0x7feb38e4a790;  1 drivers
v0x7feb38e47ae0 .array "ram", 15 0, 8 0;
v0x7feb38e47b80_0 .net "ramAddress", 3 0, L_0x7feb38e4a6b0;  1 drivers
v0x7feb38e47c30_0 .var "res", 0 8;
v0x7feb38e47dc0_0 .var/i "result", 31 0;
E_0x7feb38e11cf0 .event posedge, v0x7feb38e37130_0;
E_0x7feb38e03d80/0 .event edge, L_0x7feb38e4a5e0, L_0x7feb38e4a4a0, L_0x7feb38e4a3e0, L_0x7feb38e4a2e0;
E_0x7feb38e03d80/1 .event edge, L_0x7feb38e4a200, v0x7feb38e479a0_0;
E_0x7feb38e03d80 .event/or E_0x7feb38e03d80/0, E_0x7feb38e03d80/1;
L_0x7feb38e4a200 .part L_0x7feb38e4a6b0, 3, 1;
L_0x7feb38e4a2e0 .part L_0x7feb38e4a6b0, 2, 1;
L_0x7feb38e4a3e0 .part L_0x7feb38e4a6b0, 1, 1;
L_0x7feb38e4a4a0 .part L_0x7feb38e4a6b0, 0, 1;
L_0x7feb38e4a5e0 .array/port v0x7feb38e47ae0, v0x7feb38e47790_0;
S_0x7feb38e47f00 .scope module, "RO" "FUNCROM" 2 219, 2 2 0, S_0x7feb38e11f40;
 .timescale -9 -12;
    .port_info 0 /INPUT 4 "romAddress"
    .port_info 1 /OUTPUT 5 "romData"
v0x7feb38e480d0_0 .var/i "a", 31 0;
v0x7feb38e48170_0 .var/i "b", 31 0;
v0x7feb38e48220_0 .var/i "c", 31 0;
v0x7feb38e482e0_0 .var/i "d", 31 0;
v0x7feb38e48390_0 .var/i "e", 31 0;
v0x7feb38e48480_0 .var/i "i", 31 0;
v0x7feb38e48530_0 .net "romAddress", 3 0, L_0x7feb38e4a120;  1 drivers
v0x7feb38e485e0_0 .var "romData", 4 0;
E_0x7feb38e48060/0 .event edge, v0x7feb38e48480_0, v0x7feb38e48530_0, v0x7feb38e480d0_0, v0x7feb38e48170_0;
E_0x7feb38e48060/1 .event edge, v0x7feb38e48220_0, v0x7feb38e482e0_0, v0x7feb38e48390_0;
E_0x7feb38e48060 .event/or E_0x7feb38e48060/0, E_0x7feb38e48060/1;
S_0x7feb38e36b80 .scope module, "testbench_RAM" "testbench_RAM" 3 3;
 .timescale -9 -12;
v0x7feb38e49c20_0 .var "CLK", 0 0;
v0x7feb38e49cb0_0 .var "arg", 1 0;
v0x7feb38e49d40_0 .var "dataIn", 4 0;
v0x7feb38e49dd0_0 .net "dataOut", 8 0, v0x7feb38e493a0_0;  1 drivers
v0x7feb38e49e60_0 .var "mode", 0 0;
v0x7feb38e49f30_0 .var "op", 0 0;
v0x7feb38e49fe0_0 .var "ramAddress", 3 0;
v0x7feb38e4a090_0 .var/i "result", 31 0;
S_0x7feb38e48a90 .scope module, "uut" "FUNCRAM" 3 15, 2 24 0, S_0x7feb38e36b80;
 .timescale -9 -12;
    .port_info 0 /INPUT 1 "mode"
    .port_info 1 /INPUT 4 "ramAddress"
    .port_info 2 /INPUT 5 "dataIn"
    .port_info 3 /INPUT 1 "op"
    .port_info 4 /INPUT 2 "arg"
    .port_info 5 /INPUT 1 "CLK"
    .port_info 6 /OUTPUT 9 "dataOut"
v0x7feb38e48df0_0 .net "CLK", 0 0, v0x7feb38e49c20_0;  1 drivers
v0x7feb38e48ea0_0 .net *"_s12", 0 0, L_0x7feb38e4ac10;  1 drivers
v0x7feb38e48f40_0 .net *"_s14", 8 0, L_0x7feb38e4acb0;  1 drivers
v0x7feb38e48ff0_0 .net *"_s3", 0 0, L_0x7feb38e4a950;  1 drivers
v0x7feb38e490a0_0 .net *"_s6", 0 0, L_0x7feb38e4aa10;  1 drivers
v0x7feb38e49190_0 .net *"_s9", 0 0, L_0x7feb38e4aab0;  1 drivers
v0x7feb38e49240_0 .net "arg", 1 0, v0x7feb38e49cb0_0;  1 drivers
v0x7feb38e492f0_0 .net "dataIn", 4 0, v0x7feb38e49d40_0;  1 drivers
v0x7feb38e493a0_0 .var "dataOut", 8 0;
v0x7feb38e494b0_0 .var/i "dec", 31 0;
v0x7feb38e49560_0 .var/i "i", 31 0;
v0x7feb38e49610_0 .var/i "kat", 31 0;
v0x7feb38e496c0_0 .net "mode", 0 0, v0x7feb38e49e60_0;  1 drivers
v0x7feb38e49760_0 .net "op", 0 0, v0x7feb38e49f30_0;  1 drivers
v0x7feb38e49800 .array "ram", 15 0, 8 0;
v0x7feb38e498a0_0 .net "ramAddress", 3 0, v0x7feb38e49fe0_0;  1 drivers
v0x7feb38e49950_0 .var "res", 0 8;
v0x7feb38e49ae0_0 .var/i "result", 31 0;
E_0x7feb38e48d40 .event posedge, v0x7feb38e48df0_0;
E_0x7feb38e48d90/0 .event edge, L_0x7feb38e4acb0, L_0x7feb38e4ac10, L_0x7feb38e4aab0, L_0x7feb38e4aa10;
E_0x7feb38e48d90/1 .event edge, L_0x7feb38e4a950, v0x7feb38e496c0_0;
E_0x7feb38e48d90 .event/or E_0x7feb38e48d90/0, E_0x7feb38e48d90/1;
L_0x7feb38e4a950 .part v0x7feb38e49fe0_0, 3, 1;
L_0x7feb38e4aa10 .part v0x7feb38e49fe0_0, 2, 1;
L_0x7feb38e4aab0 .part v0x7feb38e49fe0_0, 1, 1;
L_0x7feb38e4ac10 .part v0x7feb38e49fe0_0, 0, 1;
L_0x7feb38e4acb0 .array/port v0x7feb38e49800, v0x7feb38e494b0_0;
    .scope S_0x7feb38e47f00;
T_0 ;
    %wait E_0x7feb38e48060;
    %pushi/vec4 4, 0, 32;
    %store/vec4 v0x7feb38e48480_0, 0, 32;
T_0.0 ;
    %pushi/vec4 0, 0, 32;
    %load/vec4 v0x7feb38e48480_0;
    %cmp/s;
    %jmp/0xz T_0.1, 5;
    %load/vec4 v0x7feb38e48530_0;
    %load/vec4 v0x7feb38e48480_0;
    %subi 1, 0, 32;
    %part/s 1;
    %ix/getv/s 4, v0x7feb38e48480_0;
    %store/vec4 v0x7feb38e485e0_0, 4, 1;
    %load/vec4 v0x7feb38e48480_0;
    %subi 1, 0, 32;
    %store/vec4 v0x7feb38e48480_0, 0, 32;
    %jmp T_0.0;
T_0.1 ;
    %load/vec4 v0x7feb38e48530_0;
    %parti/s 1, 1, 2;
    %pad/u 32;
    %load/vec4 v0x7feb38e48530_0;
    %parti/s 1, 0, 2;
    %pad/u 32;
    %mul;
    %load/vec4 v0x7feb38e48530_0;
    %parti/s 1, 2, 3;
    %pad/u 32;
    %inv;
    %mul;
    %load/vec4 v0x7feb38e48530_0;
    %parti/s 1, 3, 3;
    %pad/u 32;
    %inv;
    %mul;
    %store/vec4 v0x7feb38e480d0_0, 0, 32;
    %load/vec4 v0x7feb38e48530_0;
    %parti/s 1, 2, 3;
    %pad/u 32;
    %load/vec4 v0x7feb38e48530_0;
    %parti/s 1, 0, 2;
    %pad/u 32;
    %mul;
    %load/vec4 v0x7feb38e48530_0;
    %parti/s 1, 1, 2;
    %pad/u 32;
    %inv;
    %mul;
    %load/vec4 v0x7feb38e48530_0;
    %parti/s 1, 3, 3;
    %pad/u 32;
    %inv;
    %mul;
    %store/vec4 v0x7feb38e48170_0, 0, 32;
    %load/vec4 v0x7feb38e48530_0;
    %parti/s 1, 2, 3;
    %pad/u 32;
    %load/vec4 v0x7feb38e48530_0;
    %parti/s 1, 1, 2;
    %pad/u 32;
    %mul;
    %load/vec4 v0x7feb38e48530_0;
    %parti/s 1, 0, 2;
    %pad/u 32;
    %inv;
    %mul;
    %load/vec4 v0x7feb38e48530_0;
    %parti/s 1, 3, 3;
    %pad/u 32;
    %inv;
    %mul;
    %store/vec4 v0x7feb38e48220_0, 0, 32;
    %load/vec4 v0x7feb38e48530_0;
    %parti/s 1, 3, 3;
    %pad/u 32;
    %load/vec4 v0x7feb38e48530_0;
    %parti/s 1, 0, 2;
    %pad/u 32;
    %inv;
    %mul;
    %load/vec4 v0x7feb38e48530_0;
    %parti/s 1, 1, 2;
    %pad/u 32;
    %inv;
    %mul;
    %store/vec4 v0x7feb38e482e0_0, 0, 32;
    %load/vec4 v0x7feb38e48530_0;
    %parti/s 1, 3, 3;
    %pad/u 32;
    %load/vec4 v0x7feb38e48530_0;
    %parti/s 1, 0, 2;
    %pad/u 32;
    %mul;
    %load/vec4 v0x7feb38e48530_0;
    %parti/s 1, 1, 2;
    %pad/u 32;
    %mul;
    %store/vec4 v0x7feb38e48390_0, 0, 32;
    %load/vec4 v0x7feb38e480d0_0;
    %load/vec4 v0x7feb38e48170_0;
    %add;
    %load/vec4 v0x7feb38e48220_0;
    %add;
    %load/vec4 v0x7feb38e482e0_0;
    %add;
    %load/vec4 v0x7feb38e48390_0;
    %add;
    %pad/s 1;
    %ix/load 4, 0, 0;
    %flag_set/imm 4, 0;
    %store/vec4 v0x7feb38e485e0_0, 4, 1;
    %load/vec4 v0x7feb38e48530_0;
    %cmpi/e 4, 0, 4;
    %flag_mov 8, 4;
    %load/vec4 v0x7feb38e48530_0;
    %cmpi/e 14, 0, 4;
    %flag_or 4, 8;
    %jmp/0xz  T_0.2, 4;
    %pushi/vec4 1, 0, 1;
    %ix/load 4, 1, 0;
    %flag_set/imm 4, 0;
    %store/vec4 v0x7feb38e485e0_0, 4, 1;
T_0.2 ;
    %jmp T_0;
    .thread T_0, $push;
    .scope S_0x7feb38e36ce0;
T_1 ;
    %pushi/vec4 0, 0, 32;
    %store/vec4 v0x7feb38e47dc0_0, 0, 32;
    %end;
    .thread T_1;
    .scope S_0x7feb38e36ce0;
T_2 ;
    %pushi/vec4 0, 0, 32;
    %store/vec4 v0x7feb38e47840_0, 0, 32;
T_2.0 ;
    %load/vec4 v0x7feb38e47840_0;
    %cmpi/s 16, 0, 32;
    %jmp/0xz T_2.1, 5;
    %pushi/vec4 0, 0, 9;
    %ix/getv/s 4, v0x7feb38e47840_0;
    %store/vec4a v0x7feb38e47ae0, 4, 0;
    %load/vec4 v0x7feb38e47840_0;
    %addi 1, 0, 32;
    %store/vec4 v0x7feb38e47840_0, 0, 32;
    %jmp T_2.0;
T_2.1 ;
    %end;
    .thread T_2;
    .scope S_0x7feb38e36ce0;
T_3 ;
    %wait E_0x7feb38e03d80;
    %load/vec4 v0x7feb38e479a0_0;
    %pad/u 32;
    %cmpi/e 0, 0, 32;
    %jmp/0xz  T_3.0, 4;
    %load/vec4 v0x7feb38e47b80_0;
    %parti/s 1, 3, 3;
    %pad/u 32;
    %muli 8, 0, 32;
    %load/vec4 v0x7feb38e47b80_0;
    %parti/s 1, 2, 3;
    %pad/u 32;
    %muli 4, 0, 32;
    %add;
    %load/vec4 v0x7feb38e47b80_0;
    %parti/s 1, 1, 2;
    %pad/u 32;
    %muli 2, 0, 32;
    %add;
    %load/vec4 v0x7feb38e47b80_0;
    %parti/s 1, 0, 2;
    %pad/u 32;
    %add;
    %store/vec4 v0x7feb38e47790_0, 0, 32;
    %ix/getv/s 4, v0x7feb38e47790_0;
    %load/vec4a v0x7feb38e47ae0, 4;
    %store/vec4 v0x7feb38e47680_0, 0, 9;
T_3.0 ;
    %jmp T_3;
    .thread T_3, $push;
    .scope S_0x7feb38e36ce0;
T_4 ;
    %wait E_0x7feb38e11cf0;
    %load/vec4 v0x7feb38e479a0_0;
    %pad/u 32;
    %cmpi/e 1, 0, 32;
    %jmp/0xz  T_4.0, 4;
    %load/vec4 v0x7feb38e47520_0;
    %cmpi/e 0, 0, 2;
    %jmp/0xz  T_4.2, 4;
    %pushi/vec4 2, 0, 32;
    %store/vec4 v0x7feb38e478f0_0, 0, 32;
T_4.2 ;
    %load/vec4 v0x7feb38e47520_0;
    %cmpi/e 1, 0, 2;
    %jmp/0xz  T_4.4, 4;
    %pushi/vec4 1, 0, 32;
    %store/vec4 v0x7feb38e478f0_0, 0, 32;
T_4.4 ;
    %load/vec4 v0x7feb38e47520_0;
    %cmpi/e 2, 0, 2;
    %jmp/0xz  T_4.6, 4;
    %pushi/vec4 4294967295, 0, 32;
    %store/vec4 v0x7feb38e478f0_0, 0, 32;
T_4.6 ;
    %load/vec4 v0x7feb38e47520_0;
    %cmpi/e 3, 0, 2;
    %jmp/0xz  T_4.8, 4;
    %pushi/vec4 4294967294, 0, 32;
    %store/vec4 v0x7feb38e478f0_0, 0, 32;
T_4.8 ;
    %load/vec4 v0x7feb38e47b80_0;
    %parti/s 1, 3, 3;
    %pad/u 32;
    %muli 8, 0, 32;
    %load/vec4 v0x7feb38e47b80_0;
    %parti/s 1, 2, 3;
    %pad/u 32;
    %muli 4, 0, 32;
    %add;
    %load/vec4 v0x7feb38e47b80_0;
    %parti/s 1, 1, 2;
    %pad/u 32;
    %muli 2, 0, 32;
    %add;
    %load/vec4 v0x7feb38e47b80_0;
    %parti/s 1, 0, 2;
    %pad/u 32;
    %add;
    %store/vec4 v0x7feb38e47790_0, 0, 32;
    %load/vec4 v0x7feb38e47a40_0;
    %pad/u 32;
    %cmpi/e 0, 0, 32;
    %jmp/0xz  T_4.10, 4;
    %pushi/vec4 0, 0, 32;
    %store/vec4 v0x7feb38e47dc0_0, 0, 32;
    %load/vec4 v0x7feb38e475d0_0;
    %parti/s 1, 0, 2;
    %pad/u 32;
    %cmpi/e 0, 0, 32;
    %jmp/0xz  T_4.12, 4;
    %load/vec4 v0x7feb38e47dc0_0;
    %addi 1, 0, 32;
    %store/vec4 v0x7feb38e47dc0_0, 0, 32;
    %jmp T_4.13;
T_4.12 ;
    %load/vec4 v0x7feb38e47dc0_0;
    %subi 1, 0, 32;
    %store/vec4 v0x7feb38e47dc0_0, 0, 32;
T_4.13 ;
    %load/vec4 v0x7feb38e475d0_0;
    %parti/s 1, 1, 2;
    %pad/u 32;
    %cmpi/e 0, 0, 32;
    %jmp/0xz  T_4.14, 4;
    %load/vec4 v0x7feb38e47dc0_0;
    %load/vec4 v0x7feb38e478f0_0;
    %add;
    %store/vec4 v0x7feb38e47dc0_0, 0, 32;
    %jmp T_4.15;
T_4.14 ;
    %load/vec4 v0x7feb38e47dc0_0;
    %load/vec4 v0x7feb38e478f0_0;
    %sub;
    %store/vec4 v0x7feb38e47dc0_0, 0, 32;
T_4.15 ;
    %load/vec4 v0x7feb38e475d0_0;
    %parti/s 1, 2, 3;
    %pad/u 32;
    %cmpi/e 0, 0, 32;
    %jmp/0xz  T_4.16, 4;
    %load/vec4 v0x7feb38e47dc0_0;
    %load/vec4 v0x7feb38e478f0_0;
    %load/vec4 v0x7feb38e478f0_0;
    %mul;
    %add;
    %store/vec4 v0x7feb38e47dc0_0, 0, 32;
    %jmp T_4.17;
T_4.16 ;
    %load/vec4 v0x7feb38e47dc0_0;
    %load/vec4 v0x7feb38e478f0_0;
    %load/vec4 v0x7feb38e478f0_0;
    %mul;
    %sub;
    %store/vec4 v0x7feb38e47dc0_0, 0, 32;
T_4.17 ;
    %load/vec4 v0x7feb38e475d0_0;
    %parti/s 1, 3, 3;
    %pad/u 32;
    %cmpi/e 0, 0, 32;
    %jmp/0xz  T_4.18, 4;
    %load/vec4 v0x7feb38e47dc0_0;
    %load/vec4 v0x7feb38e478f0_0;
    %load/vec4 v0x7feb38e478f0_0;
    %mul;
    %load/vec4 v0x7feb38e478f0_0;
    %mul;
    %add;
    %store/vec4 v0x7feb38e47dc0_0, 0, 32;
    %jmp T_4.19;
T_4.18 ;
    %load/vec4 v0x7feb38e47dc0_0;
    %load/vec4 v0x7feb38e478f0_0;
    %load/vec4 v0x7feb38e478f0_0;
    %mul;
    %load/vec4 v0x7feb38e478f0_0;
    %mul;
    %sub;
    %store/vec4 v0x7feb38e47dc0_0, 0, 32;
T_4.19 ;
    %load/vec4 v0x7feb38e475d0_0;
    %parti/s 1, 4, 4;
    %pad/u 32;
    %cmpi/e 0, 0, 32;
    %jmp/0xz  T_4.20, 4;
    %load/vec4 v0x7feb38e47dc0_0;
    %load/vec4 v0x7feb38e478f0_0;
    %load/vec4 v0x7feb38e478f0_0;
    %mul;
    %load/vec4 v0x7feb38e478f0_0;
    %mul;
    %load/vec4 v0x7feb38e478f0_0;
    %mul;
    %add;
    %store/vec4 v0x7feb38e47dc0_0, 0, 32;
    %jmp T_4.21;
T_4.20 ;
    %load/vec4 v0x7feb38e47dc0_0;
    %load/vec4 v0x7feb38e478f0_0;
    %load/vec4 v0x7feb38e478f0_0;
    %mul;
    %load/vec4 v0x7feb38e478f0_0;
    %mul;
    %load/vec4 v0x7feb38e478f0_0;
    %mul;
    %sub;
    %store/vec4 v0x7feb38e47dc0_0, 0, 32;
T_4.21 ;
    %load/vec4 v0x7feb38e47dc0_0;
    %pushi/vec4 7, 0, 32;
    %mod/s;
    %store/vec4 v0x7feb38e47dc0_0, 0, 32;
    %load/vec4 v0x7feb38e47dc0_0;
    %cmpi/s 0, 0, 32;
    %jmp/0xz  T_4.22, 5;
    %load/vec4 v0x7feb38e47dc0_0;
    %addi 7, 0, 32;
    %store/vec4 v0x7feb38e47dc0_0, 0, 32;
T_4.22 ;
    %jmp T_4.11;
T_4.10 ;
    %pushi/vec4 0, 0, 32;
    %store/vec4 v0x7feb38e47dc0_0, 0, 32;
    %load/vec4 v0x7feb38e475d0_0;
    %parti/s 1, 1, 2;
    %pad/u 32;
    %cmpi/e 0, 0, 32;
    %jmp/0xz  T_4.24, 4;
    %load/vec4 v0x7feb38e47dc0_0;
    %addi 1, 0, 32;
    %store/vec4 v0x7feb38e47dc0_0, 0, 32;
    %jmp T_4.25;
T_4.24 ;
    %load/vec4 v0x7feb38e47dc0_0;
    %subi 1, 0, 32;
    %store/vec4 v0x7feb38e47dc0_0, 0, 32;
T_4.25 ;
    %load/vec4 v0x7feb38e475d0_0;
    %parti/s 1, 2, 3;
    %pad/u 32;
    %cmpi/e 0, 0, 32;
    %jmp/0xz  T_4.26, 4;
    %load/vec4 v0x7feb38e47dc0_0;
    %load/vec4 v0x7feb38e478f0_0;
    %muli 2, 0, 32;
    %add;
    %store/vec4 v0x7feb38e47dc0_0, 0, 32;
    %jmp T_4.27;
T_4.26 ;
    %load/vec4 v0x7feb38e47dc0_0;
    %load/vec4 v0x7feb38e478f0_0;
    %muli 2, 0, 32;
    %sub;
    %store/vec4 v0x7feb38e47dc0_0, 0, 32;
T_4.27 ;
    %load/vec4 v0x7feb38e475d0_0;
    %parti/s 1, 3, 3;
    %pad/u 32;
    %cmpi/e 0, 0, 32;
    %jmp/0xz  T_4.28, 4;
    %load/vec4 v0x7feb38e47dc0_0;
    %load/vec4 v0x7feb38e478f0_0;
    %load/vec4 v0x7feb38e478f0_0;
    %mul;
    %muli 3, 0, 32;
    %add;
    %store/vec4 v0x7feb38e47dc0_0, 0, 32;
    %jmp T_4.29;
T_4.28 ;
    %load/vec4 v0x7feb38e47dc0_0;
    %load/vec4 v0x7feb38e478f0_0;
    %load/vec4 v0x7feb38e478f0_0;
    %mul;
    %muli 3, 0, 32;
    %sub;
    %store/vec4 v0x7feb38e47dc0_0, 0, 32;
T_4.29 ;
    %load/vec4 v0x7feb38e475d0_0;
    %parti/s 1, 4, 4;
    %pad/u 32;
    %cmpi/e 0, 0, 32;
    %jmp/0xz  T_4.30, 4;
    %load/vec4 v0x7feb38e47dc0_0;
    %load/vec4 v0x7feb38e478f0_0;
    %load/vec4 v0x7feb38e478f0_0;
    %mul;
    %load/vec4 v0x7feb38e478f0_0;
    %mul;
    %muli 4, 0, 32;
    %add;
    %store/vec4 v0x7feb38e47dc0_0, 0, 32;
    %jmp T_4.31;
T_4.30 ;
    %load/vec4 v0x7feb38e47dc0_0;
    %load/vec4 v0x7feb38e478f0_0;
    %load/vec4 v0x7feb38e478f0_0;
    %mul;
    %load/vec4 v0x7feb38e478f0_0;
    %mul;
    %muli 4, 0, 32;
    %sub;
    %store/vec4 v0x7feb38e47dc0_0, 0, 32;
T_4.31 ;
T_4.11 ;
    %pushi/vec4 0, 0, 1;
    %ix/load 4, 8, 0;
    %flag_set/imm 4, 0;
    %store/vec4 v0x7feb38e47c30_0, 4, 1;
    %pushi/vec4 0, 0, 1;
    %ix/load 4, 7, 0;
    %flag_set/imm 4, 0;
    %store/vec4 v0x7feb38e47c30_0, 4, 1;
    %pushi/vec4 0, 0, 1;
    %ix/load 4, 6, 0;
    %flag_set/imm 4, 0;
    %store/vec4 v0x7feb38e47c30_0, 4, 1;
    %pushi/vec4 0, 0, 1;
    %ix/load 4, 5, 0;
    %flag_set/imm 4, 0;
    %store/vec4 v0x7feb38e47c30_0, 4, 1;
    %pushi/vec4 0, 0, 1;
    %ix/load 4, 4, 0;
    %flag_set/imm 4, 0;
    %store/vec4 v0x7feb38e47c30_0, 4, 1;
    %pushi/vec4 0, 0, 1;
    %ix/load 4, 3, 0;
    %flag_set/imm 4, 0;
    %store/vec4 v0x7feb38e47c30_0, 4, 1;
    %pushi/vec4 0, 0, 1;
    %ix/load 4, 2, 0;
    %flag_set/imm 4, 0;
    %store/vec4 v0x7feb38e47c30_0, 4, 1;
    %pushi/vec4 0, 0, 1;
    %ix/load 4, 1, 0;
    %flag_set/imm 4, 0;
    %store/vec4 v0x7feb38e47c30_0, 4, 1;
    %pushi/vec4 0, 0, 1;
    %ix/load 4, 0, 0;
    %flag_set/imm 4, 0;
    %store/vec4 v0x7feb38e47c30_0, 4, 1;
    %load/vec4 v0x7feb38e47dc0_0;
    %cmpi/s 0, 0, 32;
    %jmp/0xz  T_4.32, 5;
    %pushi/vec4 1, 0, 1;
    %ix/load 4, 8, 0;
    %flag_set/imm 4, 0;
    %store/vec4 v0x7feb38e47c30_0, 4, 1;
    %load/vec4 v0x7feb38e47dc0_0;
    %inv;
    %pushi/vec4 1, 0, 32;
    %add;
    %store/vec4 v0x7feb38e47dc0_0, 0, 32;
T_4.32 ;
    %load/vec4 v0x7feb38e47dc0_0;
    %pushi/vec4 2, 0, 32;
    %mod/s;
    %pad/s 1;
    %ix/load 4, 0, 0;
    %flag_set/imm 4, 0;
    %store/vec4 v0x7feb38e47c30_0, 4, 1;
    %load/vec4 v0x7feb38e47dc0_0;
    %pushi/vec4 2, 0, 32;
    %div/s;
    %store/vec4 v0x7feb38e47dc0_0, 0, 32;
    %load/vec4 v0x7feb38e47dc0_0;
    %pushi/vec4 2, 0, 32;
    %mod/s;
    %pad/s 1;
    %ix/load 4, 1, 0;
    %flag_set/imm 4, 0;
    %store/vec4 v0x7feb38e47c30_0, 4, 1;
    %load/vec4 v0x7feb38e47dc0_0;
    %pushi/vec4 2, 0, 32;
    %div/s;
    %store/vec4 v0x7feb38e47dc0_0, 0, 32;
    %load/vec4 v0x7feb38e47dc0_0;
    %pushi/vec4 2, 0, 32;
    %mod/s;
    %pad/s 1;
    %ix/load 4, 2, 0;
    %flag_set/imm 4, 0;
    %store/vec4 v0x7feb38e47c30_0, 4, 1;
    %load/vec4 v0x7feb38e47dc0_0;
    %pushi/vec4 2, 0, 32;
    %div/s;
    %store/vec4 v0x7feb38e47dc0_0, 0, 32;
    %load/vec4 v0x7feb38e47dc0_0;
    %pushi/vec4 2, 0, 32;
    %mod/s;
    %pad/s 1;
    %ix/load 4, 3, 0;
    %flag_set/imm 4, 0;
    %store/vec4 v0x7feb38e47c30_0, 4, 1;
    %load/vec4 v0x7feb38e47dc0_0;
    %pushi/vec4 2, 0, 32;
    %div/s;
    %store/vec4 v0x7feb38e47dc0_0, 0, 32;
    %load/vec4 v0x7feb38e47dc0_0;
    %pushi/vec4 2, 0, 32;
    %mod/s;
    %pad/s 1;
    %ix/load 4, 4, 0;
    %flag_set/imm 4, 0;
    %store/vec4 v0x7feb38e47c30_0, 4, 1;
    %load/vec4 v0x7feb38e47dc0_0;
    %pushi/vec4 2, 0, 32;
    %div/s;
    %store/vec4 v0x7feb38e47dc0_0, 0, 32;
    %load/vec4 v0x7feb38e47dc0_0;
    %pushi/vec4 2, 0, 32;
    %mod/s;
    %pad/s 1;
    %ix/load 4, 5, 0;
    %flag_set/imm 4, 0;
    %store/vec4 v0x7feb38e47c30_0, 4, 1;
    %load/vec4 v0x7feb38e47dc0_0;
    %pushi/vec4 2, 0, 32;
    %div/s;
    %store/vec4 v0x7feb38e47dc0_0, 0, 32;
    %load/vec4 v0x7feb38e47dc0_0;
    %pushi/vec4 2, 0, 32;
    %mod/s;
    %pad/s 1;
    %ix/load 4, 6, 0;
    %flag_set/imm 4, 0;
    %store/vec4 v0x7feb38e47c30_0, 4, 1;
    %load/vec4 v0x7feb38e47dc0_0;
    %pushi/vec4 2, 0, 32;
    %div/s;
    %store/vec4 v0x7feb38e47dc0_0, 0, 32;
    %load/vec4 v0x7feb38e47dc0_0;
    %pushi/vec4 2, 0, 32;
    %mod/s;
    %pad/s 1;
    %ix/load 4, 7, 0;
    %flag_set/imm 4, 0;
    %store/vec4 v0x7feb38e47c30_0, 4, 1;
    %load/vec4 v0x7feb38e47c30_0;
    %ix/getv/s 4, v0x7feb38e47790_0;
    %store/vec4a v0x7feb38e47ae0, 4, 0;
T_4.0 ;
    %jmp T_4;
    .thread T_4;
    .scope S_0x7feb38e48a90;
T_5 ;
    %pushi/vec4 0, 0, 32;
    %store/vec4 v0x7feb38e49ae0_0, 0, 32;
    %end;
    .thread T_5;
    .scope S_0x7feb38e48a90;
T_6 ;
    %pushi/vec4 0, 0, 32;
    %store/vec4 v0x7feb38e49560_0, 0, 32;
T_6.0 ;
    %load/vec4 v0x7feb38e49560_0;
    %cmpi/s 16, 0, 32;
    %jmp/0xz T_6.1, 5;
    %pushi/vec4 0, 0, 9;
    %ix/getv/s 4, v0x7feb38e49560_0;
    %store/vec4a v0x7feb38e49800, 4, 0;
    %load/vec4 v0x7feb38e49560_0;
    %addi 1, 0, 32;
    %store/vec4 v0x7feb38e49560_0, 0, 32;
    %jmp T_6.0;
T_6.1 ;
    %end;
    .thread T_6;
    .scope S_0x7feb38e48a90;
T_7 ;
    %wait E_0x7feb38e48d90;
    %load/vec4 v0x7feb38e496c0_0;
    %pad/u 32;
    %cmpi/e 0, 0, 32;
    %jmp/0xz  T_7.0, 4;
    %load/vec4 v0x7feb38e498a0_0;
    %parti/s 1, 3, 3;
    %pad/u 32;
    %muli 8, 0, 32;
    %load/vec4 v0x7feb38e498a0_0;
    %parti/s 1, 2, 3;
    %pad/u 32;
    %muli 4, 0, 32;
    %add;
    %load/vec4 v0x7feb38e498a0_0;
    %parti/s 1, 1, 2;
    %pad/u 32;
    %muli 2, 0, 32;
    %add;
    %load/vec4 v0x7feb38e498a0_0;
    %parti/s 1, 0, 2;
    %pad/u 32;
    %add;
    %store/vec4 v0x7feb38e494b0_0, 0, 32;
    %ix/getv/s 4, v0x7feb38e494b0_0;
    %load/vec4a v0x7feb38e49800, 4;
    %store/vec4 v0x7feb38e493a0_0, 0, 9;
T_7.0 ;
    %jmp T_7;
    .thread T_7, $push;
    .scope S_0x7feb38e48a90;
T_8 ;
    %wait E_0x7feb38e48d40;
    %load/vec4 v0x7feb38e496c0_0;
    %pad/u 32;
    %cmpi/e 1, 0, 32;
    %jmp/0xz  T_8.0, 4;
    %load/vec4 v0x7feb38e49240_0;
    %cmpi/e 0, 0, 2;
    %jmp/0xz  T_8.2, 4;
    %pushi/vec4 2, 0, 32;
    %store/vec4 v0x7feb38e49610_0, 0, 32;
T_8.2 ;
    %load/vec4 v0x7feb38e49240_0;
    %cmpi/e 1, 0, 2;
    %jmp/0xz  T_8.4, 4;
    %pushi/vec4 1, 0, 32;
    %store/vec4 v0x7feb38e49610_0, 0, 32;
T_8.4 ;
    %load/vec4 v0x7feb38e49240_0;
    %cmpi/e 2, 0, 2;
    %jmp/0xz  T_8.6, 4;
    %pushi/vec4 4294967295, 0, 32;
    %store/vec4 v0x7feb38e49610_0, 0, 32;
T_8.6 ;
    %load/vec4 v0x7feb38e49240_0;
    %cmpi/e 3, 0, 2;
    %jmp/0xz  T_8.8, 4;
    %pushi/vec4 4294967294, 0, 32;
    %store/vec4 v0x7feb38e49610_0, 0, 32;
T_8.8 ;
    %load/vec4 v0x7feb38e498a0_0;
    %parti/s 1, 3, 3;
    %pad/u 32;
    %muli 8, 0, 32;
    %load/vec4 v0x7feb38e498a0_0;
    %parti/s 1, 2, 3;
    %pad/u 32;
    %muli 4, 0, 32;
    %add;
    %load/vec4 v0x7feb38e498a0_0;
    %parti/s 1, 1, 2;
    %pad/u 32;
    %muli 2, 0, 32;
    %add;
    %load/vec4 v0x7feb38e498a0_0;
    %parti/s 1, 0, 2;
    %pad/u 32;
    %add;
    %store/vec4 v0x7feb38e494b0_0, 0, 32;
    %load/vec4 v0x7feb38e49760_0;
    %pad/u 32;
    %cmpi/e 0, 0, 32;
    %jmp/0xz  T_8.10, 4;
    %pushi/vec4 0, 0, 32;
    %store/vec4 v0x7feb38e49ae0_0, 0, 32;
    %load/vec4 v0x7feb38e492f0_0;
    %parti/s 1, 0, 2;
    %pad/u 32;
    %cmpi/e 0, 0, 32;
    %jmp/0xz  T_8.12, 4;
    %load/vec4 v0x7feb38e49ae0_0;
    %addi 1, 0, 32;
    %store/vec4 v0x7feb38e49ae0_0, 0, 32;
    %jmp T_8.13;
T_8.12 ;
    %load/vec4 v0x7feb38e49ae0_0;
    %subi 1, 0, 32;
    %store/vec4 v0x7feb38e49ae0_0, 0, 32;
T_8.13 ;
    %load/vec4 v0x7feb38e492f0_0;
    %parti/s 1, 1, 2;
    %pad/u 32;
    %cmpi/e 0, 0, 32;
    %jmp/0xz  T_8.14, 4;
    %load/vec4 v0x7feb38e49ae0_0;
    %load/vec4 v0x7feb38e49610_0;
    %add;
    %store/vec4 v0x7feb38e49ae0_0, 0, 32;
    %jmp T_8.15;
T_8.14 ;
    %load/vec4 v0x7feb38e49ae0_0;
    %load/vec4 v0x7feb38e49610_0;
    %sub;
    %store/vec4 v0x7feb38e49ae0_0, 0, 32;
T_8.15 ;
    %load/vec4 v0x7feb38e492f0_0;
    %parti/s 1, 2, 3;
    %pad/u 32;
    %cmpi/e 0, 0, 32;
    %jmp/0xz  T_8.16, 4;
    %load/vec4 v0x7feb38e49ae0_0;
    %load/vec4 v0x7feb38e49610_0;
    %load/vec4 v0x7feb38e49610_0;
    %mul;
    %add;
    %store/vec4 v0x7feb38e49ae0_0, 0, 32;
    %jmp T_8.17;
T_8.16 ;
    %load/vec4 v0x7feb38e49ae0_0;
    %load/vec4 v0x7feb38e49610_0;
    %load/vec4 v0x7feb38e49610_0;
    %mul;
    %sub;
    %store/vec4 v0x7feb38e49ae0_0, 0, 32;
T_8.17 ;
    %load/vec4 v0x7feb38e492f0_0;
    %parti/s 1, 3, 3;
    %pad/u 32;
    %cmpi/e 0, 0, 32;
    %jmp/0xz  T_8.18, 4;
    %load/vec4 v0x7feb38e49ae0_0;
    %load/vec4 v0x7feb38e49610_0;
    %load/vec4 v0x7feb38e49610_0;
    %mul;
    %load/vec4 v0x7feb38e49610_0;
    %mul;
    %add;
    %store/vec4 v0x7feb38e49ae0_0, 0, 32;
    %jmp T_8.19;
T_8.18 ;
    %load/vec4 v0x7feb38e49ae0_0;
    %load/vec4 v0x7feb38e49610_0;
    %load/vec4 v0x7feb38e49610_0;
    %mul;
    %load/vec4 v0x7feb38e49610_0;
    %mul;
    %sub;
    %store/vec4 v0x7feb38e49ae0_0, 0, 32;
T_8.19 ;
    %load/vec4 v0x7feb38e492f0_0;
    %parti/s 1, 4, 4;
    %pad/u 32;
    %cmpi/e 0, 0, 32;
    %jmp/0xz  T_8.20, 4;
    %load/vec4 v0x7feb38e49ae0_0;
    %load/vec4 v0x7feb38e49610_0;
    %load/vec4 v0x7feb38e49610_0;
    %mul;
    %load/vec4 v0x7feb38e49610_0;
    %mul;
    %load/vec4 v0x7feb38e49610_0;
    %mul;
    %add;
    %store/vec4 v0x7feb38e49ae0_0, 0, 32;
    %jmp T_8.21;
T_8.20 ;
    %load/vec4 v0x7feb38e49ae0_0;
    %load/vec4 v0x7feb38e49610_0;
    %load/vec4 v0x7feb38e49610_0;
    %mul;
    %load/vec4 v0x7feb38e49610_0;
    %mul;
    %load/vec4 v0x7feb38e49610_0;
    %mul;
    %sub;
    %store/vec4 v0x7feb38e49ae0_0, 0, 32;
T_8.21 ;
    %load/vec4 v0x7feb38e49ae0_0;
    %pushi/vec4 7, 0, 32;
    %mod/s;
    %store/vec4 v0x7feb38e49ae0_0, 0, 32;
    %load/vec4 v0x7feb38e49ae0_0;
    %cmpi/s 0, 0, 32;
    %jmp/0xz  T_8.22, 5;
    %load/vec4 v0x7feb38e49ae0_0;
    %addi 7, 0, 32;
    %store/vec4 v0x7feb38e49ae0_0, 0, 32;
T_8.22 ;
    %jmp T_8.11;
T_8.10 ;
    %pushi/vec4 0, 0, 32;
    %store/vec4 v0x7feb38e49ae0_0, 0, 32;
    %load/vec4 v0x7feb38e492f0_0;
    %parti/s 1, 1, 2;
    %pad/u 32;
    %cmpi/e 0, 0, 32;
    %jmp/0xz  T_8.24, 4;
    %load/vec4 v0x7feb38e49ae0_0;
    %addi 1, 0, 32;
    %store/vec4 v0x7feb38e49ae0_0, 0, 32;
    %jmp T_8.25;
T_8.24 ;
    %load/vec4 v0x7feb38e49ae0_0;
    %subi 1, 0, 32;
    %store/vec4 v0x7feb38e49ae0_0, 0, 32;
T_8.25 ;
    %load/vec4 v0x7feb38e492f0_0;
    %parti/s 1, 2, 3;
    %pad/u 32;
    %cmpi/e 0, 0, 32;
    %jmp/0xz  T_8.26, 4;
    %load/vec4 v0x7feb38e49ae0_0;
    %load/vec4 v0x7feb38e49610_0;
    %muli 2, 0, 32;
    %add;
    %store/vec4 v0x7feb38e49ae0_0, 0, 32;
    %jmp T_8.27;
T_8.26 ;
    %load/vec4 v0x7feb38e49ae0_0;
    %load/vec4 v0x7feb38e49610_0;
    %muli 2, 0, 32;
    %sub;
    %store/vec4 v0x7feb38e49ae0_0, 0, 32;
T_8.27 ;
    %load/vec4 v0x7feb38e492f0_0;
    %parti/s 1, 3, 3;
    %pad/u 32;
    %cmpi/e 0, 0, 32;
    %jmp/0xz  T_8.28, 4;
    %load/vec4 v0x7feb38e49ae0_0;
    %load/vec4 v0x7feb38e49610_0;
    %load/vec4 v0x7feb38e49610_0;
    %mul;
    %muli 3, 0, 32;
    %add;
    %store/vec4 v0x7feb38e49ae0_0, 0, 32;
    %jmp T_8.29;
T_8.28 ;
    %load/vec4 v0x7feb38e49ae0_0;
    %load/vec4 v0x7feb38e49610_0;
    %load/vec4 v0x7feb38e49610_0;
    %mul;
    %muli 3, 0, 32;
    %sub;
    %store/vec4 v0x7feb38e49ae0_0, 0, 32;
T_8.29 ;
    %load/vec4 v0x7feb38e492f0_0;
    %parti/s 1, 4, 4;
    %pad/u 32;
    %cmpi/e 0, 0, 32;
    %jmp/0xz  T_8.30, 4;
    %load/vec4 v0x7feb38e49ae0_0;
    %load/vec4 v0x7feb38e49610_0;
    %load/vec4 v0x7feb38e49610_0;
    %mul;
    %load/vec4 v0x7feb38e49610_0;
    %mul;
    %muli 4, 0, 32;
    %add;
    %store/vec4 v0x7feb38e49ae0_0, 0, 32;
    %jmp T_8.31;
T_8.30 ;
    %load/vec4 v0x7feb38e49ae0_0;
    %load/vec4 v0x7feb38e49610_0;
    %load/vec4 v0x7feb38e49610_0;
    %mul;
    %load/vec4 v0x7feb38e49610_0;
    %mul;
    %muli 4, 0, 32;
    %sub;
    %store/vec4 v0x7feb38e49ae0_0, 0, 32;
T_8.31 ;
T_8.11 ;
    %pushi/vec4 0, 0, 1;
    %ix/load 4, 8, 0;
    %flag_set/imm 4, 0;
    %store/vec4 v0x7feb38e49950_0, 4, 1;
    %pushi/vec4 0, 0, 1;
    %ix/load 4, 7, 0;
    %flag_set/imm 4, 0;
    %store/vec4 v0x7feb38e49950_0, 4, 1;
    %pushi/vec4 0, 0, 1;
    %ix/load 4, 6, 0;
    %flag_set/imm 4, 0;
    %store/vec4 v0x7feb38e49950_0, 4, 1;
    %pushi/vec4 0, 0, 1;
    %ix/load 4, 5, 0;
    %flag_set/imm 4, 0;
    %store/vec4 v0x7feb38e49950_0, 4, 1;
    %pushi/vec4 0, 0, 1;
    %ix/load 4, 4, 0;
    %flag_set/imm 4, 0;
    %store/vec4 v0x7feb38e49950_0, 4, 1;
    %pushi/vec4 0, 0, 1;
    %ix/load 4, 3, 0;
    %flag_set/imm 4, 0;
    %store/vec4 v0x7feb38e49950_0, 4, 1;
    %pushi/vec4 0, 0, 1;
    %ix/load 4, 2, 0;
    %flag_set/imm 4, 0;
    %store/vec4 v0x7feb38e49950_0, 4, 1;
    %pushi/vec4 0, 0, 1;
    %ix/load 4, 1, 0;
    %flag_set/imm 4, 0;
    %store/vec4 v0x7feb38e49950_0, 4, 1;
    %pushi/vec4 0, 0, 1;
    %ix/load 4, 0, 0;
    %flag_set/imm 4, 0;
    %store/vec4 v0x7feb38e49950_0, 4, 1;
    %load/vec4 v0x7feb38e49ae0_0;
    %cmpi/s 0, 0, 32;
    %jmp/0xz  T_8.32, 5;
    %pushi/vec4 1, 0, 1;
    %ix/load 4, 8, 0;
    %flag_set/imm 4, 0;
    %store/vec4 v0x7feb38e49950_0, 4, 1;
    %load/vec4 v0x7feb38e49ae0_0;
    %inv;
    %pushi/vec4 1, 0, 32;
    %add;
    %store/vec4 v0x7feb38e49ae0_0, 0, 32;
T_8.32 ;
    %load/vec4 v0x7feb38e49ae0_0;
    %pushi/vec4 2, 0, 32;
    %mod/s;
    %pad/s 1;
    %ix/load 4, 0, 0;
    %flag_set/imm 4, 0;
    %store/vec4 v0x7feb38e49950_0, 4, 1;
    %load/vec4 v0x7feb38e49ae0_0;
    %pushi/vec4 2, 0, 32;
    %div/s;
    %store/vec4 v0x7feb38e49ae0_0, 0, 32;
    %load/vec4 v0x7feb38e49ae0_0;
    %pushi/vec4 2, 0, 32;
    %mod/s;
    %pad/s 1;
    %ix/load 4, 1, 0;
    %flag_set/imm 4, 0;
    %store/vec4 v0x7feb38e49950_0, 4, 1;
    %load/vec4 v0x7feb38e49ae0_0;
    %pushi/vec4 2, 0, 32;
    %div/s;
    %store/vec4 v0x7feb38e49ae0_0, 0, 32;
    %load/vec4 v0x7feb38e49ae0_0;
    %pushi/vec4 2, 0, 32;
    %mod/s;
    %pad/s 1;
    %ix/load 4, 2, 0;
    %flag_set/imm 4, 0;
    %store/vec4 v0x7feb38e49950_0, 4, 1;
    %load/vec4 v0x7feb38e49ae0_0;
    %pushi/vec4 2, 0, 32;
    %div/s;
    %store/vec4 v0x7feb38e49ae0_0, 0, 32;
    %load/vec4 v0x7feb38e49ae0_0;
    %pushi/vec4 2, 0, 32;
    %mod/s;
    %pad/s 1;
    %ix/load 4, 3, 0;
    %flag_set/imm 4, 0;
    %store/vec4 v0x7feb38e49950_0, 4, 1;
    %load/vec4 v0x7feb38e49ae0_0;
    %pushi/vec4 2, 0, 32;
    %div/s;
    %store/vec4 v0x7feb38e49ae0_0, 0, 32;
    %load/vec4 v0x7feb38e49ae0_0;
    %pushi/vec4 2, 0, 32;
    %mod/s;
    %pad/s 1;
    %ix/load 4, 4, 0;
    %flag_set/imm 4, 0;
    %store/vec4 v0x7feb38e49950_0, 4, 1;
    %load/vec4 v0x7feb38e49ae0_0;
    %pushi/vec4 2, 0, 32;
    %div/s;
    %store/vec4 v0x7feb38e49ae0_0, 0, 32;
    %load/vec4 v0x7feb38e49ae0_0;
    %pushi/vec4 2, 0, 32;
    %mod/s;
    %pad/s 1;
    %ix/load 4, 5, 0;
    %flag_set/imm 4, 0;
    %store/vec4 v0x7feb38e49950_0, 4, 1;
    %load/vec4 v0x7feb38e49ae0_0;
    %pushi/vec4 2, 0, 32;
    %div/s;
    %store/vec4 v0x7feb38e49ae0_0, 0, 32;
    %load/vec4 v0x7feb38e49ae0_0;
    %pushi/vec4 2, 0, 32;
    %mod/s;
    %pad/s 1;
    %ix/load 4, 6, 0;
    %flag_set/imm 4, 0;
    %store/vec4 v0x7feb38e49950_0, 4, 1;
    %load/vec4 v0x7feb38e49ae0_0;
    %pushi/vec4 2, 0, 32;
    %div/s;
    %store/vec4 v0x7feb38e49ae0_0, 0, 32;
    %load/vec4 v0x7feb38e49ae0_0;
    %pushi/vec4 2, 0, 32;
    %mod/s;
    %pad/s 1;
    %ix/load 4, 7, 0;
    %flag_set/imm 4, 0;
    %store/vec4 v0x7feb38e49950_0, 4, 1;
    %load/vec4 v0x7feb38e49950_0;
    %ix/getv/s 4, v0x7feb38e494b0_0;
    %store/vec4a v0x7feb38e49800, 4, 0;
T_8.0 ;
    %jmp T_8;
    .thread T_8;
    .scope S_0x7feb38e36b80;
T_9 ;
    %pushi/vec4 0, 0, 32;
    %store/vec4 v0x7feb38e4a090_0, 0, 32;
    %end;
    .thread T_9;
    .scope S_0x7feb38e36b80;
T_10 ;
    %pushi/vec4 1, 0, 1;
    %store/vec4 v0x7feb38e49c20_0, 0, 1;
    %end;
    .thread T_10;
    .scope S_0x7feb38e36b80;
T_11 ;
    %delay 5000, 0;
    %load/vec4 v0x7feb38e49c20_0;
    %inv;
    %store/vec4 v0x7feb38e49c20_0, 0, 1;
    %jmp T_11;
    .thread T_11;
    .scope S_0x7feb38e36b80;
T_12 ;
    %pushi/vec4 0, 0, 1;
    %store/vec4 v0x7feb38e49e60_0, 0, 1;
    %pushi/vec4 0, 0, 4;
    %store/vec4 v0x7feb38e49fe0_0, 0, 4;
    %pushi/vec4 0, 0, 5;
    %store/vec4 v0x7feb38e49d40_0, 0, 5;
    %pushi/vec4 0, 0, 1;
    %store/vec4 v0x7feb38e49f30_0, 0, 1;
    %pushi/vec4 0, 0, 2;
    %store/vec4 v0x7feb38e49cb0_0, 0, 2;
    %pushi/vec4 0, 0, 1;
    %store/vec4 v0x7feb38e49c20_0, 0, 1;
    %delay 5000, 0;
    %vpi_call 3 39 "$display", "Starting Testbench" {0 0 0};
    %vpi_call 3 41 "$monitor", "Time=%t  | mode=%b  | ramAddress=%b  | dataIn=%b  | op=%b  | arg=%b  | dataOut=%b", $time, v0x7feb38e49e60_0, v0x7feb38e49fe0_0, v0x7feb38e49d40_0, v0x7feb38e49f30_0, v0x7feb38e49cb0_0, v0x7feb38e49dd0_0 {0 0 0};
    %pushi/vec4 1, 0, 1;
    %store/vec4 v0x7feb38e49e60_0, 0, 1;
    %pushi/vec4 0, 0, 4;
    %store/vec4 v0x7feb38e49fe0_0, 0, 4;
    %pushi/vec4 0, 0, 5;
    %store/vec4 v0x7feb38e49d40_0, 0, 5;
    %pushi/vec4 0, 0, 1;
    %store/vec4 v0x7feb38e49f30_0, 0, 1;
    %pushi/vec4 0, 0, 2;
    %store/vec4 v0x7feb38e49cb0_0, 0, 2;
    %delay 10000, 0;
    %pushi/vec4 0, 0, 1;
    %store/vec4 v0x7feb38e49e60_0, 0, 1;
    %pushi/vec4 0, 0, 4;
    %store/vec4 v0x7feb38e49fe0_0, 0, 4;
    %pushi/vec4 0, 0, 5;
    %store/vec4 v0x7feb38e49d40_0, 0, 5;
    %pushi/vec4 0, 0, 1;
    %store/vec4 v0x7feb38e49f30_0, 0, 1;
    %pushi/vec4 0, 0, 2;
    %store/vec4 v0x7feb38e49cb0_0, 0, 2;
    %delay 10000, 0;
    %load/vec4 v0x7feb38e49dd0_0;
    %cmpi/ne 3, 0, 9;
    %jmp/0xz  T_12.0, 4;
    %vpi_call 3 48 "$display", "Error occured" {0 0 0};
    %jmp T_12.1;
T_12.0 ;
    %vpi_call 3 51 "$display", "Successful" {0 0 0};
    %load/vec4 v0x7feb38e4a090_0;
    %addi 1, 0, 32;
    %store/vec4 v0x7feb38e4a090_0, 0, 32;
T_12.1 ;
    %pushi/vec4 1, 0, 1;
    %store/vec4 v0x7feb38e49e60_0, 0, 1;
    %pushi/vec4 0, 0, 4;
    %store/vec4 v0x7feb38e49fe0_0, 0, 4;
    %pushi/vec4 0, 0, 5;
    %store/vec4 v0x7feb38e49d40_0, 0, 5;
    %pushi/vec4 1, 0, 1;
    %store/vec4 v0x7feb38e49f30_0, 0, 1;
    %pushi/vec4 1, 0, 2;
    %store/vec4 v0x7feb38e49cb0_0, 0, 2;
    %delay 10000, 0;
    %pushi/vec4 0, 0, 1;
    %store/vec4 v0x7feb38e49e60_0, 0, 1;
    %pushi/vec4 0, 0, 4;
    %store/vec4 v0x7feb38e49fe0_0, 0, 4;
    %pushi/vec4 0, 0, 5;
    %store/vec4 v0x7feb38e49d40_0, 0, 5;
    %pushi/vec4 1, 0, 1;
    %store/vec4 v0x7feb38e49f30_0, 0, 1;
    %pushi/vec4 1, 0, 2;
    %store/vec4 v0x7feb38e49cb0_0, 0, 2;
    %delay 10000, 0;
    %load/vec4 v0x7feb38e49dd0_0;
    %cmpi/ne 10, 0, 9;
    %jmp/0xz  T_12.2, 4;
    %vpi_call 3 60 "$display", "Error occured" {0 0 0};
    %jmp T_12.3;
T_12.2 ;
    %vpi_call 3 63 "$display", "Successful" {0 0 0};
    %load/vec4 v0x7feb38e4a090_0;
    %addi 1, 0, 32;
    %store/vec4 v0x7feb38e4a090_0, 0, 32;
T_12.3 ;
    %pushi/vec4 1, 0, 1;
    %store/vec4 v0x7feb38e49e60_0, 0, 1;
    %pushi/vec4 15, 0, 4;
    %store/vec4 v0x7feb38e49fe0_0, 0, 4;
    %pushi/vec4 31, 0, 5;
    %store/vec4 v0x7feb38e49d40_0, 0, 5;
    %pushi/vec4 1, 0, 1;
    %store/vec4 v0x7feb38e49f30_0, 0, 1;
    %pushi/vec4 0, 0, 2;
    %store/vec4 v0x7feb38e49cb0_0, 0, 2;
    %delay 10000, 0;
    %pushi/vec4 0, 0, 1;
    %store/vec4 v0x7feb38e49e60_0, 0, 1;
    %pushi/vec4 15, 0, 4;
    %store/vec4 v0x7feb38e49fe0_0, 0, 4;
    %pushi/vec4 31, 0, 5;
    %store/vec4 v0x7feb38e49d40_0, 0, 5;
    %pushi/vec4 1, 0, 1;
    %store/vec4 v0x7feb38e49f30_0, 0, 1;
    %pushi/vec4 0, 0, 2;
    %store/vec4 v0x7feb38e49cb0_0, 0, 2;
    %delay 10000, 0;
    %load/vec4 v0x7feb38e49dd0_0;
    %cmpi/ne 305, 0, 9;
    %jmp/0xz  T_12.4, 4;
    %vpi_call 3 73 "$display", "Error occured" {0 0 0};
    %jmp T_12.5;
T_12.4 ;
    %vpi_call 3 76 "$display", "Successful" {0 0 0};
    %load/vec4 v0x7feb38e4a090_0;
    %addi 1, 0, 32;
    %store/vec4 v0x7feb38e4a090_0, 0, 32;
T_12.5 ;
    %pushi/vec4 1, 0, 1;
    %store/vec4 v0x7feb38e49e60_0, 0, 1;
    %pushi/vec4 1, 0, 4;
    %store/vec4 v0x7feb38e49fe0_0, 0, 4;
    %pushi/vec4 2, 0, 5;
    %store/vec4 v0x7feb38e49d40_0, 0, 5;
    %pushi/vec4 1, 0, 1;
    %store/vec4 v0x7feb38e49f30_0, 0, 1;
    %pushi/vec4 1, 0, 2;
    %store/vec4 v0x7feb38e49cb0_0, 0, 2;
    %delay 10000, 0;
    %pushi/vec4 0, 0, 1;
    %store/vec4 v0x7feb38e49e60_0, 0, 1;
    %pushi/vec4 1, 0, 4;
    %store/vec4 v0x7feb38e49fe0_0, 0, 4;
    %pushi/vec4 2, 0, 5;
    %store/vec4 v0x7feb38e49d40_0, 0, 5;
    %pushi/vec4 1, 0, 1;
    %store/vec4 v0x7feb38e49f30_0, 0, 1;
    %pushi/vec4 1, 0, 2;
    %store/vec4 v0x7feb38e49cb0_0, 0, 2;
    %delay 10000, 0;
    %load/vec4 v0x7feb38e49dd0_0;
    %cmpi/ne 8, 0, 9;
    %jmp/0xz  T_12.6, 4;
    %vpi_call 3 86 "$display", "Error occured" {0 0 0};
    %jmp T_12.7;
T_12.6 ;
    %vpi_call 3 89 "$display", "Successful" {0 0 0};
    %load/vec4 v0x7feb38e4a090_0;
    %addi 1, 0, 32;
    %store/vec4 v0x7feb38e4a090_0, 0, 32;
T_12.7 ;
    %pushi/vec4 1, 0, 1;
    %store/vec4 v0x7feb38e49e60_0, 0, 1;
    %pushi/vec4 2, 0, 4;
    %store/vec4 v0x7feb38e49fe0_0, 0, 4;
    %pushi/vec4 4, 0, 5;
    %store/vec4 v0x7feb38e49d40_0, 0, 5;
    %pushi/vec4 0, 0, 1;
    %store/vec4 v0x7feb38e49f30_0, 0, 1;
    %pushi/vec4 2, 0, 2;
    %store/vec4 v0x7feb38e49cb0_0, 0, 2;
    %delay 10000, 0;
    %pushi/vec4 0, 0, 1;
    %store/vec4 v0x7feb38e49e60_0, 0, 1;
    %pushi/vec4 2, 0, 4;
    %store/vec4 v0x7feb38e49fe0_0, 0, 4;
    %pushi/vec4 4, 0, 5;
    %store/vec4 v0x7feb38e49d40_0, 0, 5;
    %pushi/vec4 0, 0, 1;
    %store/vec4 v0x7feb38e49f30_0, 0, 1;
    %pushi/vec4 2, 0, 2;
    %store/vec4 v0x7feb38e49cb0_0, 0, 2;
    %delay 10000, 0;
    %load/vec4 v0x7feb38e49dd0_0;
    %cmpi/ne 6, 0, 9;
    %jmp/0xz  T_12.8, 4;
    %vpi_call 3 99 "$display", "Error occured" {0 0 0};
    %jmp T_12.9;
T_12.8 ;
    %vpi_call 3 102 "$display", "Successful" {0 0 0};
    %load/vec4 v0x7feb38e4a090_0;
    %addi 1, 0, 32;
    %store/vec4 v0x7feb38e4a090_0, 0, 32;
T_12.9 ;
    %pushi/vec4 1, 0, 1;
    %store/vec4 v0x7feb38e49e60_0, 0, 1;
    %pushi/vec4 4, 0, 4;
    %store/vec4 v0x7feb38e49fe0_0, 0, 4;
    %pushi/vec4 10, 0, 5;
    %store/vec4 v0x7feb38e49d40_0, 0, 5;
    %pushi/vec4 1, 0, 1;
    %store/vec4 v0x7feb38e49f30_0, 0, 1;
    %pushi/vec4 3, 0, 2;
    %store/vec4 v0x7feb38e49cb0_0, 0, 2;
    %delay 10000, 0;
    %pushi/vec4 0, 0, 1;
    %store/vec4 v0x7feb38e49e60_0, 0, 1;
    %pushi/vec4 4, 0, 4;
    %store/vec4 v0x7feb38e49fe0_0, 0, 4;
    %pushi/vec4 10, 0, 5;
    %store/vec4 v0x7feb38e49d40_0, 0, 5;
    %pushi/vec4 1, 0, 1;
    %store/vec4 v0x7feb38e49f30_0, 0, 1;
    %pushi/vec4 3, 0, 2;
    %store/vec4 v0x7feb38e49cb0_0, 0, 2;
    %delay 10000, 0;
    %load/vec4 v0x7feb38e49dd0_0;
    %cmpi/ne 305, 0, 9;
    %jmp/0xz  T_12.10, 4;
    %vpi_call 3 112 "$display", "Error occured" {0 0 0};
    %jmp T_12.11;
T_12.10 ;
    %vpi_call 3 115 "$display", "Successful" {0 0 0};
    %load/vec4 v0x7feb38e4a090_0;
    %addi 1, 0, 32;
    %store/vec4 v0x7feb38e4a090_0, 0, 32;
T_12.11 ;
    %pushi/vec4 1, 0, 1;
    %store/vec4 v0x7feb38e49e60_0, 0, 1;
    %pushi/vec4 6, 0, 4;
    %store/vec4 v0x7feb38e49fe0_0, 0, 4;
    %pushi/vec4 13, 0, 5;
    %store/vec4 v0x7feb38e49d40_0, 0, 5;
    %pushi/vec4 0, 0, 1;
    %store/vec4 v0x7feb38e49f30_0, 0, 1;
    %pushi/vec4 0, 0, 2;
    %store/vec4 v0x7feb38e49cb0_0, 0, 2;
    %delay 10000, 0;
    %pushi/vec4 0, 0, 1;
    %store/vec4 v0x7feb38e49e60_0, 0, 1;
    %pushi/vec4 6, 0, 4;
    %store/vec4 v0x7feb38e49fe0_0, 0, 4;
    %pushi/vec4 13, 0, 5;
    %store/vec4 v0x7feb38e49d40_0, 0, 5;
    %pushi/vec4 0, 0, 1;
    %store/vec4 v0x7feb38e49f30_0, 0, 1;
    %pushi/vec4 0, 0, 2;
    %store/vec4 v0x7feb38e49cb0_0, 0, 2;
    %delay 10000, 0;
    %load/vec4 v0x7feb38e49dd0_0;
    %cmpi/ne 5, 0, 9;
    %jmp/0xz  T_12.12, 4;
    %vpi_call 3 125 "$display", "Error occured" {0 0 0};
    %jmp T_12.13;
T_12.12 ;
    %vpi_call 3 128 "$display", "Successful" {0 0 0};
    %load/vec4 v0x7feb38e4a090_0;
    %addi 1, 0, 32;
    %store/vec4 v0x7feb38e4a090_0, 0, 32;
T_12.13 ;
    %pushi/vec4 1, 0, 1;
    %store/vec4 v0x7feb38e49e60_0, 0, 1;
    %pushi/vec4 9, 0, 4;
    %store/vec4 v0x7feb38e49fe0_0, 0, 4;
    %pushi/vec4 18, 0, 5;
    %store/vec4 v0x7feb38e49d40_0, 0, 5;
    %pushi/vec4 1, 0, 1;
    %store/vec4 v0x7feb38e49f30_0, 0, 1;
    %pushi/vec4 1, 0, 2;
    %store/vec4 v0x7feb38e49cb0_0, 0, 2;
    %delay 10000, 0;
    %pushi/vec4 0, 0, 1;
    %store/vec4 v0x7feb38e49e60_0, 0, 1;
    %pushi/vec4 9, 0, 4;
    %store/vec4 v0x7feb38e49fe0_0, 0, 4;
    %pushi/vec4 18, 0, 5;
    %store/vec4 v0x7feb38e49d40_0, 0, 5;
    %pushi/vec4 1, 0, 1;
    %store/vec4 v0x7feb38e49f30_0, 0, 1;
    %pushi/vec4 1, 0, 2;
    %store/vec4 v0x7feb38e49cb0_0, 0, 2;
    %delay 10000, 0;
    %load/vec4 v0x7feb38e49dd0_0;
    %cmpi/ne 0, 0, 9;
    %jmp/0xz  T_12.14, 4;
    %vpi_call 3 138 "$display", "Error occured" {0 0 0};
    %jmp T_12.15;
T_12.14 ;
    %vpi_call 3 141 "$display", "Successful" {0 0 0};
    %load/vec4 v0x7feb38e4a090_0;
    %addi 1, 0, 32;
    %store/vec4 v0x7feb38e4a090_0, 0, 32;
T_12.15 ;
    %pushi/vec4 1, 0, 1;
    %store/vec4 v0x7feb38e49e60_0, 0, 1;
    %pushi/vec4 12, 0, 4;
    %store/vec4 v0x7feb38e49fe0_0, 0, 4;
    %pushi/vec4 25, 0, 5;
    %store/vec4 v0x7feb38e49d40_0, 0, 5;
    %pushi/vec4 0, 0, 1;
    %store/vec4 v0x7feb38e49f30_0, 0, 1;
    %pushi/vec4 2, 0, 2;
    %store/vec4 v0x7feb38e49cb0_0, 0, 2;
    %delay 10000, 0;
    %pushi/vec4 0, 0, 1;
    %store/vec4 v0x7feb38e49e60_0, 0, 1;
    %pushi/vec4 12, 0, 4;
    %store/vec4 v0x7feb38e49fe0_0, 0, 4;
    %pushi/vec4 25, 0, 5;
    %store/vec4 v0x7feb38e49d40_0, 0, 5;
    %pushi/vec4 0, 0, 1;
    %store/vec4 v0x7feb38e49f30_0, 0, 1;
    %pushi/vec4 2, 0, 2;
    %store/vec4 v0x7feb38e49cb0_0, 0, 2;
    %delay 10000, 0;
    %load/vec4 v0x7feb38e49dd0_0;
    %cmpi/ne 6, 0, 9;
    %jmp/0xz  T_12.16, 4;
    %vpi_call 3 151 "$display", "Error occured" {0 0 0};
    %jmp T_12.17;
T_12.16 ;
    %vpi_call 3 154 "$display", "Successful" {0 0 0};
    %load/vec4 v0x7feb38e4a090_0;
    %addi 1, 0, 32;
    %store/vec4 v0x7feb38e4a090_0, 0, 32;
T_12.17 ;
    %pushi/vec4 1, 0, 1;
    %store/vec4 v0x7feb38e49e60_0, 0, 1;
    %pushi/vec4 3, 0, 4;
    %store/vec4 v0x7feb38e49fe0_0, 0, 4;
    %pushi/vec4 7, 0, 5;
    %store/vec4 v0x7feb38e49d40_0, 0, 5;
    %pushi/vec4 0, 0, 1;
    %store/vec4 v0x7feb38e49f30_0, 0, 1;
    %pushi/vec4 1, 0, 2;
    %store/vec4 v0x7feb38e49cb0_0, 0, 2;
    %delay 10000, 0;
    %pushi/vec4 0, 0, 1;
    %store/vec4 v0x7feb38e49e60_0, 0, 1;
    %pushi/vec4 3, 0, 4;
    %store/vec4 v0x7feb38e49fe0_0, 0, 4;
    %pushi/vec4 7, 0, 5;
    %store/vec4 v0x7feb38e49d40_0, 0, 5;
    %pushi/vec4 0, 0, 1;
    %store/vec4 v0x7feb38e49f30_0, 0, 1;
    %pushi/vec4 1, 0, 2;
    %store/vec4 v0x7feb38e49cb0_0, 0, 2;
    %delay 10000, 0;
    %load/vec4 v0x7feb38e49dd0_0;
    %cmpi/ne 6, 0, 9;
    %jmp/0xz  T_12.18, 4;
    %vpi_call 3 164 "$display", "Error occured" {0 0 0};
    %jmp T_12.19;
T_12.18 ;
    %vpi_call 3 167 "$display", "Successful" {0 0 0};
    %load/vec4 v0x7feb38e4a090_0;
    %addi 1, 0, 32;
    %store/vec4 v0x7feb38e4a090_0, 0, 32;
T_12.19 ;
    %pushi/vec4 1, 0, 1;
    %store/vec4 v0x7feb38e49e60_0, 0, 1;
    %pushi/vec4 5, 0, 4;
    %store/vec4 v0x7feb38e49fe0_0, 0, 4;
    %pushi/vec4 11, 0, 5;
    %store/vec4 v0x7feb38e49d40_0, 0, 5;
    %pushi/vec4 1, 0, 1;
    %store/vec4 v0x7feb38e49f30_0, 0, 1;
    %pushi/vec4 2, 0, 2;
    %store/vec4 v0x7feb38e49cb0_0, 0, 2;
    %delay 10000, 0;
    %pushi/vec4 0, 0, 1;
    %store/vec4 v0x7feb38e49e60_0, 0, 1;
    %pushi/vec4 5, 0, 4;
    %store/vec4 v0x7feb38e49fe0_0, 0, 4;
    %pushi/vec4 11, 0, 5;
    %store/vec4 v0x7feb38e49d40_0, 0, 5;
    %pushi/vec4 1, 0, 1;
    %store/vec4 v0x7feb38e49f30_0, 0, 1;
    %pushi/vec4 2, 0, 2;
    %store/vec4 v0x7feb38e49cb0_0, 0, 2;
    %delay 10000, 0;
    %load/vec4 v0x7feb38e49dd0_0;
    %cmpi/ne 266, 0, 9;
    %jmp/0xz  T_12.20, 4;
    %vpi_call 3 177 "$display", "Error occured" {0 0 0};
    %jmp T_12.21;
T_12.20 ;
    %vpi_call 3 180 "$display", "Successful" {0 0 0};
    %load/vec4 v0x7feb38e4a090_0;
    %addi 1, 0, 32;
    %store/vec4 v0x7feb38e4a090_0, 0, 32;
T_12.21 ;
    %pushi/vec4 1, 0, 1;
    %store/vec4 v0x7feb38e49e60_0, 0, 1;
    %pushi/vec4 7, 0, 4;
    %store/vec4 v0x7feb38e49fe0_0, 0, 4;
    %pushi/vec4 14, 0, 5;
    %store/vec4 v0x7feb38e49d40_0, 0, 5;
    %pushi/vec4 1, 0, 1;
    %store/vec4 v0x7feb38e49f30_0, 0, 1;
    %pushi/vec4 0, 0, 2;
    %store/vec4 v0x7feb38e49cb0_0, 0, 2;
    %delay 10000, 0;
    %pushi/vec4 0, 0, 1;
    %store/vec4 v0x7feb38e49e60_0, 0, 1;
    %pushi/vec4 7, 0, 4;
    %store/vec4 v0x7feb38e49fe0_0, 0, 4;
    %pushi/vec4 14, 0, 5;
    %store/vec4 v0x7feb38e49d40_0, 0, 5;
    %pushi/vec4 1, 0, 1;
    %store/vec4 v0x7feb38e49f30_0, 0, 1;
    %pushi/vec4 0, 0, 2;
    %store/vec4 v0x7feb38e49cb0_0, 0, 2;
    %delay 10000, 0;
    %load/vec4 v0x7feb38e49dd0_0;
    %cmpi/ne 15, 0, 9;
    %jmp/0xz  T_12.22, 4;
    %vpi_call 3 188 "$display", "Error occured" {0 0 0};
    %jmp T_12.23;
T_12.22 ;
    %vpi_call 3 191 "$display", "Successful" {0 0 0};
    %load/vec4 v0x7feb38e4a090_0;
    %addi 1, 0, 32;
    %store/vec4 v0x7feb38e4a090_0, 0, 32;
T_12.23 ;
    %pushi/vec4 1, 0, 1;
    %store/vec4 v0x7feb38e49e60_0, 0, 1;
    %pushi/vec4 8, 0, 4;
    %store/vec4 v0x7feb38e49fe0_0, 0, 4;
    %pushi/vec4 17, 0, 5;
    %store/vec4 v0x7feb38e49d40_0, 0, 5;
    %pushi/vec4 1, 0, 1;
    %store/vec4 v0x7feb38e49f30_0, 0, 1;
    %pushi/vec4 3, 0, 2;
    %store/vec4 v0x7feb38e49cb0_0, 0, 2;
    %delay 10000, 0;
    %pushi/vec4 0, 0, 1;
    %store/vec4 v0x7feb38e49e60_0, 0, 1;
    %pushi/vec4 8, 0, 4;
    %store/vec4 v0x7feb38e49fe0_0, 0, 4;
    %pushi/vec4 17, 0, 5;
    %store/vec4 v0x7feb38e49d40_0, 0, 5;
    %pushi/vec4 1, 0, 1;
    %store/vec4 v0x7feb38e49f30_0, 0, 1;
    %pushi/vec4 3, 0, 2;
    %store/vec4 v0x7feb38e49cb0_0, 0, 2;
    %delay 10000, 0;
    %load/vec4 v0x7feb38e49dd0_0;
    %cmpi/ne 41, 0, 9;
    %jmp/0xz  T_12.24, 4;
    %vpi_call 3 199 "$display", "Error occured" {0 0 0};
    %jmp T_12.25;
T_12.24 ;
    %vpi_call 3 202 "$display", "Successful" {0 0 0};
    %load/vec4 v0x7feb38e4a090_0;
    %addi 1, 0, 32;
    %store/vec4 v0x7feb38e4a090_0, 0, 32;
T_12.25 ;
    %pushi/vec4 1, 0, 1;
    %store/vec4 v0x7feb38e49e60_0, 0, 1;
    %pushi/vec4 10, 0, 4;
    %store/vec4 v0x7feb38e49fe0_0, 0, 4;
    %pushi/vec4 20, 0, 5;
    %store/vec4 v0x7feb38e49d40_0, 0, 5;
    %pushi/vec4 0, 0, 1;
    %store/vec4 v0x7feb38e49f30_0, 0, 1;
    %pushi/vec4 2, 0, 2;
    %store/vec4 v0x7feb38e49cb0_0, 0, 2;
    %delay 10000, 0;
    %pushi/vec4 0, 0, 1;
    %store/vec4 v0x7feb38e49e60_0, 0, 1;
    %pushi/vec4 10, 0, 4;
    %store/vec4 v0x7feb38e49fe0_0, 0, 4;
    %pushi/vec4 20, 0, 5;
    %store/vec4 v0x7feb38e49d40_0, 0, 5;
    %pushi/vec4 0, 0, 1;
    %store/vec4 v0x7feb38e49f30_0, 0, 1;
    %pushi/vec4 2, 0, 2;
    %store/vec4 v0x7feb38e49cb0_0, 0, 2;
    %delay 10000, 0;
    %load/vec4 v0x7feb38e49dd0_0;
    %cmpi/ne 4, 0, 9;
    %jmp/0xz  T_12.26, 4;
    %vpi_call 3 210 "$display", "Error occured" {0 0 0};
    %jmp T_12.27;
T_12.26 ;
    %vpi_call 3 213 "$display", "Successful" {0 0 0};
    %load/vec4 v0x7feb38e4a090_0;
    %addi 1, 0, 32;
    %store/vec4 v0x7feb38e4a090_0, 0, 32;
T_12.27 ;
    %pushi/vec4 1, 0, 1;
    %store/vec4 v0x7feb38e49e60_0, 0, 1;
    %pushi/vec4 13, 0, 4;
    %store/vec4 v0x7feb38e49fe0_0, 0, 4;
    %pushi/vec4 26, 0, 5;
    %store/vec4 v0x7feb38e49d40_0, 0, 5;
    %pushi/vec4 1, 0, 1;
    %store/vec4 v0x7feb38e49f30_0, 0, 1;
    %pushi/vec4 3, 0, 2;
    %store/vec4 v0x7feb38e49cb0_0, 0, 2;
    %delay 10000, 0;
    %pushi/vec4 0, 0, 1;
    %store/vec4 v0x7feb38e49e60_0, 0, 1;
    %pushi/vec4 13, 0, 4;
    %store/vec4 v0x7feb38e49fe0_0, 0, 4;
    %pushi/vec4 26, 0, 5;
    %store/vec4 v0x7feb38e49d40_0, 0, 5;
    %pushi/vec4 1, 0, 1;
    %store/vec4 v0x7feb38e49f30_0, 0, 1;
    %pushi/vec4 3, 0, 2;
    %store/vec4 v0x7feb38e49cb0_0, 0, 2;
    %delay 10000, 0;
    %load/vec4 v0x7feb38e49dd0_0;
    %cmpi/ne 15, 0, 9;
    %jmp/0xz  T_12.28, 4;
    %vpi_call 3 221 "$display", "Error occured" {0 0 0};
    %jmp T_12.29;
T_12.28 ;
    %vpi_call 3 224 "$display", "Successful" {0 0 0};
    %load/vec4 v0x7feb38e4a090_0;
    %addi 1, 0, 32;
    %store/vec4 v0x7feb38e4a090_0, 0, 32;
T_12.29 ;
    %pushi/vec4 1, 0, 1;
    %store/vec4 v0x7feb38e49e60_0, 0, 1;
    %pushi/vec4 14, 0, 4;
    %store/vec4 v0x7feb38e49fe0_0, 0, 4;
    %pushi/vec4 30, 0, 5;
    %store/vec4 v0x7feb38e49d40_0, 0, 5;
    %pushi/vec4 0, 0, 1;
    %store/vec4 v0x7feb38e49f30_0, 0, 1;
    %pushi/vec4 0, 0, 2;
    %store/vec4 v0x7feb38e49cb0_0, 0, 2;
    %delay 10000, 0;
    %pushi/vec4 0, 0, 1;
    %store/vec4 v0x7feb38e49e60_0, 0, 1;
    %pushi/vec4 14, 0, 4;
    %store/vec4 v0x7feb38e49fe0_0, 0, 4;
    %pushi/vec4 30, 0, 5;
    %store/vec4 v0x7feb38e49d40_0, 0, 5;
    %pushi/vec4 0, 0, 1;
    %store/vec4 v0x7feb38e49f30_0, 0, 1;
    %pushi/vec4 0, 0, 2;
    %store/vec4 v0x7feb38e49cb0_0, 0, 2;
    %delay 10000, 0;
    %load/vec4 v0x7feb38e49dd0_0;
    %cmpi/ne 6, 0, 9;
    %jmp/0xz  T_12.30, 4;
    %vpi_call 3 232 "$display", "Error occured" {0 0 0};
    %jmp T_12.31;
T_12.30 ;
    %vpi_call 3 235 "$display", "Successful" {0 0 0};
    %load/vec4 v0x7feb38e4a090_0;
    %addi 1, 0, 32;
    %store/vec4 v0x7feb38e4a090_0, 0, 32;
T_12.31 ;
    %pushi/vec4 1, 0, 1;
    %store/vec4 v0x7feb38e49e60_0, 0, 1;
    %pushi/vec4 12, 0, 4;
    %store/vec4 v0x7feb38e49fe0_0, 0, 4;
    %pushi/vec4 25, 0, 5;
    %store/vec4 v0x7feb38e49d40_0, 0, 5;
    %pushi/vec4 0, 0, 1;
    %store/vec4 v0x7feb38e49f30_0, 0, 1;
    %pushi/vec4 2, 0, 2;
    %store/vec4 v0x7feb38e49cb0_0, 0, 2;
    %delay 10000, 0;
    %pushi/vec4 0, 0, 1;
    %store/vec4 v0x7feb38e49e60_0, 0, 1;
    %pushi/vec4 12, 0, 4;
    %store/vec4 v0x7feb38e49fe0_0, 0, 4;
    %pushi/vec4 25, 0, 5;
    %store/vec4 v0x7feb38e49d40_0, 0, 5;
    %pushi/vec4 0, 0, 1;
    %store/vec4 v0x7feb38e49f30_0, 0, 1;
    %pushi/vec4 2, 0, 2;
    %store/vec4 v0x7feb38e49cb0_0, 0, 2;
    %delay 10000, 0;
    %load/vec4 v0x7feb38e49dd0_0;
    %cmpi/ne 6, 0, 9;
    %jmp/0xz  T_12.32, 4;
    %vpi_call 3 242 "$display", "Error occured" {0 0 0};
    %jmp T_12.33;
T_12.32 ;
    %vpi_call 3 245 "$display", "Successful" {0 0 0};
    %load/vec4 v0x7feb38e4a090_0;
    %addi 1, 0, 32;
    %store/vec4 v0x7feb38e4a090_0, 0, 32;
T_12.33 ;
    %pushi/vec4 1, 0, 1;
    %store/vec4 v0x7feb38e49e60_0, 0, 1;
    %pushi/vec4 15, 0, 4;
    %store/vec4 v0x7feb38e49fe0_0, 0, 4;
    %pushi/vec4 31, 0, 5;
    %store/vec4 v0x7feb38e49d40_0, 0, 5;
    %pushi/vec4 1, 0, 1;
    %store/vec4 v0x7feb38e49f30_0, 0, 1;
    %pushi/vec4 1, 0, 2;
    %store/vec4 v0x7feb38e49cb0_0, 0, 2;
    %delay 10000, 0;
    %pushi/vec4 0, 0, 1;
    %store/vec4 v0x7feb38e49e60_0, 0, 1;
    %pushi/vec4 15, 0, 4;
    %store/vec4 v0x7feb38e49fe0_0, 0, 4;
    %pushi/vec4 31, 0, 5;
    %store/vec4 v0x7feb38e49d40_0, 0, 5;
    %pushi/vec4 1, 0, 1;
    %store/vec4 v0x7feb38e49f30_0, 0, 1;
    %pushi/vec4 1, 0, 2;
    %store/vec4 v0x7feb38e49cb0_0, 0, 2;
    %delay 10000, 0;
    %load/vec4 v0x7feb38e49dd0_0;
    %cmpi/ne 266, 0, 9;
    %jmp/0xz  T_12.34, 4;
    %vpi_call 3 252 "$display", "Error occured" {0 0 0};
    %jmp T_12.35;
T_12.34 ;
    %vpi_call 3 255 "$display", "Successful" {0 0 0};
    %load/vec4 v0x7feb38e4a090_0;
    %addi 1, 0, 32;
    %store/vec4 v0x7feb38e4a090_0, 0, 32;
T_12.35 ;
    %pushi/vec4 1, 0, 1;
    %store/vec4 v0x7feb38e49e60_0, 0, 1;
    %pushi/vec4 3, 0, 4;
    %store/vec4 v0x7feb38e49fe0_0, 0, 4;
    %pushi/vec4 25, 0, 5;
    %store/vec4 v0x7feb38e49d40_0, 0, 5;
    %pushi/vec4 0, 0, 1;
    %store/vec4 v0x7feb38e49f30_0, 0, 1;
    %pushi/vec4 2, 0, 2;
    %store/vec4 v0x7feb38e49cb0_0, 0, 2;
    %delay 10000, 0;
    %pushi/vec4 0, 0, 1;
    %store/vec4 v0x7feb38e49e60_0, 0, 1;
    %pushi/vec4 3, 0, 4;
    %store/vec4 v0x7feb38e49fe0_0, 0, 4;
    %pushi/vec4 25, 0, 5;
    %store/vec4 v0x7feb38e49d40_0, 0, 5;
    %pushi/vec4 0, 0, 1;
    %store/vec4 v0x7feb38e49f30_0, 0, 1;
    %pushi/vec4 2, 0, 2;
    %store/vec4 v0x7feb38e49cb0_0, 0, 2;
    %delay 10000, 0;
    %load/vec4 v0x7feb38e49dd0_0;
    %cmpi/ne 6, 0, 9;
    %jmp/0xz  T_12.36, 4;
    %vpi_call 3 263 "$display", "Error occured" {0 0 0};
    %jmp T_12.37;
T_12.36 ;
    %vpi_call 3 266 "$display", "Successful" {0 0 0};
    %load/vec4 v0x7feb38e4a090_0;
    %addi 1, 0, 32;
    %store/vec4 v0x7feb38e4a090_0, 0, 32;
T_12.37 ;
    %pushi/vec4 1, 0, 1;
    %store/vec4 v0x7feb38e49e60_0, 0, 1;
    %pushi/vec4 0, 0, 4;
    %store/vec4 v0x7feb38e49fe0_0, 0, 4;
    %pushi/vec4 0, 0, 5;
    %store/vec4 v0x7feb38e49d40_0, 0, 5;
    %pushi/vec4 0, 0, 1;
    %store/vec4 v0x7feb38e49f30_0, 0, 1;
    %pushi/vec4 0, 0, 2;
    %store/vec4 v0x7feb38e49cb0_0, 0, 2;
    %delay 10000, 0;
    %pushi/vec4 0, 0, 1;
    %store/vec4 v0x7feb38e49e60_0, 0, 1;
    %pushi/vec4 0, 0, 4;
    %store/vec4 v0x7feb38e49fe0_0, 0, 4;
    %pushi/vec4 0, 0, 5;
    %store/vec4 v0x7feb38e49d40_0, 0, 5;
    %pushi/vec4 0, 0, 1;
    %store/vec4 v0x7feb38e49f30_0, 0, 1;
    %pushi/vec4 0, 0, 2;
    %store/vec4 v0x7feb38e49cb0_0, 0, 2;
    %delay 10000, 0;
    %load/vec4 v0x7feb38e49dd0_0;
    %cmpi/ne 3, 0, 9;
    %jmp/0xz  T_12.38, 4;
    %vpi_call 3 274 "$display", "Error occured" {0 0 0};
    %jmp T_12.39;
T_12.38 ;
    %vpi_call 3 277 "$display", "Successful" {0 0 0};
    %load/vec4 v0x7feb38e4a090_0;
    %addi 1, 0, 32;
    %store/vec4 v0x7feb38e4a090_0, 0, 32;
T_12.39 ;
    %vpi_call 3 282 "$display", "Success Rate: %d/20", v0x7feb38e4a090_0 {0 0 0};
    %vpi_call 3 283 "$display", "Testbench was finished" {0 0 0};
    %vpi_call 3 284 "$finish" {0 0 0};
    %end;
    .thread T_12;
# The file index is used to find the file name in the following table.
:file_names 4;
    "N/A";
    "<interactive>";
    "lab4_1.v";
    "testbench_RAM.v";
