#! /usr/local/Cellar/icarus-verilog/10.2/bin/vvp
:ivl_version "10.2 (stable)" "(v10_2)";
:ivl_delay_selection "TYPICAL";
:vpi_time_precision - 12;
:vpi_module "system";
:vpi_module "vhdl_sys";
:vpi_module "v2005_math";
:vpi_module "va_math";
S_0x7fb8fec02df0 .scope module, "ic1500" "ic1500" 2 19;
 .timescale -9 -12;
    .port_info 0 /INPUT 1 "a0"
    .port_info 1 /INPUT 1 "f0"
    .port_info 2 /INPUT 1 "a1"
    .port_info 3 /INPUT 1 "f1"
    .port_info 4 /INPUT 1 "clk"
    .port_info 5 /OUTPUT 1 "q0"
    .port_info 6 /OUTPUT 1 "q1"
    .port_info 7 /OUTPUT 1 "y"
o0x10ed30008 .functor BUFZ 1, C4<z>; HiZ drive
v0x7fb8fec04b30_0 .net "a0", 0 0, o0x10ed30008;  0 drivers
o0x10ed30038 .functor BUFZ 1, C4<z>; HiZ drive
v0x7fb8fec1d4c0_0 .net "a1", 0 0, o0x10ed30038;  0 drivers
o0x10ed30068 .functor BUFZ 1, C4<z>; HiZ drive
v0x7fb8fec1d560_0 .net "clk", 0 0, o0x10ed30068;  0 drivers
o0x10ed30098 .functor BUFZ 1, C4<z>; HiZ drive
v0x7fb8fec1d5f0_0 .net "f0", 0 0, o0x10ed30098;  0 drivers
o0x10ed300c8 .functor BUFZ 1, C4<z>; HiZ drive
v0x7fb8fec1d690_0 .net "f1", 0 0, o0x10ed300c8;  0 drivers
o0x10ed300f8 .functor BUFZ 1, C4<z>; HiZ drive
v0x7fb8fec1d770_0 .net "q0", 0 0, o0x10ed300f8;  0 drivers
o0x10ed30128 .functor BUFZ 1, C4<z>; HiZ drive
v0x7fb8fec1d810_0 .net "q1", 0 0, o0x10ed30128;  0 drivers
o0x10ed30158 .functor BUFZ 1, C4<z>; HiZ drive
v0x7fb8fec1d8b0_0 .net "y", 0 0, o0x10ed30158;  0 drivers
S_0x7fb8fec049d0 .scope module, "testbench_af" "testbench_af" 3 3;
 .timescale -9 -12;
v0x7fb8fec1def0_0 .var "a", 0 0;
v0x7fb8fec1df90_0 .var "clk", 0 0;
v0x7fb8fec1e040_0 .var "f", 0 0;
v0x7fb8fec1e110_0 .net "q", 0 0, v0x7fb8fec1de10_0;  1 drivers
S_0x7fb8fec1da10 .scope module, "uut" "af" 3 14, 2 3 0, S_0x7fb8fec049d0;
 .timescale -9 -12;
    .port_info 0 /INPUT 1 "a"
    .port_info 1 /INPUT 1 "f"
    .port_info 2 /INPUT 1 "clk"
    .port_info 3 /OUTPUT 1 "q"
v0x7fb8fec1dc40_0 .net "a", 0 0, v0x7fb8fec1def0_0;  1 drivers
v0x7fb8fec1dce0_0 .net "clk", 0 0, v0x7fb8fec1df90_0;  1 drivers
v0x7fb8fec1dd80_0 .net "f", 0 0, v0x7fb8fec1e040_0;  1 drivers
v0x7fb8fec1de10_0 .var "q", 0 0;
    .scope S_0x7fb8fec1da10;
T_0 ;
    %pushi/vec4 0, 0, 1;
    %store/vec4 v0x7fb8fec1de10_0, 0, 1;
    %end;
    .thread T_0;
    .scope S_0x7fb8fec049d0;
T_1 ;
    %pushi/vec4 1, 0, 1;
    %store/vec4 v0x7fb8fec1df90_0, 0, 1;
    %end;
    .thread T_1;
    .scope S_0x7fb8fec049d0;
T_2 ;
    %delay 5000, 0;
    %load/vec4 v0x7fb8fec1df90_0;
    %inv;
    %store/vec4 v0x7fb8fec1df90_0, 0, 1;
    %jmp T_2;
    .thread T_2;
    .scope S_0x7fb8fec049d0;
T_3 ;
    %vpi_call 3 28 "$monitor", "Time=%t | a=%b f=%b | q=%b", $time, v0x7fb8fec1def0_0, v0x7fb8fec1e040_0, v0x7fb8fec1e110_0 {0 0 0};
    %pushi/vec4 0, 0, 1;
    %store/vec4 v0x7fb8fec1def0_0, 0, 1;
    %pushi/vec4 0, 0, 1;
    %store/vec4 v0x7fb8fec1e040_0, 0, 1;
    %delay 5000, 0;
    %pushi/vec4 1, 0, 1;
    %store/vec4 v0x7fb8fec1def0_0, 0, 1;
    %pushi/vec4 1, 0, 1;
    %store/vec4 v0x7fb8fec1e040_0, 0, 1;
    %delay 10000, 0;
    %load/vec4 v0x7fb8fec1e110_0;
    %pad/u 32;
    %cmpi/ne 0, 0, 32;
    %jmp/0xz  T_3.0, 4;
    %vpi_call 3 41 "$display", "Value of q after a=1 f=1 is wrong" {0 0 0};
    %jmp T_3.1;
T_3.0 ;
    %vpi_call 3 42 "$display", "Successful" {0 0 0};
T_3.1 ;
    %pushi/vec4 0, 0, 1;
    %store/vec4 v0x7fb8fec1def0_0, 0, 1;
    %pushi/vec4 1, 0, 1;
    %store/vec4 v0x7fb8fec1e040_0, 0, 1;
    %delay 10000, 0;
    %load/vec4 v0x7fb8fec1e110_0;
    %pad/u 32;
    %cmpi/ne 0, 0, 32;
    %jmp/0xz  T_3.2, 4;
    %vpi_call 3 45 "$display", "Value of q after a=0 f=1 is wrong" {0 0 0};
    %jmp T_3.3;
T_3.2 ;
    %vpi_call 3 46 "$display", "Successful" {0 0 0};
T_3.3 ;
    %pushi/vec4 1, 0, 1;
    %store/vec4 v0x7fb8fec1def0_0, 0, 1;
    %pushi/vec4 0, 0, 1;
    %store/vec4 v0x7fb8fec1e040_0, 0, 1;
    %delay 10000, 0;
    %load/vec4 v0x7fb8fec1e110_0;
    %pad/u 32;
    %cmpi/ne 1, 0, 32;
    %jmp/0xz  T_3.4, 4;
    %vpi_call 3 49 "$display", "Value of q after a=1 f=0 is wrong" {0 0 0};
    %jmp T_3.5;
T_3.4 ;
    %vpi_call 3 50 "$display", "Successful" {0 0 0};
T_3.5 ;
    %pushi/vec4 1, 0, 1;
    %store/vec4 v0x7fb8fec1def0_0, 0, 1;
    %pushi/vec4 0, 0, 1;
    %store/vec4 v0x7fb8fec1e040_0, 0, 1;
    %delay 40000, 0;
    %pushi/vec4 1, 0, 1;
    %store/vec4 v0x7fb8fec1def0_0, 0, 1;
    %pushi/vec4 1, 0, 1;
    %store/vec4 v0x7fb8fec1e040_0, 0, 1;
    %delay 40000, 0;
    %pushi/vec4 0, 0, 1;
    %store/vec4 v0x7fb8fec1def0_0, 0, 1;
    %pushi/vec4 0, 0, 1;
    %store/vec4 v0x7fb8fec1e040_0, 0, 1;
    %delay 10000, 0;
    %load/vec4 v0x7fb8fec1e110_0;
    %pad/u 32;
    %cmpi/ne 1, 0, 32;
    %jmp/0xz  T_3.6, 4;
    %vpi_call 3 59 "$display", "Value of q after a=0 f=0 is wrong" {0 0 0};
    %jmp T_3.7;
T_3.6 ;
    %vpi_call 3 60 "$display", "Successful" {0 0 0};
T_3.7 ;
    %vpi_call 3 61 "$finish" {0 0 0};
    %end;
    .thread T_3;
# The file index is used to find the file name in the following table.
:file_names 4;
    "N/A";
    "<interactive>";
    "lab3_1.v";
    "testbench_af.v";
